ARM GAS  C:\Users\samue\AppData\Local\Temp\cc0L7JdH.s 			page 1


   1              		.cpu cortex-m4
   2              		.arch armv7e-m
   3              		.fpu fpv4-sp-d16
   4              		.eabi_attribute 27, 1
   5              		.eabi_attribute 28, 1
   6              		.eabi_attribute 20, 1
   7              		.eabi_attribute 21, 1
   8              		.eabi_attribute 23, 3
   9              		.eabi_attribute 24, 1
  10              		.eabi_attribute 25, 1
  11              		.eabi_attribute 26, 1
  12              		.eabi_attribute 30, 1
  13              		.eabi_attribute 34, 1
  14              		.eabi_attribute 18, 4
  15              		.file	"accelerometer_data.c"
  16              		.text
  17              	.Ltext0:
  18              		.cfi_sections	.debug_frame
  19              		.section	.rodata.MPU6050_Init.str1.4,"aMS",%progbits,1
  20              		.align	2
  21              	.LC0:
  22 0000 53656E73 		.ascii	"Sensor Not Resp\000"
  22      6F72204E 
  22      6F742052 
  22      65737000 
  23              		.section	.text.MPU6050_Init,"ax",%progbits
  24              		.align	1
  25              		.global	MPU6050_Init
  26              		.syntax unified
  27              		.thumb
  28              		.thumb_func
  30              	MPU6050_Init:
  31              	.LFB133:
  32              		.file 1 "Core/Src/accelerometer_data.c"
   1:Core/Src/accelerometer_data.c **** /**
   2:Core/Src/accelerometer_data.c ****  * @file accelerometer_data.c
   3:Core/Src/accelerometer_data.c ****  * 
   4:Core/Src/accelerometer_data.c ****  * @author Sam Donnelly
   5:Core/Src/accelerometer_data.c ****  * 
   6:Core/Src/accelerometer_data.c ****  * @brief Functions that interact with the systems accelerometer
   7:Core/Src/accelerometer_data.c ****  * 
   8:Core/Src/accelerometer_data.c ****  * @details 
   9:Core/Src/accelerometer_data.c ****  * 
  10:Core/Src/accelerometer_data.c ****  * @version 0.1
  11:Core/Src/accelerometer_data.c ****  * @date 2022-01-18
  12:Core/Src/accelerometer_data.c ****  * 
  13:Core/Src/accelerometer_data.c ****  * @copyright Copyright (c) 2022
  14:Core/Src/accelerometer_data.c ****  * 
  15:Core/Src/accelerometer_data.c ****  */
  16:Core/Src/accelerometer_data.c **** 
  17:Core/Src/accelerometer_data.c **** //======================================================================================
  18:Core/Src/accelerometer_data.c **** // Includes
  19:Core/Src/accelerometer_data.c **** 
  20:Core/Src/accelerometer_data.c **** // #include "main.h"
  21:Core/Src/accelerometer_data.c **** #include "accelerometer_data.h"
  22:Core/Src/accelerometer_data.c **** // #include "i2c-lcd.h"
  23:Core/Src/accelerometer_data.c **** // #include "includes.h"
ARM GAS  C:\Users\samue\AppData\Local\Temp\cc0L7JdH.s 			page 2


  24:Core/Src/accelerometer_data.c **** 
  25:Core/Src/accelerometer_data.c **** //======================================================================================
  26:Core/Src/accelerometer_data.c **** 
  27:Core/Src/accelerometer_data.c **** 
  28:Core/Src/accelerometer_data.c **** //======================================================================================
  29:Core/Src/accelerometer_data.c **** // Variables 
  30:Core/Src/accelerometer_data.c **** 
  31:Core/Src/accelerometer_data.c **** extern I2C_HandleTypeDef hi2c1;  // change your handler here accordingly
  32:Core/Src/accelerometer_data.c **** 
  33:Core/Src/accelerometer_data.c **** uint8_t data[6];
  34:Core/Src/accelerometer_data.c **** float accel_data[3];
  35:Core/Src/accelerometer_data.c **** 
  36:Core/Src/accelerometer_data.c **** //======================================================================================
  37:Core/Src/accelerometer_data.c **** 
  38:Core/Src/accelerometer_data.c **** 
  39:Core/Src/accelerometer_data.c **** //======================================================================================
  40:Core/Src/accelerometer_data.c **** // Accelerometer initialization
  41:Core/Src/accelerometer_data.c **** 
  42:Core/Src/accelerometer_data.c **** void MPU6050_Init(void) {
  33              		.loc 1 42 25 view -0
  34              		.cfi_startproc
  35              		@ args = 0, pretend = 0, frame = 8
  36              		@ frame_needed = 0, uses_anonymous_args = 0
  37 0000 2DE9F041 		push	{r4, r5, r6, r7, r8, lr}
  38              	.LCFI0:
  39              		.cfi_def_cfa_offset 24
  40              		.cfi_offset 4, -24
  41              		.cfi_offset 5, -20
  42              		.cfi_offset 6, -16
  43              		.cfi_offset 7, -12
  44              		.cfi_offset 8, -8
  45              		.cfi_offset 14, -4
  46 0004 86B0     		sub	sp, sp, #24
  47              	.LCFI1:
  48              		.cfi_def_cfa_offset 48
  43:Core/Src/accelerometer_data.c **** 
  44:Core/Src/accelerometer_data.c **** 	uint8_t check;
  49              		.loc 1 44 2 view .LVU1
  45:Core/Src/accelerometer_data.c **** 	uint8_t Data;
  50              		.loc 1 45 2 view .LVU2
  46:Core/Src/accelerometer_data.c **** 
  47:Core/Src/accelerometer_data.c **** 	// check ID WHO_AM_I
  48:Core/Src/accelerometer_data.c **** 	HAL_I2C_Mem_Read(&hi2c1, MPU6050_ADDR, WHO_AM_I_REG, 1, &check, 1, 1000);
  51              		.loc 1 48 2 view .LVU3
  52 0006 4FF47A73 		mov	r3, #1000
  53 000a 0293     		str	r3, [sp, #8]
  54 000c 0123     		movs	r3, #1
  55 000e 0193     		str	r3, [sp, #4]
  56 0010 0DF11702 		add	r2, sp, #23
  57 0014 0092     		str	r2, [sp]
  58 0016 7522     		movs	r2, #117
  59 0018 D021     		movs	r1, #208
  60 001a 2348     		ldr	r0, .L6
  61 001c FFF7FEFF 		bl	HAL_I2C_Mem_Read
  62              	.LVL0:
  49:Core/Src/accelerometer_data.c **** 
  50:Core/Src/accelerometer_data.c **** 	// If the device is present
ARM GAS  C:\Users\samue\AppData\Local\Temp\cc0L7JdH.s 			page 3


  51:Core/Src/accelerometer_data.c **** 	if (check == 104) {  // 104 -> 0x68
  63              		.loc 1 51 2 view .LVU4
  64              		.loc 1 51 12 is_stmt 0 view .LVU5
  65 0020 9DF81730 		ldrb	r3, [sp, #23]	@ zero_extendqisi2
  66              		.loc 1 51 5 view .LVU6
  67 0024 682B     		cmp	r3, #104
  68 0026 09D0     		beq	.L5
  52:Core/Src/accelerometer_data.c **** 		// Power management register 0x6B we should write all 0's to wake the sensor up
  53:Core/Src/accelerometer_data.c **** 		Data = 0;
  54:Core/Src/accelerometer_data.c **** 		HAL_I2C_Mem_Write(&hi2c1, MPU6050_ADDR, PWR_MGMT_1_REG, 1, &Data, 1, 1000);
  55:Core/Src/accelerometer_data.c **** 
  56:Core/Src/accelerometer_data.c **** 		// Set DATA RATE of 1kHz by writing SMPLRT_DIV register
  57:Core/Src/accelerometer_data.c **** 		Data = 0x07;
  58:Core/Src/accelerometer_data.c **** 		HAL_I2C_Mem_Write(&hi2c1, MPU6050_ADDR, SMPLRT_DIV_REG, 1, &Data, 1, 1000);
  59:Core/Src/accelerometer_data.c **** 
  60:Core/Src/accelerometer_data.c **** 		// Set accelerometer configuration in ACCEL_CONFIG register
  61:Core/Src/accelerometer_data.c **** 		// XA_ST = 0, YA_ST = 0, ZA_ST = 0, FS_SEL = 0 -> +/- 2g
  62:Core/Src/accelerometer_data.c **** 		Data = 0x00;
  63:Core/Src/accelerometer_data.c **** 		HAL_I2C_Mem_Write(&hi2c1, MPU6050_ADDR, ACCEL_CONFIG_REG, 1, &Data, 1, 1000);
  64:Core/Src/accelerometer_data.c **** 
  65:Core/Src/accelerometer_data.c **** 		// Set gyroscope configuration in GYRO_CONFIG register
  66:Core/Src/accelerometer_data.c **** 		// XG_ST = 0, YG_ST = 0, ZG_ST = 0, FS_SEL = 0 -> +/- 250 deg/s
  67:Core/Src/accelerometer_data.c **** 		Data = 0x00;
  68:Core/Src/accelerometer_data.c **** 		HAL_I2C_Mem_Write(&hi2c1, MPU6050_ADDR, GYRO_CONFIG_REG, 1, &Data, 1, 1000);
  69:Core/Src/accelerometer_data.c **** 
  70:Core/Src/accelerometer_data.c **** 		// lcd_send_string("Initialized");
  71:Core/Src/accelerometer_data.c **** 	}
  72:Core/Src/accelerometer_data.c **** 
  73:Core/Src/accelerometer_data.c **** 	else {
  74:Core/Src/accelerometer_data.c **** 		lcd_send_string("Sensor Not Resp");
  69              		.loc 1 74 3 is_stmt 1 view .LVU7
  70 0028 2048     		ldr	r0, .L6+4
  71 002a FFF7FEFF 		bl	lcd_send_string
  72              	.LVL1:
  75:Core/Src/accelerometer_data.c **** 		HAL_Delay(5000);
  73              		.loc 1 75 3 view .LVU8
  74 002e 41F28830 		movw	r0, #5000
  75 0032 FFF7FEFF 		bl	HAL_Delay
  76              	.LVL2:
  77              	.L1:
  76:Core/Src/accelerometer_data.c **** 	}
  77:Core/Src/accelerometer_data.c **** }
  78              		.loc 1 77 1 is_stmt 0 view .LVU9
  79 0036 06B0     		add	sp, sp, #24
  80              	.LCFI2:
  81              		.cfi_remember_state
  82              		.cfi_def_cfa_offset 24
  83              		@ sp needed
  84 0038 BDE8F081 		pop	{r4, r5, r6, r7, r8, pc}
  85              	.L5:
  86              	.LCFI3:
  87              		.cfi_restore_state
  53:Core/Src/accelerometer_data.c **** 		HAL_I2C_Mem_Write(&hi2c1, MPU6050_ADDR, PWR_MGMT_1_REG, 1, &Data, 1, 1000);
  88              		.loc 1 53 3 is_stmt 1 view .LVU10
  53:Core/Src/accelerometer_data.c **** 		HAL_I2C_Mem_Write(&hi2c1, MPU6050_ADDR, PWR_MGMT_1_REG, 1, &Data, 1, 1000);
  89              		.loc 1 53 8 is_stmt 0 view .LVU11
  90 003c 4FF00008 		mov	r8, #0
ARM GAS  C:\Users\samue\AppData\Local\Temp\cc0L7JdH.s 			page 4


  91 0040 8DF81680 		strb	r8, [sp, #22]
  54:Core/Src/accelerometer_data.c **** 
  92              		.loc 1 54 3 is_stmt 1 view .LVU12
  93 0044 184D     		ldr	r5, .L6
  94 0046 4FF47A77 		mov	r7, #1000
  95 004a 0297     		str	r7, [sp, #8]
  96 004c 0124     		movs	r4, #1
  97 004e 0194     		str	r4, [sp, #4]
  98 0050 0DF11606 		add	r6, sp, #22
  99 0054 0096     		str	r6, [sp]
 100 0056 2346     		mov	r3, r4
 101 0058 6B22     		movs	r2, #107
 102 005a D021     		movs	r1, #208
 103 005c 2846     		mov	r0, r5
 104 005e FFF7FEFF 		bl	HAL_I2C_Mem_Write
 105              	.LVL3:
  57:Core/Src/accelerometer_data.c **** 		HAL_I2C_Mem_Write(&hi2c1, MPU6050_ADDR, SMPLRT_DIV_REG, 1, &Data, 1, 1000);
 106              		.loc 1 57 3 view .LVU13
  57:Core/Src/accelerometer_data.c **** 		HAL_I2C_Mem_Write(&hi2c1, MPU6050_ADDR, SMPLRT_DIV_REG, 1, &Data, 1, 1000);
 107              		.loc 1 57 8 is_stmt 0 view .LVU14
 108 0062 0723     		movs	r3, #7
 109 0064 8DF81630 		strb	r3, [sp, #22]
  58:Core/Src/accelerometer_data.c **** 
 110              		.loc 1 58 3 is_stmt 1 view .LVU15
 111 0068 0297     		str	r7, [sp, #8]
 112 006a 0194     		str	r4, [sp, #4]
 113 006c 0096     		str	r6, [sp]
 114 006e 2346     		mov	r3, r4
 115 0070 1922     		movs	r2, #25
 116 0072 D021     		movs	r1, #208
 117 0074 2846     		mov	r0, r5
 118 0076 FFF7FEFF 		bl	HAL_I2C_Mem_Write
 119              	.LVL4:
  62:Core/Src/accelerometer_data.c **** 		HAL_I2C_Mem_Write(&hi2c1, MPU6050_ADDR, ACCEL_CONFIG_REG, 1, &Data, 1, 1000);
 120              		.loc 1 62 3 view .LVU16
  62:Core/Src/accelerometer_data.c **** 		HAL_I2C_Mem_Write(&hi2c1, MPU6050_ADDR, ACCEL_CONFIG_REG, 1, &Data, 1, 1000);
 121              		.loc 1 62 8 is_stmt 0 view .LVU17
 122 007a 8DF81680 		strb	r8, [sp, #22]
  63:Core/Src/accelerometer_data.c **** 
 123              		.loc 1 63 3 is_stmt 1 view .LVU18
 124 007e 0297     		str	r7, [sp, #8]
 125 0080 0194     		str	r4, [sp, #4]
 126 0082 0096     		str	r6, [sp]
 127 0084 2346     		mov	r3, r4
 128 0086 1C22     		movs	r2, #28
 129 0088 D021     		movs	r1, #208
 130 008a 2846     		mov	r0, r5
 131 008c FFF7FEFF 		bl	HAL_I2C_Mem_Write
 132              	.LVL5:
  67:Core/Src/accelerometer_data.c **** 		HAL_I2C_Mem_Write(&hi2c1, MPU6050_ADDR, GYRO_CONFIG_REG, 1, &Data, 1, 1000);
 133              		.loc 1 67 3 view .LVU19
  67:Core/Src/accelerometer_data.c **** 		HAL_I2C_Mem_Write(&hi2c1, MPU6050_ADDR, GYRO_CONFIG_REG, 1, &Data, 1, 1000);
 134              		.loc 1 67 8 is_stmt 0 view .LVU20
 135 0090 8DF81680 		strb	r8, [sp, #22]
  68:Core/Src/accelerometer_data.c **** 
 136              		.loc 1 68 3 is_stmt 1 view .LVU21
 137 0094 0297     		str	r7, [sp, #8]
ARM GAS  C:\Users\samue\AppData\Local\Temp\cc0L7JdH.s 			page 5


 138 0096 0194     		str	r4, [sp, #4]
 139 0098 0096     		str	r6, [sp]
 140 009a 2346     		mov	r3, r4
 141 009c 1B22     		movs	r2, #27
 142 009e D021     		movs	r1, #208
 143 00a0 2846     		mov	r0, r5
 144 00a2 FFF7FEFF 		bl	HAL_I2C_Mem_Write
 145              	.LVL6:
 146 00a6 C6E7     		b	.L1
 147              	.L7:
 148              		.align	2
 149              	.L6:
 150 00a8 00000000 		.word	hi2c1
 151 00ac 00000000 		.word	.LC0
 152              		.cfi_endproc
 153              	.LFE133:
 155              		.section	.text.MPU6050_read,"ax",%progbits
 156              		.align	1
 157              		.global	MPU6050_read
 158              		.syntax unified
 159              		.thumb
 160              		.thumb_func
 162              	MPU6050_read:
 163              	.LVL7:
 164              	.LFB134:
  78:Core/Src/accelerometer_data.c **** 
  79:Core/Src/accelerometer_data.c **** //======================================================================================
  80:Core/Src/accelerometer_data.c **** 
  81:Core/Src/accelerometer_data.c **** 
  82:Core/Src/accelerometer_data.c **** //======================================================================================
  83:Core/Src/accelerometer_data.c **** // Read data from accelerometer
  84:Core/Src/accelerometer_data.c **** 
  85:Core/Src/accelerometer_data.c **** float* MPU6050_read(float CONST, uint8_t ADDR, uint8_t REG, float data_corr[]) {
 165              		.loc 1 85 80 view -0
 166              		.cfi_startproc
 167              		@ args = 0, pretend = 0, frame = 0
 168              		@ frame_needed = 0, uses_anonymous_args = 0
 169              		.loc 1 85 80 is_stmt 0 view .LVU23
 170 0000 30B5     		push	{r4, r5, lr}
 171              	.LCFI4:
 172              		.cfi_def_cfa_offset 12
 173              		.cfi_offset 4, -12
 174              		.cfi_offset 5, -8
 175              		.cfi_offset 14, -4
 176 0002 2DED028B 		vpush.64	{d8}
 177              	.LCFI5:
 178              		.cfi_def_cfa_offset 20
 179              		.cfi_offset 80, -20
 180              		.cfi_offset 81, -16
 181 0006 85B0     		sub	sp, sp, #20
 182              	.LCFI6:
 183              		.cfi_def_cfa_offset 40
 184 0008 B0EE408A 		vmov.f32	s16, s0
 185 000c 1546     		mov	r5, r2
  86:Core/Src/accelerometer_data.c **** 	// Read 6 bytes of data starting from ACCEL_XOUT_H register
  87:Core/Src/accelerometer_data.c **** 	HAL_I2C_Mem_Read(&hi2c1, ADDR, REG, 1, data, 6, 1000);
 186              		.loc 1 87 2 is_stmt 1 view .LVU24
ARM GAS  C:\Users\samue\AppData\Local\Temp\cc0L7JdH.s 			page 6


 187 000e 4FF47A73 		mov	r3, #1000
 188 0012 0293     		str	r3, [sp, #8]
 189 0014 0623     		movs	r3, #6
 190 0016 0193     		str	r3, [sp, #4]
 191 0018 1F4C     		ldr	r4, .L10
 192 001a 0094     		str	r4, [sp]
 193 001c 0123     		movs	r3, #1
 194 001e 0A46     		mov	r2, r1
 195              	.LVL8:
 196              		.loc 1 87 2 is_stmt 0 view .LVU25
 197 0020 0146     		mov	r1, r0
 198              	.LVL9:
 199              		.loc 1 87 2 view .LVU26
 200 0022 1E48     		ldr	r0, .L10+4
 201              	.LVL10:
 202              		.loc 1 87 2 view .LVU27
 203 0024 FFF7FEFF 		bl	HAL_I2C_Mem_Read
 204              	.LVL11:
  88:Core/Src/accelerometer_data.c **** 
  89:Core/Src/accelerometer_data.c **** 	accel_data[0] = ((int16_t)(data[0] << 8 | data[1]))/CONST - data_corr[0];
 205              		.loc 1 89 2 is_stmt 1 view .LVU28
 206              		.loc 1 89 33 is_stmt 0 view .LVU29
 207 0028 2278     		ldrb	r2, [r4]	@ zero_extendqisi2
 208              		.loc 1 89 48 view .LVU30
 209 002a 6378     		ldrb	r3, [r4, #1]	@ zero_extendqisi2
 210              		.loc 1 89 19 view .LVU31
 211 002c 43EA0223 		orr	r3, r3, r2, lsl #8
 212 0030 1BB2     		sxth	r3, r3
 213              		.loc 1 89 53 view .LVU32
 214 0032 07EE903A 		vmov	s15, r3	@ int
 215 0036 F8EEE77A 		vcvt.f32.s32	s15, s15
 216 003a 87EE887A 		vdiv.f32	s14, s15, s16
 217              		.loc 1 89 71 view .LVU33
 218 003e D5ED007A 		vldr.32	s15, [r5]
 219              		.loc 1 89 60 view .LVU34
 220 0042 77EE677A 		vsub.f32	s15, s14, s15
 221              		.loc 1 89 16 view .LVU35
 222 0046 1648     		ldr	r0, .L10+8
 223 0048 C0ED007A 		vstr.32	s15, [r0]
  90:Core/Src/accelerometer_data.c **** 	accel_data[1] = ((int16_t)(data[2] << 8 | data[3]))/CONST - data_corr[1];
 224              		.loc 1 90 2 is_stmt 1 view .LVU36
 225              		.loc 1 90 33 is_stmt 0 view .LVU37
 226 004c A278     		ldrb	r2, [r4, #2]	@ zero_extendqisi2
 227              		.loc 1 90 48 view .LVU38
 228 004e E378     		ldrb	r3, [r4, #3]	@ zero_extendqisi2
 229              		.loc 1 90 19 view .LVU39
 230 0050 43EA0223 		orr	r3, r3, r2, lsl #8
 231 0054 1BB2     		sxth	r3, r3
 232              		.loc 1 90 53 view .LVU40
 233 0056 07EE903A 		vmov	s15, r3	@ int
 234 005a F8EEE77A 		vcvt.f32.s32	s15, s15
 235 005e 87EE887A 		vdiv.f32	s14, s15, s16
 236              		.loc 1 90 71 view .LVU41
 237 0062 D5ED017A 		vldr.32	s15, [r5, #4]
 238              		.loc 1 90 60 view .LVU42
 239 0066 77EE677A 		vsub.f32	s15, s14, s15
 240              		.loc 1 90 16 view .LVU43
ARM GAS  C:\Users\samue\AppData\Local\Temp\cc0L7JdH.s 			page 7


 241 006a C0ED017A 		vstr.32	s15, [r0, #4]
  91:Core/Src/accelerometer_data.c **** 	accel_data[2] = ((int16_t)(data[4] << 8 | data[5]))/CONST - data_corr[2];
 242              		.loc 1 91 2 is_stmt 1 view .LVU44
 243              		.loc 1 91 33 is_stmt 0 view .LVU45
 244 006e 2279     		ldrb	r2, [r4, #4]	@ zero_extendqisi2
 245              		.loc 1 91 48 view .LVU46
 246 0070 6379     		ldrb	r3, [r4, #5]	@ zero_extendqisi2
 247              		.loc 1 91 19 view .LVU47
 248 0072 43EA0223 		orr	r3, r3, r2, lsl #8
 249 0076 1BB2     		sxth	r3, r3
 250              		.loc 1 91 53 view .LVU48
 251 0078 07EE903A 		vmov	s15, r3	@ int
 252 007c F8EEE77A 		vcvt.f32.s32	s15, s15
 253 0080 87EE887A 		vdiv.f32	s14, s15, s16
 254              		.loc 1 91 71 view .LVU49
 255 0084 D5ED027A 		vldr.32	s15, [r5, #8]
 256              		.loc 1 91 60 view .LVU50
 257 0088 77EE677A 		vsub.f32	s15, s14, s15
 258              		.loc 1 91 16 view .LVU51
 259 008c C0ED027A 		vstr.32	s15, [r0, #8]
  92:Core/Src/accelerometer_data.c **** 
  93:Core/Src/accelerometer_data.c **** 	return accel_data;
 260              		.loc 1 93 2 is_stmt 1 view .LVU52
  94:Core/Src/accelerometer_data.c **** }
 261              		.loc 1 94 1 is_stmt 0 view .LVU53
 262 0090 05B0     		add	sp, sp, #20
 263              	.LCFI7:
 264              		.cfi_def_cfa_offset 20
 265              		@ sp needed
 266 0092 BDEC028B 		vldm	sp!, {d8}
 267              	.LCFI8:
 268              		.cfi_restore 80
 269              		.cfi_restore 81
 270              		.cfi_def_cfa_offset 12
 271              	.LVL12:
 272              		.loc 1 94 1 view .LVU54
 273 0096 30BD     		pop	{r4, r5, pc}
 274              	.LVL13:
 275              	.L11:
 276              		.loc 1 94 1 view .LVU55
 277              		.align	2
 278              	.L10:
 279 0098 00000000 		.word	.LANCHOR0
 280 009c 00000000 		.word	hi2c1
 281 00a0 00000000 		.word	.LANCHOR1
 282              		.cfi_endproc
 283              	.LFE134:
 285              		.global	accel_data
 286              		.global	data
 287              		.section	.bss.accel_data,"aw",%nobits
 288              		.align	2
 289              		.set	.LANCHOR1,. + 0
 292              	accel_data:
 293 0000 00000000 		.space	12
 293      00000000 
 293      00000000 
 294              		.section	.bss.data,"aw",%nobits
ARM GAS  C:\Users\samue\AppData\Local\Temp\cc0L7JdH.s 			page 8


 295              		.align	2
 296              		.set	.LANCHOR0,. + 0
 299              	data:
 300 0000 00000000 		.space	6
 300      0000
 301              		.text
 302              	.Letext0:
 303              		.file 2 "c:\\dev_tools\\gcc-arm-none-eabi-10.3-2021.10-win32\\gcc-arm-none-eabi-10.3-2021.10\\arm-
 304              		.file 3 "c:\\dev_tools\\gcc-arm-none-eabi-10.3-2021.10-win32\\gcc-arm-none-eabi-10.3-2021.10\\arm-
 305              		.file 4 "Drivers/CMSIS/Device/ST/STM32F4xx/Include/stm32f411xe.h"
 306              		.file 5 "Drivers/STM32F4xx_HAL_Driver/Inc/stm32f4xx_hal_def.h"
 307              		.file 6 "Drivers/STM32F4xx_HAL_Driver/Inc/stm32f4xx_hal_dma.h"
 308              		.file 7 "Drivers/STM32F4xx_HAL_Driver/Inc/stm32f4xx_hal_i2c.h"
 309              		.file 8 "Core/Inc/i2c-lcd.h"
 310              		.file 9 "Drivers/STM32F4xx_HAL_Driver/Inc/stm32f4xx_hal.h"
ARM GAS  C:\Users\samue\AppData\Local\Temp\cc0L7JdH.s 			page 9


DEFINED SYMBOLS
                            *ABS*:00000000 accelerometer_data.c
C:\Users\samue\AppData\Local\Temp\cc0L7JdH.s:20     .rodata.MPU6050_Init.str1.4:00000000 $d
C:\Users\samue\AppData\Local\Temp\cc0L7JdH.s:24     .text.MPU6050_Init:00000000 $t
C:\Users\samue\AppData\Local\Temp\cc0L7JdH.s:30     .text.MPU6050_Init:00000000 MPU6050_Init
C:\Users\samue\AppData\Local\Temp\cc0L7JdH.s:150    .text.MPU6050_Init:000000a8 $d
C:\Users\samue\AppData\Local\Temp\cc0L7JdH.s:156    .text.MPU6050_read:00000000 $t
C:\Users\samue\AppData\Local\Temp\cc0L7JdH.s:162    .text.MPU6050_read:00000000 MPU6050_read
C:\Users\samue\AppData\Local\Temp\cc0L7JdH.s:279    .text.MPU6050_read:00000098 $d
C:\Users\samue\AppData\Local\Temp\cc0L7JdH.s:292    .bss.accel_data:00000000 accel_data
C:\Users\samue\AppData\Local\Temp\cc0L7JdH.s:299    .bss.data:00000000 data
C:\Users\samue\AppData\Local\Temp\cc0L7JdH.s:288    .bss.accel_data:00000000 $d
C:\Users\samue\AppData\Local\Temp\cc0L7JdH.s:295    .bss.data:00000000 $d

UNDEFINED SYMBOLS
HAL_I2C_Mem_Read
lcd_send_string
HAL_Delay
HAL_I2C_Mem_Write
hi2c1
