ARM GAS  C:\Users\samue\AppData\Local\Temp\ccaOSeQg.s 			page 1


   1              		.cpu cortex-m4
   2              		.arch armv7e-m
   3              		.fpu fpv4-sp-d16
   4              		.eabi_attribute 27, 1
   5              		.eabi_attribute 28, 1
   6              		.eabi_attribute 20, 1
   7              		.eabi_attribute 21, 1
   8              		.eabi_attribute 23, 3
   9              		.eabi_attribute 24, 1
  10              		.eabi_attribute 25, 1
  11              		.eabi_attribute 26, 1
  12              		.eabi_attribute 30, 1
  13              		.eabi_attribute 34, 1
  14              		.eabi_attribute 18, 4
  15              		.file	"fatfs.c"
  16              		.text
  17              	.Ltext0:
  18              		.cfi_sections	.debug_frame
  19              		.section	.text.MX_FATFS_Init,"ax",%progbits
  20              		.align	1
  21              		.global	MX_FATFS_Init
  22              		.syntax unified
  23              		.thumb
  24              		.thumb_func
  26              	MX_FATFS_Init:
  27              	.LFB130:
  28              		.file 1 "FATFS/App/fatfs.c"
   1:FATFS/App/fatfs.c **** /**
   2:FATFS/App/fatfs.c ****   ******************************************************************************
   3:FATFS/App/fatfs.c ****   * @file   fatfs.c
   4:FATFS/App/fatfs.c ****   * @brief  Code for fatfs applications
   5:FATFS/App/fatfs.c ****   ******************************************************************************
   6:FATFS/App/fatfs.c ****   * @attention
   7:FATFS/App/fatfs.c ****   *
   8:FATFS/App/fatfs.c ****   * <h2><center>&copy; Copyright (c) 2021 STMicroelectronics.
   9:FATFS/App/fatfs.c ****   * All rights reserved.</center></h2>
  10:FATFS/App/fatfs.c ****   *
  11:FATFS/App/fatfs.c ****   * This software component is licensed by ST under Ultimate Liberty license
  12:FATFS/App/fatfs.c ****   * SLA0044, the "License"; You may not use this file except in compliance with
  13:FATFS/App/fatfs.c ****   * the License. You may obtain a copy of the License at:
  14:FATFS/App/fatfs.c ****   *                             www.st.com/SLA0044
  15:FATFS/App/fatfs.c ****   *
  16:FATFS/App/fatfs.c ****   ******************************************************************************
  17:FATFS/App/fatfs.c ****   */
  18:FATFS/App/fatfs.c **** 
  19:FATFS/App/fatfs.c **** #include "fatfs.h"
  20:FATFS/App/fatfs.c **** 
  21:FATFS/App/fatfs.c **** uint8_t retUSER;    /* Return value for USER */
  22:FATFS/App/fatfs.c **** char USERPath[4];   /* USER logical drive path */
  23:FATFS/App/fatfs.c **** FATFS USERFatFS;    /* File system object for USER logical drive */
  24:FATFS/App/fatfs.c **** FIL USERFile;       /* File object for USER */
  25:FATFS/App/fatfs.c **** 
  26:FATFS/App/fatfs.c **** /* USER CODE BEGIN Variables */
  27:FATFS/App/fatfs.c **** 
  28:FATFS/App/fatfs.c **** /* USER CODE END Variables */
  29:FATFS/App/fatfs.c **** 
  30:FATFS/App/fatfs.c **** void MX_FATFS_Init(void)
ARM GAS  C:\Users\samue\AppData\Local\Temp\ccaOSeQg.s 			page 2


  31:FATFS/App/fatfs.c **** {
  29              		.loc 1 31 1 view -0
  30              		.cfi_startproc
  31              		@ args = 0, pretend = 0, frame = 0
  32              		@ frame_needed = 0, uses_anonymous_args = 0
  33 0000 08B5     		push	{r3, lr}
  34              	.LCFI0:
  35              		.cfi_def_cfa_offset 8
  36              		.cfi_offset 3, -8
  37              		.cfi_offset 14, -4
  32:FATFS/App/fatfs.c ****   /*## FatFS: Link the USER driver ###########################*/
  33:FATFS/App/fatfs.c ****   retUSER = FATFS_LinkDriver(&USER_Driver, USERPath);
  38              		.loc 1 33 3 view .LVU1
  39              		.loc 1 33 13 is_stmt 0 view .LVU2
  40 0002 0349     		ldr	r1, .L3
  41 0004 0348     		ldr	r0, .L3+4
  42 0006 FFF7FEFF 		bl	FATFS_LinkDriver
  43              	.LVL0:
  44              		.loc 1 33 11 view .LVU3
  45 000a 034B     		ldr	r3, .L3+8
  46 000c 1870     		strb	r0, [r3]
  34:FATFS/App/fatfs.c **** 
  35:FATFS/App/fatfs.c ****   /* USER CODE BEGIN Init */
  36:FATFS/App/fatfs.c ****   /* additional user code for init */
  37:FATFS/App/fatfs.c ****   /* USER CODE END Init */
  38:FATFS/App/fatfs.c **** }
  47              		.loc 1 38 1 view .LVU4
  48 000e 08BD     		pop	{r3, pc}
  49              	.L4:
  50              		.align	2
  51              	.L3:
  52 0010 00000000 		.word	.LANCHOR0
  53 0014 00000000 		.word	USER_Driver
  54 0018 00000000 		.word	.LANCHOR1
  55              		.cfi_endproc
  56              	.LFE130:
  58              		.section	.text.get_fattime,"ax",%progbits
  59              		.align	1
  60              		.global	get_fattime
  61              		.syntax unified
  62              		.thumb
  63              		.thumb_func
  65              	get_fattime:
  66              	.LFB131:
  39:FATFS/App/fatfs.c **** 
  40:FATFS/App/fatfs.c **** /**
  41:FATFS/App/fatfs.c ****   * @brief  Gets Time from RTC
  42:FATFS/App/fatfs.c ****   * @param  None
  43:FATFS/App/fatfs.c ****   * @retval Time in DWORD
  44:FATFS/App/fatfs.c ****   */
  45:FATFS/App/fatfs.c **** DWORD get_fattime(void)
  46:FATFS/App/fatfs.c **** {
  67              		.loc 1 46 1 is_stmt 1 view -0
  68              		.cfi_startproc
  69              		@ args = 0, pretend = 0, frame = 0
  70              		@ frame_needed = 0, uses_anonymous_args = 0
  71              		@ link register save eliminated.
ARM GAS  C:\Users\samue\AppData\Local\Temp\ccaOSeQg.s 			page 3


  47:FATFS/App/fatfs.c ****   /* USER CODE BEGIN get_fattime */
  48:FATFS/App/fatfs.c ****   return 0;
  72              		.loc 1 48 3 view .LVU6
  49:FATFS/App/fatfs.c ****   /* USER CODE END get_fattime */
  50:FATFS/App/fatfs.c **** }
  73              		.loc 1 50 1 is_stmt 0 view .LVU7
  74 0000 0020     		movs	r0, #0
  75 0002 7047     		bx	lr
  76              		.cfi_endproc
  77              	.LFE131:
  79              		.global	USERFile
  80              		.global	USERFatFS
  81              		.global	USERPath
  82              		.global	retUSER
  83              		.section	.bss.USERFatFS,"aw",%nobits
  84              		.align	2
  87              	USERFatFS:
  88 0000 00000000 		.space	4152
  88      00000000 
  88      00000000 
  88      00000000 
  88      00000000 
  89              		.section	.bss.USERFile,"aw",%nobits
  90              		.align	2
  93              	USERFile:
  94 0000 00000000 		.space	4144
  94      00000000 
  94      00000000 
  94      00000000 
  94      00000000 
  95              		.section	.bss.USERPath,"aw",%nobits
  96              		.align	2
  97              		.set	.LANCHOR0,. + 0
 100              	USERPath:
 101 0000 00000000 		.space	4
 102              		.section	.bss.retUSER,"aw",%nobits
 103              		.set	.LANCHOR1,. + 0
 106              	retUSER:
 107 0000 00       		.space	1
 108              		.text
 109              	.Letext0:
 110              		.file 2 "Middlewares/Third_Party/FatFs/src/integer.h"
 111              		.file 3 "c:\\dev_tools\\gcc-arm-none-eabi-10.3-2021.10-win32\\gcc-arm-none-eabi-10.3-2021.10\\arm-
 112              		.file 4 "c:\\dev_tools\\gcc-arm-none-eabi-10.3-2021.10-win32\\gcc-arm-none-eabi-10.3-2021.10\\arm-
 113              		.file 5 "Middlewares/Third_Party/FatFs/src/ff.h"
 114              		.file 6 "Middlewares/Third_Party/FatFs/src/diskio.h"
 115              		.file 7 "Middlewares/Third_Party/FatFs/src/ff_gen_drv.h"
 116              		.file 8 "Core/Inc/user_diskio.h"
 117              		.file 9 "FATFS/App/fatfs.h"
ARM GAS  C:\Users\samue\AppData\Local\Temp\ccaOSeQg.s 			page 4


DEFINED SYMBOLS
                            *ABS*:00000000 fatfs.c
C:\Users\samue\AppData\Local\Temp\ccaOSeQg.s:20     .text.MX_FATFS_Init:00000000 $t
C:\Users\samue\AppData\Local\Temp\ccaOSeQg.s:26     .text.MX_FATFS_Init:00000000 MX_FATFS_Init
C:\Users\samue\AppData\Local\Temp\ccaOSeQg.s:52     .text.MX_FATFS_Init:00000010 $d
C:\Users\samue\AppData\Local\Temp\ccaOSeQg.s:59     .text.get_fattime:00000000 $t
C:\Users\samue\AppData\Local\Temp\ccaOSeQg.s:65     .text.get_fattime:00000000 get_fattime
C:\Users\samue\AppData\Local\Temp\ccaOSeQg.s:93     .bss.USERFile:00000000 USERFile
C:\Users\samue\AppData\Local\Temp\ccaOSeQg.s:87     .bss.USERFatFS:00000000 USERFatFS
C:\Users\samue\AppData\Local\Temp\ccaOSeQg.s:100    .bss.USERPath:00000000 USERPath
C:\Users\samue\AppData\Local\Temp\ccaOSeQg.s:106    .bss.retUSER:00000000 retUSER
C:\Users\samue\AppData\Local\Temp\ccaOSeQg.s:84     .bss.USERFatFS:00000000 $d
C:\Users\samue\AppData\Local\Temp\ccaOSeQg.s:90     .bss.USERFile:00000000 $d
C:\Users\samue\AppData\Local\Temp\ccaOSeQg.s:96     .bss.USERPath:00000000 $d
C:\Users\samue\AppData\Local\Temp\ccaOSeQg.s:107    .bss.retUSER:00000000 $d

UNDEFINED SYMBOLS
FATFS_LinkDriver
USER_Driver
