ARM GAS  C:\Users\samue\AppData\Local\Temp\ccJ2FbBh.s 			page 1


   1              		.cpu cortex-m4
   2              		.arch armv7e-m
   3              		.fpu fpv4-sp-d16
   4              		.eabi_attribute 27, 1
   5              		.eabi_attribute 28, 1
   6              		.eabi_attribute 20, 1
   7              		.eabi_attribute 21, 1
   8              		.eabi_attribute 23, 3
   9              		.eabi_attribute 24, 1
  10              		.eabi_attribute 25, 1
  11              		.eabi_attribute 26, 1
  12              		.eabi_attribute 30, 1
  13              		.eabi_attribute 34, 1
  14              		.eabi_attribute 18, 4
  15              		.file	"main.c"
  16              		.text
  17              	.Ltext0:
  18              		.cfi_sections	.debug_frame
  19              		.section	.text.MX_GPIO_Init,"ax",%progbits
  20              		.align	1
  21              		.syntax unified
  22              		.thumb
  23              		.thumb_func
  25              	MX_GPIO_Init:
  26              	.LFB136:
  27              		.file 1 "Core/Src/main.c"
   1:Core/Src/main.c **** /* USER CODE BEGIN Header */
   2:Core/Src/main.c **** /**
   3:Core/Src/main.c ****   ******************************************************************************
   4:Core/Src/main.c ****   * @file           : main.c
   5:Core/Src/main.c ****   * @brief          : Main program body
   6:Core/Src/main.c ****   ******************************************************************************
   7:Core/Src/main.c ****   * @attention
   8:Core/Src/main.c ****   *
   9:Core/Src/main.c ****   * <h2><center>&copy; Copyright (c) 2021 STMicroelectronics.
  10:Core/Src/main.c ****   * All rights reserved.</center></h2>
  11:Core/Src/main.c ****   *
  12:Core/Src/main.c ****   * This software component is licensed by ST under BSD 3-Clause license,
  13:Core/Src/main.c ****   * the "License"; You may not use this file except in compliance with the
  14:Core/Src/main.c ****   * License. You may obtain a copy of the License at:
  15:Core/Src/main.c ****   *                        opensource.org/licenses/BSD-3-Clause
  16:Core/Src/main.c ****   *
  17:Core/Src/main.c ****   ******************************************************************************
  18:Core/Src/main.c ****   */
  19:Core/Src/main.c **** /* USER CODE END Header */
  20:Core/Src/main.c **** /* Includes ------------------------------------------------------------------*/
  21:Core/Src/main.c **** #include "main.h"
  22:Core/Src/main.c **** #include "fatfs.h"
  23:Core/Src/main.c **** 
  24:Core/Src/main.c **** /* Private includes ----------------------------------------------------------*/
  25:Core/Src/main.c **** /* USER CODE BEGIN Includes */
  26:Core/Src/main.c **** #include "main_functions.h"
  27:Core/Src/main.c **** /* USER CODE END Includes */
  28:Core/Src/main.c **** 
  29:Core/Src/main.c **** /* Private typedef -----------------------------------------------------------*/
  30:Core/Src/main.c **** /* USER CODE BEGIN PTD */
  31:Core/Src/main.c **** 
ARM GAS  C:\Users\samue\AppData\Local\Temp\ccJ2FbBh.s 			page 2


  32:Core/Src/main.c **** /* USER CODE END PTD */
  33:Core/Src/main.c **** 
  34:Core/Src/main.c **** /* Private define ------------------------------------------------------------*/
  35:Core/Src/main.c **** /* USER CODE BEGIN PD */
  36:Core/Src/main.c **** 
  37:Core/Src/main.c **** /* USER CODE END PD */
  38:Core/Src/main.c **** 
  39:Core/Src/main.c **** /* Private macro -------------------------------------------------------------*/
  40:Core/Src/main.c **** /* USER CODE BEGIN PM */
  41:Core/Src/main.c **** 
  42:Core/Src/main.c **** /* USER CODE END PM */
  43:Core/Src/main.c **** 
  44:Core/Src/main.c **** /* Private variables ---------------------------------------------------------*/
  45:Core/Src/main.c **** I2C_HandleTypeDef hi2c1;
  46:Core/Src/main.c **** 
  47:Core/Src/main.c **** SPI_HandleTypeDef hspi2;
  48:Core/Src/main.c **** 
  49:Core/Src/main.c **** UART_HandleTypeDef huart2;
  50:Core/Src/main.c **** DMA_HandleTypeDef hdma_usart2_tx;
  51:Core/Src/main.c **** 
  52:Core/Src/main.c **** /* USER CODE BEGIN PV */
  53:Core/Src/main.c **** 
  54:Core/Src/main.c **** /* USER CODE END PV */
  55:Core/Src/main.c **** 
  56:Core/Src/main.c **** /* Private function prototypes -----------------------------------------------*/
  57:Core/Src/main.c **** void SystemClock_Config(void);
  58:Core/Src/main.c **** static void MX_GPIO_Init(void);
  59:Core/Src/main.c **** static void MX_DMA_Init(void);
  60:Core/Src/main.c **** static void MX_USART2_UART_Init(void);
  61:Core/Src/main.c **** static void MX_I2C1_Init(void);
  62:Core/Src/main.c **** static void MX_SPI2_Init(void);
  63:Core/Src/main.c **** /* USER CODE BEGIN PFP */
  64:Core/Src/main.c **** 
  65:Core/Src/main.c **** /* USER CODE END PFP */
  66:Core/Src/main.c **** 
  67:Core/Src/main.c **** /* Private user code ---------------------------------------------------------*/
  68:Core/Src/main.c **** /* USER CODE BEGIN 0 */
  69:Core/Src/main.c **** 
  70:Core/Src/main.c **** /* USER CODE END 0 */
  71:Core/Src/main.c **** 
  72:Core/Src/main.c **** /**
  73:Core/Src/main.c ****   * @brief  The application entry point.
  74:Core/Src/main.c ****   * @retval int
  75:Core/Src/main.c ****   */
  76:Core/Src/main.c **** int main(void)
  77:Core/Src/main.c **** {
  78:Core/Src/main.c ****   /* USER CODE BEGIN 1 */
  79:Core/Src/main.c **** 
  80:Core/Src/main.c **** 	// state = startup_state;   // Initialize to state 0
  81:Core/Src/main.c **** 
  82:Core/Src/main.c ****   /* USER CODE END 1 */
  83:Core/Src/main.c **** 
  84:Core/Src/main.c ****   /* MCU Configuration--------------------------------------------------------*/
  85:Core/Src/main.c **** 
  86:Core/Src/main.c ****   /* Reset of all peripherals, Initializes the Flash interface and the Systick. */
  87:Core/Src/main.c ****   HAL_Init();
  88:Core/Src/main.c **** 
ARM GAS  C:\Users\samue\AppData\Local\Temp\ccJ2FbBh.s 			page 3


  89:Core/Src/main.c ****   /* USER CODE BEGIN Init */
  90:Core/Src/main.c **** 
  91:Core/Src/main.c ****   /* USER CODE END Init */
  92:Core/Src/main.c **** 
  93:Core/Src/main.c ****   /* Configure the system clock */
  94:Core/Src/main.c ****   SystemClock_Config();
  95:Core/Src/main.c **** 
  96:Core/Src/main.c ****   /* USER CODE BEGIN SysInit */
  97:Core/Src/main.c **** 
  98:Core/Src/main.c ****   /* USER CODE END SysInit */
  99:Core/Src/main.c **** 
 100:Core/Src/main.c ****   /* Initialize all configured peripherals */
 101:Core/Src/main.c ****   MX_GPIO_Init();
 102:Core/Src/main.c ****   MX_DMA_Init();
 103:Core/Src/main.c ****   MX_USART2_UART_Init();
 104:Core/Src/main.c ****   MX_I2C1_Init();
 105:Core/Src/main.c ****   MX_SPI2_Init();
 106:Core/Src/main.c ****   MX_FATFS_Init();
 107:Core/Src/main.c ****   /* USER CODE BEGIN 2 */
 108:Core/Src/main.c **** 
 109:Core/Src/main.c ****   // HAL_UART_Transmit_DMA(&huart2, (uint8_t*)msg, sizeof(msg)/sizeof(msg[0]));
 110:Core/Src/main.c **** 
 111:Core/Src/main.c ****   /* USER CODE END 2 */
 112:Core/Src/main.c **** 
 113:Core/Src/main.c ****   /* Infinite loop */
 114:Core/Src/main.c ****   /* USER CODE BEGIN WHILE */
 115:Core/Src/main.c ****   while (1)
 116:Core/Src/main.c ****   {
 117:Core/Src/main.c ****     /* USER CODE END WHILE */
 118:Core/Src/main.c **** 
 119:Core/Src/main.c ****     /* USER CODE BEGIN 3 */
 120:Core/Src/main.c ****     main_function();
 121:Core/Src/main.c ****   }
 122:Core/Src/main.c ****   /* USER CODE END 3 */
 123:Core/Src/main.c **** }
 124:Core/Src/main.c **** 
 125:Core/Src/main.c **** /**
 126:Core/Src/main.c ****   * @brief System Clock Configuration
 127:Core/Src/main.c ****   * @retval None
 128:Core/Src/main.c ****   */
 129:Core/Src/main.c **** void SystemClock_Config(void)
 130:Core/Src/main.c **** {
 131:Core/Src/main.c ****   RCC_OscInitTypeDef RCC_OscInitStruct = {0};
 132:Core/Src/main.c ****   RCC_ClkInitTypeDef RCC_ClkInitStruct = {0};
 133:Core/Src/main.c **** 
 134:Core/Src/main.c ****   /** Configure the main internal regulator output voltage
 135:Core/Src/main.c ****   */
 136:Core/Src/main.c ****   __HAL_RCC_PWR_CLK_ENABLE();
 137:Core/Src/main.c ****   __HAL_PWR_VOLTAGESCALING_CONFIG(PWR_REGULATOR_VOLTAGE_SCALE1);
 138:Core/Src/main.c ****   /** Initializes the RCC Oscillators according to the specified parameters
 139:Core/Src/main.c ****   * in the RCC_OscInitTypeDef structure.
 140:Core/Src/main.c ****   */
 141:Core/Src/main.c ****   RCC_OscInitStruct.OscillatorType = RCC_OSCILLATORTYPE_HSI;
 142:Core/Src/main.c ****   RCC_OscInitStruct.HSIState = RCC_HSI_ON;
 143:Core/Src/main.c ****   RCC_OscInitStruct.HSICalibrationValue = RCC_HSICALIBRATION_DEFAULT;
 144:Core/Src/main.c ****   RCC_OscInitStruct.PLL.PLLState = RCC_PLL_ON;
 145:Core/Src/main.c ****   RCC_OscInitStruct.PLL.PLLSource = RCC_PLLSOURCE_HSI;
ARM GAS  C:\Users\samue\AppData\Local\Temp\ccJ2FbBh.s 			page 4


 146:Core/Src/main.c ****   RCC_OscInitStruct.PLL.PLLM = 16;
 147:Core/Src/main.c ****   RCC_OscInitStruct.PLL.PLLN = 336;
 148:Core/Src/main.c ****   RCC_OscInitStruct.PLL.PLLP = RCC_PLLP_DIV4;
 149:Core/Src/main.c ****   RCC_OscInitStruct.PLL.PLLQ = 4;
 150:Core/Src/main.c ****   if (HAL_RCC_OscConfig(&RCC_OscInitStruct) != HAL_OK)
 151:Core/Src/main.c ****   {
 152:Core/Src/main.c ****     Error_Handler();
 153:Core/Src/main.c ****   }
 154:Core/Src/main.c ****   /** Initializes the CPU, AHB and APB buses clocks
 155:Core/Src/main.c ****   */
 156:Core/Src/main.c ****   RCC_ClkInitStruct.ClockType = RCC_CLOCKTYPE_HCLK|RCC_CLOCKTYPE_SYSCLK
 157:Core/Src/main.c ****                               |RCC_CLOCKTYPE_PCLK1|RCC_CLOCKTYPE_PCLK2;
 158:Core/Src/main.c ****   RCC_ClkInitStruct.SYSCLKSource = RCC_SYSCLKSOURCE_PLLCLK;
 159:Core/Src/main.c ****   RCC_ClkInitStruct.AHBCLKDivider = RCC_SYSCLK_DIV1;
 160:Core/Src/main.c ****   RCC_ClkInitStruct.APB1CLKDivider = RCC_HCLK_DIV2;
 161:Core/Src/main.c ****   RCC_ClkInitStruct.APB2CLKDivider = RCC_HCLK_DIV1;
 162:Core/Src/main.c **** 
 163:Core/Src/main.c ****   if (HAL_RCC_ClockConfig(&RCC_ClkInitStruct, FLASH_LATENCY_2) != HAL_OK)
 164:Core/Src/main.c ****   {
 165:Core/Src/main.c ****     Error_Handler();
 166:Core/Src/main.c ****   }
 167:Core/Src/main.c **** }
 168:Core/Src/main.c **** 
 169:Core/Src/main.c **** /**
 170:Core/Src/main.c ****   * @brief I2C1 Initialization Function
 171:Core/Src/main.c ****   * @param None
 172:Core/Src/main.c ****   * @retval None
 173:Core/Src/main.c ****   */
 174:Core/Src/main.c **** static void MX_I2C1_Init(void)
 175:Core/Src/main.c **** {
 176:Core/Src/main.c **** 
 177:Core/Src/main.c ****   /* USER CODE BEGIN I2C1_Init 0 */
 178:Core/Src/main.c **** 
 179:Core/Src/main.c ****   /* USER CODE END I2C1_Init 0 */
 180:Core/Src/main.c **** 
 181:Core/Src/main.c ****   /* USER CODE BEGIN I2C1_Init 1 */
 182:Core/Src/main.c **** 
 183:Core/Src/main.c ****   /* USER CODE END I2C1_Init 1 */
 184:Core/Src/main.c ****   hi2c1.Instance = I2C1;
 185:Core/Src/main.c ****   hi2c1.Init.ClockSpeed = 100000;
 186:Core/Src/main.c ****   hi2c1.Init.DutyCycle = I2C_DUTYCYCLE_2;
 187:Core/Src/main.c ****   hi2c1.Init.OwnAddress1 = 0;
 188:Core/Src/main.c ****   hi2c1.Init.AddressingMode = I2C_ADDRESSINGMODE_7BIT;
 189:Core/Src/main.c ****   hi2c1.Init.DualAddressMode = I2C_DUALADDRESS_DISABLE;
 190:Core/Src/main.c ****   hi2c1.Init.OwnAddress2 = 0;
 191:Core/Src/main.c ****   hi2c1.Init.GeneralCallMode = I2C_GENERALCALL_DISABLE;
 192:Core/Src/main.c ****   hi2c1.Init.NoStretchMode = I2C_NOSTRETCH_DISABLE;
 193:Core/Src/main.c ****   if (HAL_I2C_Init(&hi2c1) != HAL_OK)
 194:Core/Src/main.c ****   {
 195:Core/Src/main.c ****     Error_Handler();
 196:Core/Src/main.c ****   }
 197:Core/Src/main.c ****   /* USER CODE BEGIN I2C1_Init 2 */
 198:Core/Src/main.c **** 
 199:Core/Src/main.c ****   /* USER CODE END I2C1_Init 2 */
 200:Core/Src/main.c **** 
 201:Core/Src/main.c **** }
 202:Core/Src/main.c **** 
ARM GAS  C:\Users\samue\AppData\Local\Temp\ccJ2FbBh.s 			page 5


 203:Core/Src/main.c **** /**
 204:Core/Src/main.c ****   * @brief SPI2 Initialization Function
 205:Core/Src/main.c ****   * @param None
 206:Core/Src/main.c ****   * @retval None
 207:Core/Src/main.c ****   */
 208:Core/Src/main.c **** static void MX_SPI2_Init(void)
 209:Core/Src/main.c **** {
 210:Core/Src/main.c **** 
 211:Core/Src/main.c ****   /* USER CODE BEGIN SPI2_Init 0 */
 212:Core/Src/main.c **** 
 213:Core/Src/main.c ****   /* USER CODE END SPI2_Init 0 */
 214:Core/Src/main.c **** 
 215:Core/Src/main.c ****   /* USER CODE BEGIN SPI2_Init 1 */
 216:Core/Src/main.c **** 
 217:Core/Src/main.c ****   /* USER CODE END SPI2_Init 1 */
 218:Core/Src/main.c ****   /* SPI2 parameter configuration*/
 219:Core/Src/main.c ****   hspi2.Instance = SPI2;
 220:Core/Src/main.c ****   hspi2.Init.Mode = SPI_MODE_MASTER;
 221:Core/Src/main.c ****   hspi2.Init.Direction = SPI_DIRECTION_2LINES;
 222:Core/Src/main.c ****   hspi2.Init.DataSize = SPI_DATASIZE_8BIT;
 223:Core/Src/main.c ****   hspi2.Init.CLKPolarity = SPI_POLARITY_LOW;
 224:Core/Src/main.c ****   hspi2.Init.CLKPhase = SPI_PHASE_1EDGE;
 225:Core/Src/main.c ****   hspi2.Init.NSS = SPI_NSS_SOFT;
 226:Core/Src/main.c ****   hspi2.Init.BaudRatePrescaler = SPI_BAUDRATEPRESCALER_8;
 227:Core/Src/main.c ****   hspi2.Init.FirstBit = SPI_FIRSTBIT_MSB;
 228:Core/Src/main.c ****   hspi2.Init.TIMode = SPI_TIMODE_DISABLE;
 229:Core/Src/main.c ****   hspi2.Init.CRCCalculation = SPI_CRCCALCULATION_DISABLE;
 230:Core/Src/main.c ****   hspi2.Init.CRCPolynomial = 10;
 231:Core/Src/main.c ****   if (HAL_SPI_Init(&hspi2) != HAL_OK)
 232:Core/Src/main.c ****   {
 233:Core/Src/main.c ****     Error_Handler();
 234:Core/Src/main.c ****   }
 235:Core/Src/main.c ****   /* USER CODE BEGIN SPI2_Init 2 */
 236:Core/Src/main.c **** 
 237:Core/Src/main.c ****   /* USER CODE END SPI2_Init 2 */
 238:Core/Src/main.c **** 
 239:Core/Src/main.c **** }
 240:Core/Src/main.c **** 
 241:Core/Src/main.c **** /**
 242:Core/Src/main.c ****   * @brief USART2 Initialization Function
 243:Core/Src/main.c ****   * @param None
 244:Core/Src/main.c ****   * @retval None
 245:Core/Src/main.c ****   */
 246:Core/Src/main.c **** static void MX_USART2_UART_Init(void)
 247:Core/Src/main.c **** {
 248:Core/Src/main.c **** 
 249:Core/Src/main.c ****   /* USER CODE BEGIN USART2_Init 0 */
 250:Core/Src/main.c **** 
 251:Core/Src/main.c ****   /* USER CODE END USART2_Init 0 */
 252:Core/Src/main.c **** 
 253:Core/Src/main.c ****   /* USER CODE BEGIN USART2_Init 1 */
 254:Core/Src/main.c **** 
 255:Core/Src/main.c ****   /* USER CODE END USART2_Init 1 */
 256:Core/Src/main.c ****   huart2.Instance = USART2;
 257:Core/Src/main.c ****   huart2.Init.BaudRate = 115200;
 258:Core/Src/main.c ****   huart2.Init.WordLength = UART_WORDLENGTH_8B;
 259:Core/Src/main.c ****   huart2.Init.StopBits = UART_STOPBITS_1;
ARM GAS  C:\Users\samue\AppData\Local\Temp\ccJ2FbBh.s 			page 6


 260:Core/Src/main.c ****   huart2.Init.Parity = UART_PARITY_NONE;
 261:Core/Src/main.c ****   huart2.Init.Mode = UART_MODE_TX_RX;
 262:Core/Src/main.c ****   huart2.Init.HwFlowCtl = UART_HWCONTROL_NONE;
 263:Core/Src/main.c ****   huart2.Init.OverSampling = UART_OVERSAMPLING_16;
 264:Core/Src/main.c ****   if (HAL_UART_Init(&huart2) != HAL_OK)
 265:Core/Src/main.c ****   {
 266:Core/Src/main.c ****     Error_Handler();
 267:Core/Src/main.c ****   }
 268:Core/Src/main.c ****   /* USER CODE BEGIN USART2_Init 2 */
 269:Core/Src/main.c **** 
 270:Core/Src/main.c ****   /* USER CODE END USART2_Init 2 */
 271:Core/Src/main.c **** 
 272:Core/Src/main.c **** }
 273:Core/Src/main.c **** 
 274:Core/Src/main.c **** /**
 275:Core/Src/main.c ****   * Enable DMA controller clock
 276:Core/Src/main.c ****   */
 277:Core/Src/main.c **** static void MX_DMA_Init(void)
 278:Core/Src/main.c **** {
 279:Core/Src/main.c **** 
 280:Core/Src/main.c ****   /* DMA controller clock enable */
 281:Core/Src/main.c ****   __HAL_RCC_DMA1_CLK_ENABLE();
 282:Core/Src/main.c **** 
 283:Core/Src/main.c ****   /* DMA interrupt init */
 284:Core/Src/main.c ****   /* DMA1_Stream6_IRQn interrupt configuration */
 285:Core/Src/main.c ****   HAL_NVIC_SetPriority(DMA1_Stream6_IRQn, 0, 0);
 286:Core/Src/main.c ****   HAL_NVIC_EnableIRQ(DMA1_Stream6_IRQn);
 287:Core/Src/main.c **** 
 288:Core/Src/main.c **** }
 289:Core/Src/main.c **** 
 290:Core/Src/main.c **** /**
 291:Core/Src/main.c ****   * @brief GPIO Initialization Function
 292:Core/Src/main.c ****   * @param None
 293:Core/Src/main.c ****   * @retval None
 294:Core/Src/main.c ****   */
 295:Core/Src/main.c **** static void MX_GPIO_Init(void)
 296:Core/Src/main.c **** {
  28              		.loc 1 296 1 view -0
  29              		.cfi_startproc
  30              		@ args = 0, pretend = 0, frame = 40
  31              		@ frame_needed = 0, uses_anonymous_args = 0
  32 0000 2DE9F041 		push	{r4, r5, r6, r7, r8, lr}
  33              	.LCFI0:
  34              		.cfi_def_cfa_offset 24
  35              		.cfi_offset 4, -24
  36              		.cfi_offset 5, -20
  37              		.cfi_offset 6, -16
  38              		.cfi_offset 7, -12
  39              		.cfi_offset 8, -8
  40              		.cfi_offset 14, -4
  41 0004 8AB0     		sub	sp, sp, #40
  42              	.LCFI1:
  43              		.cfi_def_cfa_offset 64
 297:Core/Src/main.c ****   GPIO_InitTypeDef GPIO_InitStruct = {0};
  44              		.loc 1 297 3 view .LVU1
  45              		.loc 1 297 20 is_stmt 0 view .LVU2
  46 0006 0024     		movs	r4, #0
ARM GAS  C:\Users\samue\AppData\Local\Temp\ccJ2FbBh.s 			page 7


  47 0008 0594     		str	r4, [sp, #20]
  48 000a 0694     		str	r4, [sp, #24]
  49 000c 0794     		str	r4, [sp, #28]
  50 000e 0894     		str	r4, [sp, #32]
  51 0010 0994     		str	r4, [sp, #36]
 298:Core/Src/main.c **** 
 299:Core/Src/main.c ****   /* GPIO Ports Clock Enable */
 300:Core/Src/main.c ****   __HAL_RCC_GPIOC_CLK_ENABLE();
  52              		.loc 1 300 3 is_stmt 1 view .LVU3
  53              	.LBB4:
  54              		.loc 1 300 3 view .LVU4
  55 0012 0194     		str	r4, [sp, #4]
  56              		.loc 1 300 3 view .LVU5
  57 0014 344B     		ldr	r3, .L3
  58 0016 1A6B     		ldr	r2, [r3, #48]
  59 0018 42F00402 		orr	r2, r2, #4
  60 001c 1A63     		str	r2, [r3, #48]
  61              		.loc 1 300 3 view .LVU6
  62 001e 1A6B     		ldr	r2, [r3, #48]
  63 0020 02F00402 		and	r2, r2, #4
  64 0024 0192     		str	r2, [sp, #4]
  65              		.loc 1 300 3 view .LVU7
  66 0026 019A     		ldr	r2, [sp, #4]
  67              	.LBE4:
  68              		.loc 1 300 3 view .LVU8
 301:Core/Src/main.c ****   __HAL_RCC_GPIOH_CLK_ENABLE();
  69              		.loc 1 301 3 view .LVU9
  70              	.LBB5:
  71              		.loc 1 301 3 view .LVU10
  72 0028 0294     		str	r4, [sp, #8]
  73              		.loc 1 301 3 view .LVU11
  74 002a 1A6B     		ldr	r2, [r3, #48]
  75 002c 42F08002 		orr	r2, r2, #128
  76 0030 1A63     		str	r2, [r3, #48]
  77              		.loc 1 301 3 view .LVU12
  78 0032 1A6B     		ldr	r2, [r3, #48]
  79 0034 02F08002 		and	r2, r2, #128
  80 0038 0292     		str	r2, [sp, #8]
  81              		.loc 1 301 3 view .LVU13
  82 003a 029A     		ldr	r2, [sp, #8]
  83              	.LBE5:
  84              		.loc 1 301 3 view .LVU14
 302:Core/Src/main.c ****   __HAL_RCC_GPIOA_CLK_ENABLE();
  85              		.loc 1 302 3 view .LVU15
  86              	.LBB6:
  87              		.loc 1 302 3 view .LVU16
  88 003c 0394     		str	r4, [sp, #12]
  89              		.loc 1 302 3 view .LVU17
  90 003e 1A6B     		ldr	r2, [r3, #48]
  91 0040 42F00102 		orr	r2, r2, #1
  92 0044 1A63     		str	r2, [r3, #48]
  93              		.loc 1 302 3 view .LVU18
  94 0046 1A6B     		ldr	r2, [r3, #48]
  95 0048 02F00102 		and	r2, r2, #1
  96 004c 0392     		str	r2, [sp, #12]
  97              		.loc 1 302 3 view .LVU19
  98 004e 039A     		ldr	r2, [sp, #12]
ARM GAS  C:\Users\samue\AppData\Local\Temp\ccJ2FbBh.s 			page 8


  99              	.LBE6:
 100              		.loc 1 302 3 view .LVU20
 303:Core/Src/main.c ****   __HAL_RCC_GPIOB_CLK_ENABLE();
 101              		.loc 1 303 3 view .LVU21
 102              	.LBB7:
 103              		.loc 1 303 3 view .LVU22
 104 0050 0494     		str	r4, [sp, #16]
 105              		.loc 1 303 3 view .LVU23
 106 0052 1A6B     		ldr	r2, [r3, #48]
 107 0054 42F00202 		orr	r2, r2, #2
 108 0058 1A63     		str	r2, [r3, #48]
 109              		.loc 1 303 3 view .LVU24
 110 005a 1B6B     		ldr	r3, [r3, #48]
 111 005c 03F00203 		and	r3, r3, #2
 112 0060 0493     		str	r3, [sp, #16]
 113              		.loc 1 303 3 view .LVU25
 114 0062 049B     		ldr	r3, [sp, #16]
 115              	.LBE7:
 116              		.loc 1 303 3 view .LVU26
 304:Core/Src/main.c **** 
 305:Core/Src/main.c ****   /*Configure GPIO pin Output Level */
 306:Core/Src/main.c ****   HAL_GPIO_WritePin(LD2_GPIO_Port, LD2_Pin, GPIO_PIN_RESET);
 117              		.loc 1 306 3 view .LVU27
 118 0064 DFF88C80 		ldr	r8, .L3+12
 119 0068 2246     		mov	r2, r4
 120 006a 2021     		movs	r1, #32
 121 006c 4046     		mov	r0, r8
 122 006e FFF7FEFF 		bl	HAL_GPIO_WritePin
 123              	.LVL0:
 307:Core/Src/main.c **** 
 308:Core/Src/main.c ****   /*Configure GPIO pin Output Level */
 309:Core/Src/main.c ****   HAL_GPIO_WritePin(GPIOB, GPIO_PIN_13, GPIO_PIN_RESET);
 124              		.loc 1 309 3 view .LVU28
 125 0072 1E4D     		ldr	r5, .L3+4
 126 0074 2246     		mov	r2, r4
 127 0076 4FF40051 		mov	r1, #8192
 128 007a 2846     		mov	r0, r5
 129 007c FFF7FEFF 		bl	HAL_GPIO_WritePin
 130              	.LVL1:
 310:Core/Src/main.c **** 
 311:Core/Src/main.c ****   /*Configure GPIO pin : B1_Pin */
 312:Core/Src/main.c ****   GPIO_InitStruct.Pin = B1_Pin;
 131              		.loc 1 312 3 view .LVU29
 132              		.loc 1 312 23 is_stmt 0 view .LVU30
 133 0080 4FF40057 		mov	r7, #8192
 134 0084 0597     		str	r7, [sp, #20]
 313:Core/Src/main.c ****   GPIO_InitStruct.Mode = GPIO_MODE_IT_FALLING;
 135              		.loc 1 313 3 is_stmt 1 view .LVU31
 136              		.loc 1 313 24 is_stmt 0 view .LVU32
 137 0086 4FF40413 		mov	r3, #2162688
 138 008a 0693     		str	r3, [sp, #24]
 314:Core/Src/main.c ****   GPIO_InitStruct.Pull = GPIO_NOPULL;
 139              		.loc 1 314 3 is_stmt 1 view .LVU33
 140              		.loc 1 314 24 is_stmt 0 view .LVU34
 141 008c 0794     		str	r4, [sp, #28]
 315:Core/Src/main.c ****   HAL_GPIO_Init(B1_GPIO_Port, &GPIO_InitStruct);
 142              		.loc 1 315 3 is_stmt 1 view .LVU35
ARM GAS  C:\Users\samue\AppData\Local\Temp\ccJ2FbBh.s 			page 9


 143 008e 184E     		ldr	r6, .L3+8
 144 0090 05A9     		add	r1, sp, #20
 145 0092 3046     		mov	r0, r6
 146 0094 FFF7FEFF 		bl	HAL_GPIO_Init
 147              	.LVL2:
 316:Core/Src/main.c **** 
 317:Core/Src/main.c ****   /*Configure GPIO pin : PC2 */
 318:Core/Src/main.c ****   GPIO_InitStruct.Pin = GPIO_PIN_2;
 148              		.loc 1 318 3 view .LVU36
 149              		.loc 1 318 23 is_stmt 0 view .LVU37
 150 0098 0423     		movs	r3, #4
 151 009a 0593     		str	r3, [sp, #20]
 319:Core/Src/main.c ****   GPIO_InitStruct.Mode = GPIO_MODE_IT_RISING;
 152              		.loc 1 319 3 is_stmt 1 view .LVU38
 153              		.loc 1 319 24 is_stmt 0 view .LVU39
 154 009c 4FF48813 		mov	r3, #1114112
 155 00a0 0693     		str	r3, [sp, #24]
 320:Core/Src/main.c ****   GPIO_InitStruct.Pull = GPIO_NOPULL;
 156              		.loc 1 320 3 is_stmt 1 view .LVU40
 157              		.loc 1 320 24 is_stmt 0 view .LVU41
 158 00a2 0794     		str	r4, [sp, #28]
 321:Core/Src/main.c ****   HAL_GPIO_Init(GPIOC, &GPIO_InitStruct);
 159              		.loc 1 321 3 is_stmt 1 view .LVU42
 160 00a4 05A9     		add	r1, sp, #20
 161 00a6 3046     		mov	r0, r6
 162 00a8 FFF7FEFF 		bl	HAL_GPIO_Init
 163              	.LVL3:
 322:Core/Src/main.c **** 
 323:Core/Src/main.c ****   /*Configure GPIO pin : LD2_Pin */
 324:Core/Src/main.c ****   GPIO_InitStruct.Pin = LD2_Pin;
 164              		.loc 1 324 3 view .LVU43
 165              		.loc 1 324 23 is_stmt 0 view .LVU44
 166 00ac 2023     		movs	r3, #32
 167 00ae 0593     		str	r3, [sp, #20]
 325:Core/Src/main.c ****   GPIO_InitStruct.Mode = GPIO_MODE_OUTPUT_PP;
 168              		.loc 1 325 3 is_stmt 1 view .LVU45
 169              		.loc 1 325 24 is_stmt 0 view .LVU46
 170 00b0 0126     		movs	r6, #1
 171 00b2 0696     		str	r6, [sp, #24]
 326:Core/Src/main.c ****   GPIO_InitStruct.Pull = GPIO_NOPULL;
 172              		.loc 1 326 3 is_stmt 1 view .LVU47
 173              		.loc 1 326 24 is_stmt 0 view .LVU48
 174 00b4 0794     		str	r4, [sp, #28]
 327:Core/Src/main.c ****   GPIO_InitStruct.Speed = GPIO_SPEED_FREQ_LOW;
 175              		.loc 1 327 3 is_stmt 1 view .LVU49
 176              		.loc 1 327 25 is_stmt 0 view .LVU50
 177 00b6 0894     		str	r4, [sp, #32]
 328:Core/Src/main.c ****   HAL_GPIO_Init(LD2_GPIO_Port, &GPIO_InitStruct);
 178              		.loc 1 328 3 is_stmt 1 view .LVU51
 179 00b8 05A9     		add	r1, sp, #20
 180 00ba 4046     		mov	r0, r8
 181 00bc FFF7FEFF 		bl	HAL_GPIO_Init
 182              	.LVL4:
 329:Core/Src/main.c **** 
 330:Core/Src/main.c ****   /*Configure GPIO pin : PB13 */
 331:Core/Src/main.c ****   GPIO_InitStruct.Pin = GPIO_PIN_13;
 183              		.loc 1 331 3 view .LVU52
ARM GAS  C:\Users\samue\AppData\Local\Temp\ccJ2FbBh.s 			page 10


 184              		.loc 1 331 23 is_stmt 0 view .LVU53
 185 00c0 0597     		str	r7, [sp, #20]
 332:Core/Src/main.c ****   GPIO_InitStruct.Mode = GPIO_MODE_OUTPUT_PP;
 186              		.loc 1 332 3 is_stmt 1 view .LVU54
 187              		.loc 1 332 24 is_stmt 0 view .LVU55
 188 00c2 0696     		str	r6, [sp, #24]
 333:Core/Src/main.c ****   GPIO_InitStruct.Pull = GPIO_NOPULL;
 189              		.loc 1 333 3 is_stmt 1 view .LVU56
 190              		.loc 1 333 24 is_stmt 0 view .LVU57
 191 00c4 0794     		str	r4, [sp, #28]
 334:Core/Src/main.c ****   GPIO_InitStruct.Speed = GPIO_SPEED_FREQ_LOW;
 192              		.loc 1 334 3 is_stmt 1 view .LVU58
 193              		.loc 1 334 25 is_stmt 0 view .LVU59
 194 00c6 0894     		str	r4, [sp, #32]
 335:Core/Src/main.c ****   HAL_GPIO_Init(GPIOB, &GPIO_InitStruct);
 195              		.loc 1 335 3 is_stmt 1 view .LVU60
 196 00c8 05A9     		add	r1, sp, #20
 197 00ca 2846     		mov	r0, r5
 198 00cc FFF7FEFF 		bl	HAL_GPIO_Init
 199              	.LVL5:
 336:Core/Src/main.c **** 
 337:Core/Src/main.c ****   /* EXTI interrupt init*/
 338:Core/Src/main.c ****   HAL_NVIC_SetPriority(EXTI2_IRQn, 0, 0);
 200              		.loc 1 338 3 view .LVU61
 201 00d0 2246     		mov	r2, r4
 202 00d2 2146     		mov	r1, r4
 203 00d4 0820     		movs	r0, #8
 204 00d6 FFF7FEFF 		bl	HAL_NVIC_SetPriority
 205              	.LVL6:
 339:Core/Src/main.c ****   HAL_NVIC_EnableIRQ(EXTI2_IRQn);
 206              		.loc 1 339 3 view .LVU62
 207 00da 0820     		movs	r0, #8
 208 00dc FFF7FEFF 		bl	HAL_NVIC_EnableIRQ
 209              	.LVL7:
 340:Core/Src/main.c **** 
 341:Core/Src/main.c **** }
 210              		.loc 1 341 1 is_stmt 0 view .LVU63
 211 00e0 0AB0     		add	sp, sp, #40
 212              	.LCFI2:
 213              		.cfi_def_cfa_offset 24
 214              		@ sp needed
 215 00e2 BDE8F081 		pop	{r4, r5, r6, r7, r8, pc}
 216              	.L4:
 217 00e6 00BF     		.align	2
 218              	.L3:
 219 00e8 00380240 		.word	1073887232
 220 00ec 00040240 		.word	1073873920
 221 00f0 00080240 		.word	1073874944
 222 00f4 00000240 		.word	1073872896
 223              		.cfi_endproc
 224              	.LFE136:
 226              		.section	.text.MX_DMA_Init,"ax",%progbits
 227              		.align	1
 228              		.syntax unified
 229              		.thumb
 230              		.thumb_func
 232              	MX_DMA_Init:
ARM GAS  C:\Users\samue\AppData\Local\Temp\ccJ2FbBh.s 			page 11


 233              	.LFB135:
 278:Core/Src/main.c **** 
 234              		.loc 1 278 1 is_stmt 1 view -0
 235              		.cfi_startproc
 236              		@ args = 0, pretend = 0, frame = 8
 237              		@ frame_needed = 0, uses_anonymous_args = 0
 238 0000 00B5     		push	{lr}
 239              	.LCFI3:
 240              		.cfi_def_cfa_offset 4
 241              		.cfi_offset 14, -4
 242 0002 83B0     		sub	sp, sp, #12
 243              	.LCFI4:
 244              		.cfi_def_cfa_offset 16
 281:Core/Src/main.c **** 
 245              		.loc 1 281 3 view .LVU65
 246              	.LBB8:
 281:Core/Src/main.c **** 
 247              		.loc 1 281 3 view .LVU66
 248 0004 0021     		movs	r1, #0
 249 0006 0191     		str	r1, [sp, #4]
 281:Core/Src/main.c **** 
 250              		.loc 1 281 3 view .LVU67
 251 0008 094B     		ldr	r3, .L7
 252 000a 1A6B     		ldr	r2, [r3, #48]
 253 000c 42F40012 		orr	r2, r2, #2097152
 254 0010 1A63     		str	r2, [r3, #48]
 281:Core/Src/main.c **** 
 255              		.loc 1 281 3 view .LVU68
 256 0012 1B6B     		ldr	r3, [r3, #48]
 257 0014 03F40013 		and	r3, r3, #2097152
 258 0018 0193     		str	r3, [sp, #4]
 281:Core/Src/main.c **** 
 259              		.loc 1 281 3 view .LVU69
 260 001a 019B     		ldr	r3, [sp, #4]
 261              	.LBE8:
 281:Core/Src/main.c **** 
 262              		.loc 1 281 3 view .LVU70
 285:Core/Src/main.c ****   HAL_NVIC_EnableIRQ(DMA1_Stream6_IRQn);
 263              		.loc 1 285 3 view .LVU71
 264 001c 0A46     		mov	r2, r1
 265 001e 1120     		movs	r0, #17
 266 0020 FFF7FEFF 		bl	HAL_NVIC_SetPriority
 267              	.LVL8:
 286:Core/Src/main.c **** 
 268              		.loc 1 286 3 view .LVU72
 269 0024 1120     		movs	r0, #17
 270 0026 FFF7FEFF 		bl	HAL_NVIC_EnableIRQ
 271              	.LVL9:
 288:Core/Src/main.c **** 
 272              		.loc 1 288 1 is_stmt 0 view .LVU73
 273 002a 03B0     		add	sp, sp, #12
 274              	.LCFI5:
 275              		.cfi_def_cfa_offset 4
 276              		@ sp needed
 277 002c 5DF804FB 		ldr	pc, [sp], #4
 278              	.L8:
 279              		.align	2
ARM GAS  C:\Users\samue\AppData\Local\Temp\ccJ2FbBh.s 			page 12


 280              	.L7:
 281 0030 00380240 		.word	1073887232
 282              		.cfi_endproc
 283              	.LFE135:
 285              		.section	.text.Error_Handler,"ax",%progbits
 286              		.align	1
 287              		.global	Error_Handler
 288              		.syntax unified
 289              		.thumb
 290              		.thumb_func
 292              	Error_Handler:
 293              	.LFB137:
 342:Core/Src/main.c **** 
 343:Core/Src/main.c **** /* USER CODE BEGIN 4 */
 344:Core/Src/main.c **** 
 345:Core/Src/main.c **** /* USER CODE END 4 */
 346:Core/Src/main.c **** 
 347:Core/Src/main.c **** /**
 348:Core/Src/main.c ****   * @brief  This function is executed in case of error occurrence.
 349:Core/Src/main.c ****   * @retval None
 350:Core/Src/main.c ****   */
 351:Core/Src/main.c **** void Error_Handler(void)
 352:Core/Src/main.c **** {
 294              		.loc 1 352 1 is_stmt 1 view -0
 295              		.cfi_startproc
 296              		@ Volatile: function does not return.
 297              		@ args = 0, pretend = 0, frame = 0
 298              		@ frame_needed = 0, uses_anonymous_args = 0
 299              		@ link register save eliminated.
 353:Core/Src/main.c ****   /* USER CODE BEGIN Error_Handler_Debug */
 354:Core/Src/main.c ****   /* User can add his own implementation to report the HAL error return state */
 355:Core/Src/main.c ****   __disable_irq();
 300              		.loc 1 355 3 view .LVU75
 301              	.LBB9:
 302              	.LBI9:
 303              		.file 2 "Drivers/CMSIS/Include/cmsis_gcc.h"
   1:Drivers/CMSIS/Include/cmsis_gcc.h **** /**************************************************************************//**
   2:Drivers/CMSIS/Include/cmsis_gcc.h ****  * @file     cmsis_gcc.h
   3:Drivers/CMSIS/Include/cmsis_gcc.h ****  * @brief    CMSIS compiler GCC header file
   4:Drivers/CMSIS/Include/cmsis_gcc.h ****  * @version  V5.0.4
   5:Drivers/CMSIS/Include/cmsis_gcc.h ****  * @date     09. April 2018
   6:Drivers/CMSIS/Include/cmsis_gcc.h ****  ******************************************************************************/
   7:Drivers/CMSIS/Include/cmsis_gcc.h **** /*
   8:Drivers/CMSIS/Include/cmsis_gcc.h ****  * Copyright (c) 2009-2018 Arm Limited. All rights reserved.
   9:Drivers/CMSIS/Include/cmsis_gcc.h ****  *
  10:Drivers/CMSIS/Include/cmsis_gcc.h ****  * SPDX-License-Identifier: Apache-2.0
  11:Drivers/CMSIS/Include/cmsis_gcc.h ****  *
  12:Drivers/CMSIS/Include/cmsis_gcc.h ****  * Licensed under the Apache License, Version 2.0 (the License); you may
  13:Drivers/CMSIS/Include/cmsis_gcc.h ****  * not use this file except in compliance with the License.
  14:Drivers/CMSIS/Include/cmsis_gcc.h ****  * You may obtain a copy of the License at
  15:Drivers/CMSIS/Include/cmsis_gcc.h ****  *
  16:Drivers/CMSIS/Include/cmsis_gcc.h ****  * www.apache.org/licenses/LICENSE-2.0
  17:Drivers/CMSIS/Include/cmsis_gcc.h ****  *
  18:Drivers/CMSIS/Include/cmsis_gcc.h ****  * Unless required by applicable law or agreed to in writing, software
  19:Drivers/CMSIS/Include/cmsis_gcc.h ****  * distributed under the License is distributed on an AS IS BASIS, WITHOUT
  20:Drivers/CMSIS/Include/cmsis_gcc.h ****  * WARRANTIES OR CONDITIONS OF ANY KIND, either express or implied.
  21:Drivers/CMSIS/Include/cmsis_gcc.h ****  * See the License for the specific language governing permissions and
ARM GAS  C:\Users\samue\AppData\Local\Temp\ccJ2FbBh.s 			page 13


  22:Drivers/CMSIS/Include/cmsis_gcc.h ****  * limitations under the License.
  23:Drivers/CMSIS/Include/cmsis_gcc.h ****  */
  24:Drivers/CMSIS/Include/cmsis_gcc.h **** 
  25:Drivers/CMSIS/Include/cmsis_gcc.h **** #ifndef __CMSIS_GCC_H
  26:Drivers/CMSIS/Include/cmsis_gcc.h **** #define __CMSIS_GCC_H
  27:Drivers/CMSIS/Include/cmsis_gcc.h **** 
  28:Drivers/CMSIS/Include/cmsis_gcc.h **** /* ignore some GCC warnings */
  29:Drivers/CMSIS/Include/cmsis_gcc.h **** #pragma GCC diagnostic push
  30:Drivers/CMSIS/Include/cmsis_gcc.h **** #pragma GCC diagnostic ignored "-Wsign-conversion"
  31:Drivers/CMSIS/Include/cmsis_gcc.h **** #pragma GCC diagnostic ignored "-Wconversion"
  32:Drivers/CMSIS/Include/cmsis_gcc.h **** #pragma GCC diagnostic ignored "-Wunused-parameter"
  33:Drivers/CMSIS/Include/cmsis_gcc.h **** 
  34:Drivers/CMSIS/Include/cmsis_gcc.h **** /* Fallback for __has_builtin */
  35:Drivers/CMSIS/Include/cmsis_gcc.h **** #ifndef __has_builtin
  36:Drivers/CMSIS/Include/cmsis_gcc.h ****   #define __has_builtin(x) (0)
  37:Drivers/CMSIS/Include/cmsis_gcc.h **** #endif
  38:Drivers/CMSIS/Include/cmsis_gcc.h **** 
  39:Drivers/CMSIS/Include/cmsis_gcc.h **** /* CMSIS compiler specific defines */
  40:Drivers/CMSIS/Include/cmsis_gcc.h **** #ifndef   __ASM
  41:Drivers/CMSIS/Include/cmsis_gcc.h ****   #define __ASM                                  __asm
  42:Drivers/CMSIS/Include/cmsis_gcc.h **** #endif
  43:Drivers/CMSIS/Include/cmsis_gcc.h **** #ifndef   __INLINE
  44:Drivers/CMSIS/Include/cmsis_gcc.h ****   #define __INLINE                               inline
  45:Drivers/CMSIS/Include/cmsis_gcc.h **** #endif
  46:Drivers/CMSIS/Include/cmsis_gcc.h **** #ifndef   __STATIC_INLINE
  47:Drivers/CMSIS/Include/cmsis_gcc.h ****   #define __STATIC_INLINE                        static inline
  48:Drivers/CMSIS/Include/cmsis_gcc.h **** #endif
  49:Drivers/CMSIS/Include/cmsis_gcc.h **** #ifndef   __STATIC_FORCEINLINE                 
  50:Drivers/CMSIS/Include/cmsis_gcc.h ****   #define __STATIC_FORCEINLINE                   __attribute__((always_inline)) static inline
  51:Drivers/CMSIS/Include/cmsis_gcc.h **** #endif                                           
  52:Drivers/CMSIS/Include/cmsis_gcc.h **** #ifndef   __NO_RETURN
  53:Drivers/CMSIS/Include/cmsis_gcc.h ****   #define __NO_RETURN                            __attribute__((__noreturn__))
  54:Drivers/CMSIS/Include/cmsis_gcc.h **** #endif
  55:Drivers/CMSIS/Include/cmsis_gcc.h **** #ifndef   __USED
  56:Drivers/CMSIS/Include/cmsis_gcc.h ****   #define __USED                                 __attribute__((used))
  57:Drivers/CMSIS/Include/cmsis_gcc.h **** #endif
  58:Drivers/CMSIS/Include/cmsis_gcc.h **** #ifndef   __WEAK
  59:Drivers/CMSIS/Include/cmsis_gcc.h ****   #define __WEAK                                 __attribute__((weak))
  60:Drivers/CMSIS/Include/cmsis_gcc.h **** #endif
  61:Drivers/CMSIS/Include/cmsis_gcc.h **** #ifndef   __PACKED
  62:Drivers/CMSIS/Include/cmsis_gcc.h ****   #define __PACKED                               __attribute__((packed, aligned(1)))
  63:Drivers/CMSIS/Include/cmsis_gcc.h **** #endif
  64:Drivers/CMSIS/Include/cmsis_gcc.h **** #ifndef   __PACKED_STRUCT
  65:Drivers/CMSIS/Include/cmsis_gcc.h ****   #define __PACKED_STRUCT                        struct __attribute__((packed, aligned(1)))
  66:Drivers/CMSIS/Include/cmsis_gcc.h **** #endif
  67:Drivers/CMSIS/Include/cmsis_gcc.h **** #ifndef   __PACKED_UNION
  68:Drivers/CMSIS/Include/cmsis_gcc.h ****   #define __PACKED_UNION                         union __attribute__((packed, aligned(1)))
  69:Drivers/CMSIS/Include/cmsis_gcc.h **** #endif
  70:Drivers/CMSIS/Include/cmsis_gcc.h **** #ifndef   __UNALIGNED_UINT32        /* deprecated */
  71:Drivers/CMSIS/Include/cmsis_gcc.h ****   #pragma GCC diagnostic push
  72:Drivers/CMSIS/Include/cmsis_gcc.h ****   #pragma GCC diagnostic ignored "-Wpacked"
  73:Drivers/CMSIS/Include/cmsis_gcc.h ****   #pragma GCC diagnostic ignored "-Wattributes"
  74:Drivers/CMSIS/Include/cmsis_gcc.h ****   struct __attribute__((packed)) T_UINT32 { uint32_t v; };
  75:Drivers/CMSIS/Include/cmsis_gcc.h ****   #pragma GCC diagnostic pop
  76:Drivers/CMSIS/Include/cmsis_gcc.h ****   #define __UNALIGNED_UINT32(x)                  (((struct T_UINT32 *)(x))->v)
  77:Drivers/CMSIS/Include/cmsis_gcc.h **** #endif
  78:Drivers/CMSIS/Include/cmsis_gcc.h **** #ifndef   __UNALIGNED_UINT16_WRITE
ARM GAS  C:\Users\samue\AppData\Local\Temp\ccJ2FbBh.s 			page 14


  79:Drivers/CMSIS/Include/cmsis_gcc.h ****   #pragma GCC diagnostic push
  80:Drivers/CMSIS/Include/cmsis_gcc.h ****   #pragma GCC diagnostic ignored "-Wpacked"
  81:Drivers/CMSIS/Include/cmsis_gcc.h ****   #pragma GCC diagnostic ignored "-Wattributes"
  82:Drivers/CMSIS/Include/cmsis_gcc.h ****   __PACKED_STRUCT T_UINT16_WRITE { uint16_t v; };
  83:Drivers/CMSIS/Include/cmsis_gcc.h ****   #pragma GCC diagnostic pop
  84:Drivers/CMSIS/Include/cmsis_gcc.h ****   #define __UNALIGNED_UINT16_WRITE(addr, val)    (void)((((struct T_UINT16_WRITE *)(void *)(addr))-
  85:Drivers/CMSIS/Include/cmsis_gcc.h **** #endif
  86:Drivers/CMSIS/Include/cmsis_gcc.h **** #ifndef   __UNALIGNED_UINT16_READ
  87:Drivers/CMSIS/Include/cmsis_gcc.h ****   #pragma GCC diagnostic push
  88:Drivers/CMSIS/Include/cmsis_gcc.h ****   #pragma GCC diagnostic ignored "-Wpacked"
  89:Drivers/CMSIS/Include/cmsis_gcc.h ****   #pragma GCC diagnostic ignored "-Wattributes"
  90:Drivers/CMSIS/Include/cmsis_gcc.h ****   __PACKED_STRUCT T_UINT16_READ { uint16_t v; };
  91:Drivers/CMSIS/Include/cmsis_gcc.h ****   #pragma GCC diagnostic pop
  92:Drivers/CMSIS/Include/cmsis_gcc.h ****   #define __UNALIGNED_UINT16_READ(addr)          (((const struct T_UINT16_READ *)(const void *)(add
  93:Drivers/CMSIS/Include/cmsis_gcc.h **** #endif
  94:Drivers/CMSIS/Include/cmsis_gcc.h **** #ifndef   __UNALIGNED_UINT32_WRITE
  95:Drivers/CMSIS/Include/cmsis_gcc.h ****   #pragma GCC diagnostic push
  96:Drivers/CMSIS/Include/cmsis_gcc.h ****   #pragma GCC diagnostic ignored "-Wpacked"
  97:Drivers/CMSIS/Include/cmsis_gcc.h ****   #pragma GCC diagnostic ignored "-Wattributes"
  98:Drivers/CMSIS/Include/cmsis_gcc.h ****   __PACKED_STRUCT T_UINT32_WRITE { uint32_t v; };
  99:Drivers/CMSIS/Include/cmsis_gcc.h ****   #pragma GCC diagnostic pop
 100:Drivers/CMSIS/Include/cmsis_gcc.h ****   #define __UNALIGNED_UINT32_WRITE(addr, val)    (void)((((struct T_UINT32_WRITE *)(void *)(addr))-
 101:Drivers/CMSIS/Include/cmsis_gcc.h **** #endif
 102:Drivers/CMSIS/Include/cmsis_gcc.h **** #ifndef   __UNALIGNED_UINT32_READ
 103:Drivers/CMSIS/Include/cmsis_gcc.h ****   #pragma GCC diagnostic push
 104:Drivers/CMSIS/Include/cmsis_gcc.h ****   #pragma GCC diagnostic ignored "-Wpacked"
 105:Drivers/CMSIS/Include/cmsis_gcc.h ****   #pragma GCC diagnostic ignored "-Wattributes"
 106:Drivers/CMSIS/Include/cmsis_gcc.h ****   __PACKED_STRUCT T_UINT32_READ { uint32_t v; };
 107:Drivers/CMSIS/Include/cmsis_gcc.h ****   #pragma GCC diagnostic pop
 108:Drivers/CMSIS/Include/cmsis_gcc.h ****   #define __UNALIGNED_UINT32_READ(addr)          (((const struct T_UINT32_READ *)(const void *)(add
 109:Drivers/CMSIS/Include/cmsis_gcc.h **** #endif
 110:Drivers/CMSIS/Include/cmsis_gcc.h **** #ifndef   __ALIGNED
 111:Drivers/CMSIS/Include/cmsis_gcc.h ****   #define __ALIGNED(x)                           __attribute__((aligned(x)))
 112:Drivers/CMSIS/Include/cmsis_gcc.h **** #endif
 113:Drivers/CMSIS/Include/cmsis_gcc.h **** #ifndef   __RESTRICT
 114:Drivers/CMSIS/Include/cmsis_gcc.h ****   #define __RESTRICT                             __restrict
 115:Drivers/CMSIS/Include/cmsis_gcc.h **** #endif
 116:Drivers/CMSIS/Include/cmsis_gcc.h **** 
 117:Drivers/CMSIS/Include/cmsis_gcc.h **** 
 118:Drivers/CMSIS/Include/cmsis_gcc.h **** /* ###########################  Core Function Access  ########################### */
 119:Drivers/CMSIS/Include/cmsis_gcc.h **** /** \ingroup  CMSIS_Core_FunctionInterface
 120:Drivers/CMSIS/Include/cmsis_gcc.h ****     \defgroup CMSIS_Core_RegAccFunctions CMSIS Core Register Access Functions
 121:Drivers/CMSIS/Include/cmsis_gcc.h ****   @{
 122:Drivers/CMSIS/Include/cmsis_gcc.h ****  */
 123:Drivers/CMSIS/Include/cmsis_gcc.h **** 
 124:Drivers/CMSIS/Include/cmsis_gcc.h **** /**
 125:Drivers/CMSIS/Include/cmsis_gcc.h ****   \brief   Enable IRQ Interrupts
 126:Drivers/CMSIS/Include/cmsis_gcc.h ****   \details Enables IRQ interrupts by clearing the I-bit in the CPSR.
 127:Drivers/CMSIS/Include/cmsis_gcc.h ****            Can only be executed in Privileged modes.
 128:Drivers/CMSIS/Include/cmsis_gcc.h ****  */
 129:Drivers/CMSIS/Include/cmsis_gcc.h **** __STATIC_FORCEINLINE void __enable_irq(void)
 130:Drivers/CMSIS/Include/cmsis_gcc.h **** {
 131:Drivers/CMSIS/Include/cmsis_gcc.h ****   __ASM volatile ("cpsie i" : : : "memory");
 132:Drivers/CMSIS/Include/cmsis_gcc.h **** }
 133:Drivers/CMSIS/Include/cmsis_gcc.h **** 
 134:Drivers/CMSIS/Include/cmsis_gcc.h **** 
 135:Drivers/CMSIS/Include/cmsis_gcc.h **** /**
ARM GAS  C:\Users\samue\AppData\Local\Temp\ccJ2FbBh.s 			page 15


 136:Drivers/CMSIS/Include/cmsis_gcc.h ****   \brief   Disable IRQ Interrupts
 137:Drivers/CMSIS/Include/cmsis_gcc.h ****   \details Disables IRQ interrupts by setting the I-bit in the CPSR.
 138:Drivers/CMSIS/Include/cmsis_gcc.h ****            Can only be executed in Privileged modes.
 139:Drivers/CMSIS/Include/cmsis_gcc.h ****  */
 140:Drivers/CMSIS/Include/cmsis_gcc.h **** __STATIC_FORCEINLINE void __disable_irq(void)
 304              		.loc 2 140 27 view .LVU76
 305              	.LBB10:
 141:Drivers/CMSIS/Include/cmsis_gcc.h **** {
 142:Drivers/CMSIS/Include/cmsis_gcc.h ****   __ASM volatile ("cpsid i" : : : "memory");
 306              		.loc 2 142 3 view .LVU77
 307              		.syntax unified
 308              	@ 142 "Drivers/CMSIS/Include/cmsis_gcc.h" 1
 309 0000 72B6     		cpsid i
 310              	@ 0 "" 2
 311              		.thumb
 312              		.syntax unified
 313              	.L10:
 314              	.LBE10:
 315              	.LBE9:
 356:Core/Src/main.c ****   while (1)
 316              		.loc 1 356 3 discriminator 1 view .LVU78
 357:Core/Src/main.c ****   {
 358:Core/Src/main.c ****   }
 317              		.loc 1 358 3 discriminator 1 view .LVU79
 356:Core/Src/main.c ****   while (1)
 318              		.loc 1 356 9 discriminator 1 view .LVU80
 319 0002 FEE7     		b	.L10
 320              		.cfi_endproc
 321              	.LFE137:
 323              		.section	.text.MX_USART2_UART_Init,"ax",%progbits
 324              		.align	1
 325              		.syntax unified
 326              		.thumb
 327              		.thumb_func
 329              	MX_USART2_UART_Init:
 330              	.LFB134:
 247:Core/Src/main.c **** 
 331              		.loc 1 247 1 view -0
 332              		.cfi_startproc
 333              		@ args = 0, pretend = 0, frame = 0
 334              		@ frame_needed = 0, uses_anonymous_args = 0
 335 0000 08B5     		push	{r3, lr}
 336              	.LCFI6:
 337              		.cfi_def_cfa_offset 8
 338              		.cfi_offset 3, -8
 339              		.cfi_offset 14, -4
 256:Core/Src/main.c ****   huart2.Init.BaudRate = 115200;
 340              		.loc 1 256 3 view .LVU82
 256:Core/Src/main.c ****   huart2.Init.BaudRate = 115200;
 341              		.loc 1 256 19 is_stmt 0 view .LVU83
 342 0002 0A48     		ldr	r0, .L15
 343 0004 0A4B     		ldr	r3, .L15+4
 344 0006 0360     		str	r3, [r0]
 257:Core/Src/main.c ****   huart2.Init.WordLength = UART_WORDLENGTH_8B;
 345              		.loc 1 257 3 is_stmt 1 view .LVU84
 257:Core/Src/main.c ****   huart2.Init.WordLength = UART_WORDLENGTH_8B;
 346              		.loc 1 257 24 is_stmt 0 view .LVU85
ARM GAS  C:\Users\samue\AppData\Local\Temp\ccJ2FbBh.s 			page 16


 347 0008 4FF4E133 		mov	r3, #115200
 348 000c 4360     		str	r3, [r0, #4]
 258:Core/Src/main.c ****   huart2.Init.StopBits = UART_STOPBITS_1;
 349              		.loc 1 258 3 is_stmt 1 view .LVU86
 258:Core/Src/main.c ****   huart2.Init.StopBits = UART_STOPBITS_1;
 350              		.loc 1 258 26 is_stmt 0 view .LVU87
 351 000e 0023     		movs	r3, #0
 352 0010 8360     		str	r3, [r0, #8]
 259:Core/Src/main.c ****   huart2.Init.Parity = UART_PARITY_NONE;
 353              		.loc 1 259 3 is_stmt 1 view .LVU88
 259:Core/Src/main.c ****   huart2.Init.Parity = UART_PARITY_NONE;
 354              		.loc 1 259 24 is_stmt 0 view .LVU89
 355 0012 C360     		str	r3, [r0, #12]
 260:Core/Src/main.c ****   huart2.Init.Mode = UART_MODE_TX_RX;
 356              		.loc 1 260 3 is_stmt 1 view .LVU90
 260:Core/Src/main.c ****   huart2.Init.Mode = UART_MODE_TX_RX;
 357              		.loc 1 260 22 is_stmt 0 view .LVU91
 358 0014 0361     		str	r3, [r0, #16]
 261:Core/Src/main.c ****   huart2.Init.HwFlowCtl = UART_HWCONTROL_NONE;
 359              		.loc 1 261 3 is_stmt 1 view .LVU92
 261:Core/Src/main.c ****   huart2.Init.HwFlowCtl = UART_HWCONTROL_NONE;
 360              		.loc 1 261 20 is_stmt 0 view .LVU93
 361 0016 0C22     		movs	r2, #12
 362 0018 4261     		str	r2, [r0, #20]
 262:Core/Src/main.c ****   huart2.Init.OverSampling = UART_OVERSAMPLING_16;
 363              		.loc 1 262 3 is_stmt 1 view .LVU94
 262:Core/Src/main.c ****   huart2.Init.OverSampling = UART_OVERSAMPLING_16;
 364              		.loc 1 262 25 is_stmt 0 view .LVU95
 365 001a 8361     		str	r3, [r0, #24]
 263:Core/Src/main.c ****   if (HAL_UART_Init(&huart2) != HAL_OK)
 366              		.loc 1 263 3 is_stmt 1 view .LVU96
 263:Core/Src/main.c ****   if (HAL_UART_Init(&huart2) != HAL_OK)
 367              		.loc 1 263 28 is_stmt 0 view .LVU97
 368 001c C361     		str	r3, [r0, #28]
 264:Core/Src/main.c ****   {
 369              		.loc 1 264 3 is_stmt 1 view .LVU98
 264:Core/Src/main.c ****   {
 370              		.loc 1 264 7 is_stmt 0 view .LVU99
 371 001e FFF7FEFF 		bl	HAL_UART_Init
 372              	.LVL10:
 264:Core/Src/main.c ****   {
 373              		.loc 1 264 6 view .LVU100
 374 0022 00B9     		cbnz	r0, .L14
 272:Core/Src/main.c **** 
 375              		.loc 1 272 1 view .LVU101
 376 0024 08BD     		pop	{r3, pc}
 377              	.L14:
 266:Core/Src/main.c ****   }
 378              		.loc 1 266 5 is_stmt 1 view .LVU102
 379 0026 FFF7FEFF 		bl	Error_Handler
 380              	.LVL11:
 381              	.L16:
 382 002a 00BF     		.align	2
 383              	.L15:
 384 002c 00000000 		.word	.LANCHOR0
 385 0030 00440040 		.word	1073759232
 386              		.cfi_endproc
ARM GAS  C:\Users\samue\AppData\Local\Temp\ccJ2FbBh.s 			page 17


 387              	.LFE134:
 389              		.section	.text.MX_I2C1_Init,"ax",%progbits
 390              		.align	1
 391              		.syntax unified
 392              		.thumb
 393              		.thumb_func
 395              	MX_I2C1_Init:
 396              	.LFB132:
 175:Core/Src/main.c **** 
 397              		.loc 1 175 1 view -0
 398              		.cfi_startproc
 399              		@ args = 0, pretend = 0, frame = 0
 400              		@ frame_needed = 0, uses_anonymous_args = 0
 401 0000 08B5     		push	{r3, lr}
 402              	.LCFI7:
 403              		.cfi_def_cfa_offset 8
 404              		.cfi_offset 3, -8
 405              		.cfi_offset 14, -4
 184:Core/Src/main.c ****   hi2c1.Init.ClockSpeed = 100000;
 406              		.loc 1 184 3 view .LVU104
 184:Core/Src/main.c ****   hi2c1.Init.ClockSpeed = 100000;
 407              		.loc 1 184 18 is_stmt 0 view .LVU105
 408 0002 0A48     		ldr	r0, .L21
 409 0004 0A4B     		ldr	r3, .L21+4
 410 0006 0360     		str	r3, [r0]
 185:Core/Src/main.c ****   hi2c1.Init.DutyCycle = I2C_DUTYCYCLE_2;
 411              		.loc 1 185 3 is_stmt 1 view .LVU106
 185:Core/Src/main.c ****   hi2c1.Init.DutyCycle = I2C_DUTYCYCLE_2;
 412              		.loc 1 185 25 is_stmt 0 view .LVU107
 413 0008 0A4B     		ldr	r3, .L21+8
 414 000a 4360     		str	r3, [r0, #4]
 186:Core/Src/main.c ****   hi2c1.Init.OwnAddress1 = 0;
 415              		.loc 1 186 3 is_stmt 1 view .LVU108
 186:Core/Src/main.c ****   hi2c1.Init.OwnAddress1 = 0;
 416              		.loc 1 186 24 is_stmt 0 view .LVU109
 417 000c 0023     		movs	r3, #0
 418 000e 8360     		str	r3, [r0, #8]
 187:Core/Src/main.c ****   hi2c1.Init.AddressingMode = I2C_ADDRESSINGMODE_7BIT;
 419              		.loc 1 187 3 is_stmt 1 view .LVU110
 187:Core/Src/main.c ****   hi2c1.Init.AddressingMode = I2C_ADDRESSINGMODE_7BIT;
 420              		.loc 1 187 26 is_stmt 0 view .LVU111
 421 0010 C360     		str	r3, [r0, #12]
 188:Core/Src/main.c ****   hi2c1.Init.DualAddressMode = I2C_DUALADDRESS_DISABLE;
 422              		.loc 1 188 3 is_stmt 1 view .LVU112
 188:Core/Src/main.c ****   hi2c1.Init.DualAddressMode = I2C_DUALADDRESS_DISABLE;
 423              		.loc 1 188 29 is_stmt 0 view .LVU113
 424 0012 4FF48042 		mov	r2, #16384
 425 0016 0261     		str	r2, [r0, #16]
 189:Core/Src/main.c ****   hi2c1.Init.OwnAddress2 = 0;
 426              		.loc 1 189 3 is_stmt 1 view .LVU114
 189:Core/Src/main.c ****   hi2c1.Init.OwnAddress2 = 0;
 427              		.loc 1 189 30 is_stmt 0 view .LVU115
 428 0018 4361     		str	r3, [r0, #20]
 190:Core/Src/main.c ****   hi2c1.Init.GeneralCallMode = I2C_GENERALCALL_DISABLE;
 429              		.loc 1 190 3 is_stmt 1 view .LVU116
 190:Core/Src/main.c ****   hi2c1.Init.GeneralCallMode = I2C_GENERALCALL_DISABLE;
 430              		.loc 1 190 26 is_stmt 0 view .LVU117
ARM GAS  C:\Users\samue\AppData\Local\Temp\ccJ2FbBh.s 			page 18


 431 001a 8361     		str	r3, [r0, #24]
 191:Core/Src/main.c ****   hi2c1.Init.NoStretchMode = I2C_NOSTRETCH_DISABLE;
 432              		.loc 1 191 3 is_stmt 1 view .LVU118
 191:Core/Src/main.c ****   hi2c1.Init.NoStretchMode = I2C_NOSTRETCH_DISABLE;
 433              		.loc 1 191 30 is_stmt 0 view .LVU119
 434 001c C361     		str	r3, [r0, #28]
 192:Core/Src/main.c ****   if (HAL_I2C_Init(&hi2c1) != HAL_OK)
 435              		.loc 1 192 3 is_stmt 1 view .LVU120
 192:Core/Src/main.c ****   if (HAL_I2C_Init(&hi2c1) != HAL_OK)
 436              		.loc 1 192 28 is_stmt 0 view .LVU121
 437 001e 0362     		str	r3, [r0, #32]
 193:Core/Src/main.c ****   {
 438              		.loc 1 193 3 is_stmt 1 view .LVU122
 193:Core/Src/main.c ****   {
 439              		.loc 1 193 7 is_stmt 0 view .LVU123
 440 0020 FFF7FEFF 		bl	HAL_I2C_Init
 441              	.LVL12:
 193:Core/Src/main.c ****   {
 442              		.loc 1 193 6 view .LVU124
 443 0024 00B9     		cbnz	r0, .L20
 201:Core/Src/main.c **** 
 444              		.loc 1 201 1 view .LVU125
 445 0026 08BD     		pop	{r3, pc}
 446              	.L20:
 195:Core/Src/main.c ****   }
 447              		.loc 1 195 5 is_stmt 1 view .LVU126
 448 0028 FFF7FEFF 		bl	Error_Handler
 449              	.LVL13:
 450              	.L22:
 451              		.align	2
 452              	.L21:
 453 002c 00000000 		.word	.LANCHOR1
 454 0030 00540040 		.word	1073763328
 455 0034 A0860100 		.word	100000
 456              		.cfi_endproc
 457              	.LFE132:
 459              		.section	.text.MX_SPI2_Init,"ax",%progbits
 460              		.align	1
 461              		.syntax unified
 462              		.thumb
 463              		.thumb_func
 465              	MX_SPI2_Init:
 466              	.LFB133:
 209:Core/Src/main.c **** 
 467              		.loc 1 209 1 view -0
 468              		.cfi_startproc
 469              		@ args = 0, pretend = 0, frame = 0
 470              		@ frame_needed = 0, uses_anonymous_args = 0
 471 0000 08B5     		push	{r3, lr}
 472              	.LCFI8:
 473              		.cfi_def_cfa_offset 8
 474              		.cfi_offset 3, -8
 475              		.cfi_offset 14, -4
 219:Core/Src/main.c ****   hspi2.Init.Mode = SPI_MODE_MASTER;
 476              		.loc 1 219 3 view .LVU128
 219:Core/Src/main.c ****   hspi2.Init.Mode = SPI_MODE_MASTER;
 477              		.loc 1 219 18 is_stmt 0 view .LVU129
ARM GAS  C:\Users\samue\AppData\Local\Temp\ccJ2FbBh.s 			page 19


 478 0002 0D48     		ldr	r0, .L27
 479 0004 0D4B     		ldr	r3, .L27+4
 480 0006 0360     		str	r3, [r0]
 220:Core/Src/main.c ****   hspi2.Init.Direction = SPI_DIRECTION_2LINES;
 481              		.loc 1 220 3 is_stmt 1 view .LVU130
 220:Core/Src/main.c ****   hspi2.Init.Direction = SPI_DIRECTION_2LINES;
 482              		.loc 1 220 19 is_stmt 0 view .LVU131
 483 0008 4FF48273 		mov	r3, #260
 484 000c 4360     		str	r3, [r0, #4]
 221:Core/Src/main.c ****   hspi2.Init.DataSize = SPI_DATASIZE_8BIT;
 485              		.loc 1 221 3 is_stmt 1 view .LVU132
 221:Core/Src/main.c ****   hspi2.Init.DataSize = SPI_DATASIZE_8BIT;
 486              		.loc 1 221 24 is_stmt 0 view .LVU133
 487 000e 0023     		movs	r3, #0
 488 0010 8360     		str	r3, [r0, #8]
 222:Core/Src/main.c ****   hspi2.Init.CLKPolarity = SPI_POLARITY_LOW;
 489              		.loc 1 222 3 is_stmt 1 view .LVU134
 222:Core/Src/main.c ****   hspi2.Init.CLKPolarity = SPI_POLARITY_LOW;
 490              		.loc 1 222 23 is_stmt 0 view .LVU135
 491 0012 C360     		str	r3, [r0, #12]
 223:Core/Src/main.c ****   hspi2.Init.CLKPhase = SPI_PHASE_1EDGE;
 492              		.loc 1 223 3 is_stmt 1 view .LVU136
 223:Core/Src/main.c ****   hspi2.Init.CLKPhase = SPI_PHASE_1EDGE;
 493              		.loc 1 223 26 is_stmt 0 view .LVU137
 494 0014 0361     		str	r3, [r0, #16]
 224:Core/Src/main.c ****   hspi2.Init.NSS = SPI_NSS_SOFT;
 495              		.loc 1 224 3 is_stmt 1 view .LVU138
 224:Core/Src/main.c ****   hspi2.Init.NSS = SPI_NSS_SOFT;
 496              		.loc 1 224 23 is_stmt 0 view .LVU139
 497 0016 4361     		str	r3, [r0, #20]
 225:Core/Src/main.c ****   hspi2.Init.BaudRatePrescaler = SPI_BAUDRATEPRESCALER_8;
 498              		.loc 1 225 3 is_stmt 1 view .LVU140
 225:Core/Src/main.c ****   hspi2.Init.BaudRatePrescaler = SPI_BAUDRATEPRESCALER_8;
 499              		.loc 1 225 18 is_stmt 0 view .LVU141
 500 0018 4FF40072 		mov	r2, #512
 501 001c 8261     		str	r2, [r0, #24]
 226:Core/Src/main.c ****   hspi2.Init.FirstBit = SPI_FIRSTBIT_MSB;
 502              		.loc 1 226 3 is_stmt 1 view .LVU142
 226:Core/Src/main.c ****   hspi2.Init.FirstBit = SPI_FIRSTBIT_MSB;
 503              		.loc 1 226 32 is_stmt 0 view .LVU143
 504 001e 1022     		movs	r2, #16
 505 0020 C261     		str	r2, [r0, #28]
 227:Core/Src/main.c ****   hspi2.Init.TIMode = SPI_TIMODE_DISABLE;
 506              		.loc 1 227 3 is_stmt 1 view .LVU144
 227:Core/Src/main.c ****   hspi2.Init.TIMode = SPI_TIMODE_DISABLE;
 507              		.loc 1 227 23 is_stmt 0 view .LVU145
 508 0022 0362     		str	r3, [r0, #32]
 228:Core/Src/main.c ****   hspi2.Init.CRCCalculation = SPI_CRCCALCULATION_DISABLE;
 509              		.loc 1 228 3 is_stmt 1 view .LVU146
 228:Core/Src/main.c ****   hspi2.Init.CRCCalculation = SPI_CRCCALCULATION_DISABLE;
 510              		.loc 1 228 21 is_stmt 0 view .LVU147
 511 0024 4362     		str	r3, [r0, #36]
 229:Core/Src/main.c ****   hspi2.Init.CRCPolynomial = 10;
 512              		.loc 1 229 3 is_stmt 1 view .LVU148
 229:Core/Src/main.c ****   hspi2.Init.CRCPolynomial = 10;
 513              		.loc 1 229 29 is_stmt 0 view .LVU149
 514 0026 8362     		str	r3, [r0, #40]
ARM GAS  C:\Users\samue\AppData\Local\Temp\ccJ2FbBh.s 			page 20


 230:Core/Src/main.c ****   if (HAL_SPI_Init(&hspi2) != HAL_OK)
 515              		.loc 1 230 3 is_stmt 1 view .LVU150
 230:Core/Src/main.c ****   if (HAL_SPI_Init(&hspi2) != HAL_OK)
 516              		.loc 1 230 28 is_stmt 0 view .LVU151
 517 0028 0A23     		movs	r3, #10
 518 002a C362     		str	r3, [r0, #44]
 231:Core/Src/main.c ****   {
 519              		.loc 1 231 3 is_stmt 1 view .LVU152
 231:Core/Src/main.c ****   {
 520              		.loc 1 231 7 is_stmt 0 view .LVU153
 521 002c FFF7FEFF 		bl	HAL_SPI_Init
 522              	.LVL14:
 231:Core/Src/main.c ****   {
 523              		.loc 1 231 6 view .LVU154
 524 0030 00B9     		cbnz	r0, .L26
 239:Core/Src/main.c **** 
 525              		.loc 1 239 1 view .LVU155
 526 0032 08BD     		pop	{r3, pc}
 527              	.L26:
 233:Core/Src/main.c ****   }
 528              		.loc 1 233 5 is_stmt 1 view .LVU156
 529 0034 FFF7FEFF 		bl	Error_Handler
 530              	.LVL15:
 531              	.L28:
 532              		.align	2
 533              	.L27:
 534 0038 00000000 		.word	.LANCHOR2
 535 003c 00380040 		.word	1073756160
 536              		.cfi_endproc
 537              	.LFE133:
 539              		.section	.text.SystemClock_Config,"ax",%progbits
 540              		.align	1
 541              		.global	SystemClock_Config
 542              		.syntax unified
 543              		.thumb
 544              		.thumb_func
 546              	SystemClock_Config:
 547              	.LFB131:
 130:Core/Src/main.c ****   RCC_OscInitTypeDef RCC_OscInitStruct = {0};
 548              		.loc 1 130 1 view -0
 549              		.cfi_startproc
 550              		@ args = 0, pretend = 0, frame = 80
 551              		@ frame_needed = 0, uses_anonymous_args = 0
 552 0000 00B5     		push	{lr}
 553              	.LCFI9:
 554              		.cfi_def_cfa_offset 4
 555              		.cfi_offset 14, -4
 556 0002 95B0     		sub	sp, sp, #84
 557              	.LCFI10:
 558              		.cfi_def_cfa_offset 88
 131:Core/Src/main.c ****   RCC_ClkInitTypeDef RCC_ClkInitStruct = {0};
 559              		.loc 1 131 3 view .LVU158
 131:Core/Src/main.c ****   RCC_ClkInitTypeDef RCC_ClkInitStruct = {0};
 560              		.loc 1 131 22 is_stmt 0 view .LVU159
 561 0004 3022     		movs	r2, #48
 562 0006 0021     		movs	r1, #0
 563 0008 08A8     		add	r0, sp, #32
ARM GAS  C:\Users\samue\AppData\Local\Temp\ccJ2FbBh.s 			page 21


 564 000a FFF7FEFF 		bl	memset
 565              	.LVL16:
 132:Core/Src/main.c **** 
 566              		.loc 1 132 3 is_stmt 1 view .LVU160
 132:Core/Src/main.c **** 
 567              		.loc 1 132 22 is_stmt 0 view .LVU161
 568 000e 0023     		movs	r3, #0
 569 0010 0393     		str	r3, [sp, #12]
 570 0012 0493     		str	r3, [sp, #16]
 571 0014 0593     		str	r3, [sp, #20]
 572 0016 0693     		str	r3, [sp, #24]
 573 0018 0793     		str	r3, [sp, #28]
 136:Core/Src/main.c ****   __HAL_PWR_VOLTAGESCALING_CONFIG(PWR_REGULATOR_VOLTAGE_SCALE1);
 574              		.loc 1 136 3 is_stmt 1 view .LVU162
 575              	.LBB11:
 136:Core/Src/main.c ****   __HAL_PWR_VOLTAGESCALING_CONFIG(PWR_REGULATOR_VOLTAGE_SCALE1);
 576              		.loc 1 136 3 view .LVU163
 577 001a 0193     		str	r3, [sp, #4]
 136:Core/Src/main.c ****   __HAL_PWR_VOLTAGESCALING_CONFIG(PWR_REGULATOR_VOLTAGE_SCALE1);
 578              		.loc 1 136 3 view .LVU164
 579 001c 1E4A     		ldr	r2, .L35
 580 001e 116C     		ldr	r1, [r2, #64]
 581 0020 41F08051 		orr	r1, r1, #268435456
 582 0024 1164     		str	r1, [r2, #64]
 136:Core/Src/main.c ****   __HAL_PWR_VOLTAGESCALING_CONFIG(PWR_REGULATOR_VOLTAGE_SCALE1);
 583              		.loc 1 136 3 view .LVU165
 584 0026 126C     		ldr	r2, [r2, #64]
 585 0028 02F08052 		and	r2, r2, #268435456
 586 002c 0192     		str	r2, [sp, #4]
 136:Core/Src/main.c ****   __HAL_PWR_VOLTAGESCALING_CONFIG(PWR_REGULATOR_VOLTAGE_SCALE1);
 587              		.loc 1 136 3 view .LVU166
 588 002e 019A     		ldr	r2, [sp, #4]
 589              	.LBE11:
 136:Core/Src/main.c ****   __HAL_PWR_VOLTAGESCALING_CONFIG(PWR_REGULATOR_VOLTAGE_SCALE1);
 590              		.loc 1 136 3 view .LVU167
 137:Core/Src/main.c ****   /** Initializes the RCC Oscillators according to the specified parameters
 591              		.loc 1 137 3 view .LVU168
 592              	.LBB12:
 137:Core/Src/main.c ****   /** Initializes the RCC Oscillators according to the specified parameters
 593              		.loc 1 137 3 view .LVU169
 594 0030 0293     		str	r3, [sp, #8]
 137:Core/Src/main.c ****   /** Initializes the RCC Oscillators according to the specified parameters
 595              		.loc 1 137 3 view .LVU170
 596 0032 1A4A     		ldr	r2, .L35+4
 597 0034 1168     		ldr	r1, [r2]
 598 0036 41F44041 		orr	r1, r1, #49152
 599 003a 1160     		str	r1, [r2]
 137:Core/Src/main.c ****   /** Initializes the RCC Oscillators according to the specified parameters
 600              		.loc 1 137 3 view .LVU171
 601 003c 1268     		ldr	r2, [r2]
 602 003e 02F44042 		and	r2, r2, #49152
 603 0042 0292     		str	r2, [sp, #8]
 137:Core/Src/main.c ****   /** Initializes the RCC Oscillators according to the specified parameters
 604              		.loc 1 137 3 view .LVU172
 605 0044 029A     		ldr	r2, [sp, #8]
 606              	.LBE12:
 137:Core/Src/main.c ****   /** Initializes the RCC Oscillators according to the specified parameters
ARM GAS  C:\Users\samue\AppData\Local\Temp\ccJ2FbBh.s 			page 22


 607              		.loc 1 137 3 view .LVU173
 141:Core/Src/main.c ****   RCC_OscInitStruct.HSIState = RCC_HSI_ON;
 608              		.loc 1 141 3 view .LVU174
 141:Core/Src/main.c ****   RCC_OscInitStruct.HSIState = RCC_HSI_ON;
 609              		.loc 1 141 36 is_stmt 0 view .LVU175
 610 0046 0221     		movs	r1, #2
 611 0048 0891     		str	r1, [sp, #32]
 142:Core/Src/main.c ****   RCC_OscInitStruct.HSICalibrationValue = RCC_HSICALIBRATION_DEFAULT;
 612              		.loc 1 142 3 is_stmt 1 view .LVU176
 142:Core/Src/main.c ****   RCC_OscInitStruct.HSICalibrationValue = RCC_HSICALIBRATION_DEFAULT;
 613              		.loc 1 142 30 is_stmt 0 view .LVU177
 614 004a 0122     		movs	r2, #1
 615 004c 0B92     		str	r2, [sp, #44]
 143:Core/Src/main.c ****   RCC_OscInitStruct.PLL.PLLState = RCC_PLL_ON;
 616              		.loc 1 143 3 is_stmt 1 view .LVU178
 143:Core/Src/main.c ****   RCC_OscInitStruct.PLL.PLLState = RCC_PLL_ON;
 617              		.loc 1 143 41 is_stmt 0 view .LVU179
 618 004e 1022     		movs	r2, #16
 619 0050 0C92     		str	r2, [sp, #48]
 144:Core/Src/main.c ****   RCC_OscInitStruct.PLL.PLLSource = RCC_PLLSOURCE_HSI;
 620              		.loc 1 144 3 is_stmt 1 view .LVU180
 144:Core/Src/main.c ****   RCC_OscInitStruct.PLL.PLLSource = RCC_PLLSOURCE_HSI;
 621              		.loc 1 144 34 is_stmt 0 view .LVU181
 622 0052 0E91     		str	r1, [sp, #56]
 145:Core/Src/main.c ****   RCC_OscInitStruct.PLL.PLLM = 16;
 623              		.loc 1 145 3 is_stmt 1 view .LVU182
 145:Core/Src/main.c ****   RCC_OscInitStruct.PLL.PLLM = 16;
 624              		.loc 1 145 35 is_stmt 0 view .LVU183
 625 0054 0F93     		str	r3, [sp, #60]
 146:Core/Src/main.c ****   RCC_OscInitStruct.PLL.PLLN = 336;
 626              		.loc 1 146 3 is_stmt 1 view .LVU184
 146:Core/Src/main.c ****   RCC_OscInitStruct.PLL.PLLN = 336;
 627              		.loc 1 146 30 is_stmt 0 view .LVU185
 628 0056 1092     		str	r2, [sp, #64]
 147:Core/Src/main.c ****   RCC_OscInitStruct.PLL.PLLP = RCC_PLLP_DIV4;
 629              		.loc 1 147 3 is_stmt 1 view .LVU186
 147:Core/Src/main.c ****   RCC_OscInitStruct.PLL.PLLP = RCC_PLLP_DIV4;
 630              		.loc 1 147 30 is_stmt 0 view .LVU187
 631 0058 4FF4A873 		mov	r3, #336
 632 005c 1193     		str	r3, [sp, #68]
 148:Core/Src/main.c ****   RCC_OscInitStruct.PLL.PLLQ = 4;
 633              		.loc 1 148 3 is_stmt 1 view .LVU188
 148:Core/Src/main.c ****   RCC_OscInitStruct.PLL.PLLQ = 4;
 634              		.loc 1 148 30 is_stmt 0 view .LVU189
 635 005e 0423     		movs	r3, #4
 636 0060 1293     		str	r3, [sp, #72]
 149:Core/Src/main.c ****   if (HAL_RCC_OscConfig(&RCC_OscInitStruct) != HAL_OK)
 637              		.loc 1 149 3 is_stmt 1 view .LVU190
 149:Core/Src/main.c ****   if (HAL_RCC_OscConfig(&RCC_OscInitStruct) != HAL_OK)
 638              		.loc 1 149 30 is_stmt 0 view .LVU191
 639 0062 1393     		str	r3, [sp, #76]
 150:Core/Src/main.c ****   {
 640              		.loc 1 150 3 is_stmt 1 view .LVU192
 150:Core/Src/main.c ****   {
 641              		.loc 1 150 7 is_stmt 0 view .LVU193
 642 0064 08A8     		add	r0, sp, #32
 643 0066 FFF7FEFF 		bl	HAL_RCC_OscConfig
ARM GAS  C:\Users\samue\AppData\Local\Temp\ccJ2FbBh.s 			page 23


 644              	.LVL17:
 150:Core/Src/main.c ****   {
 645              		.loc 1 150 6 view .LVU194
 646 006a 80B9     		cbnz	r0, .L33
 156:Core/Src/main.c ****                               |RCC_CLOCKTYPE_PCLK1|RCC_CLOCKTYPE_PCLK2;
 647              		.loc 1 156 3 is_stmt 1 view .LVU195
 156:Core/Src/main.c ****                               |RCC_CLOCKTYPE_PCLK1|RCC_CLOCKTYPE_PCLK2;
 648              		.loc 1 156 31 is_stmt 0 view .LVU196
 649 006c 0F23     		movs	r3, #15
 650 006e 0393     		str	r3, [sp, #12]
 158:Core/Src/main.c ****   RCC_ClkInitStruct.AHBCLKDivider = RCC_SYSCLK_DIV1;
 651              		.loc 1 158 3 is_stmt 1 view .LVU197
 158:Core/Src/main.c ****   RCC_ClkInitStruct.AHBCLKDivider = RCC_SYSCLK_DIV1;
 652              		.loc 1 158 34 is_stmt 0 view .LVU198
 653 0070 0221     		movs	r1, #2
 654 0072 0491     		str	r1, [sp, #16]
 159:Core/Src/main.c ****   RCC_ClkInitStruct.APB1CLKDivider = RCC_HCLK_DIV2;
 655              		.loc 1 159 3 is_stmt 1 view .LVU199
 159:Core/Src/main.c ****   RCC_ClkInitStruct.APB1CLKDivider = RCC_HCLK_DIV2;
 656              		.loc 1 159 35 is_stmt 0 view .LVU200
 657 0074 0023     		movs	r3, #0
 658 0076 0593     		str	r3, [sp, #20]
 160:Core/Src/main.c ****   RCC_ClkInitStruct.APB2CLKDivider = RCC_HCLK_DIV1;
 659              		.loc 1 160 3 is_stmt 1 view .LVU201
 160:Core/Src/main.c ****   RCC_ClkInitStruct.APB2CLKDivider = RCC_HCLK_DIV1;
 660              		.loc 1 160 36 is_stmt 0 view .LVU202
 661 0078 4FF48052 		mov	r2, #4096
 662 007c 0692     		str	r2, [sp, #24]
 161:Core/Src/main.c **** 
 663              		.loc 1 161 3 is_stmt 1 view .LVU203
 161:Core/Src/main.c **** 
 664              		.loc 1 161 36 is_stmt 0 view .LVU204
 665 007e 0793     		str	r3, [sp, #28]
 163:Core/Src/main.c ****   {
 666              		.loc 1 163 3 is_stmt 1 view .LVU205
 163:Core/Src/main.c ****   {
 667              		.loc 1 163 7 is_stmt 0 view .LVU206
 668 0080 03A8     		add	r0, sp, #12
 669 0082 FFF7FEFF 		bl	HAL_RCC_ClockConfig
 670              	.LVL18:
 163:Core/Src/main.c ****   {
 671              		.loc 1 163 6 view .LVU207
 672 0086 20B9     		cbnz	r0, .L34
 167:Core/Src/main.c **** 
 673              		.loc 1 167 1 view .LVU208
 674 0088 15B0     		add	sp, sp, #84
 675              	.LCFI11:
 676              		.cfi_remember_state
 677              		.cfi_def_cfa_offset 4
 678              		@ sp needed
 679 008a 5DF804FB 		ldr	pc, [sp], #4
 680              	.L33:
 681              	.LCFI12:
 682              		.cfi_restore_state
 152:Core/Src/main.c ****   }
 683              		.loc 1 152 5 is_stmt 1 view .LVU209
 684 008e FFF7FEFF 		bl	Error_Handler
ARM GAS  C:\Users\samue\AppData\Local\Temp\ccJ2FbBh.s 			page 24


 685              	.LVL19:
 686              	.L34:
 165:Core/Src/main.c ****   }
 687              		.loc 1 165 5 view .LVU210
 688 0092 FFF7FEFF 		bl	Error_Handler
 689              	.LVL20:
 690              	.L36:
 691 0096 00BF     		.align	2
 692              	.L35:
 693 0098 00380240 		.word	1073887232
 694 009c 00700040 		.word	1073770496
 695              		.cfi_endproc
 696              	.LFE131:
 698              		.section	.text.main,"ax",%progbits
 699              		.align	1
 700              		.global	main
 701              		.syntax unified
 702              		.thumb
 703              		.thumb_func
 705              	main:
 706              	.LFB130:
  77:Core/Src/main.c ****   /* USER CODE BEGIN 1 */
 707              		.loc 1 77 1 view -0
 708              		.cfi_startproc
 709              		@ Volatile: function does not return.
 710              		@ args = 0, pretend = 0, frame = 0
 711              		@ frame_needed = 0, uses_anonymous_args = 0
 712 0000 08B5     		push	{r3, lr}
 713              	.LCFI13:
 714              		.cfi_def_cfa_offset 8
 715              		.cfi_offset 3, -8
 716              		.cfi_offset 14, -4
  87:Core/Src/main.c **** 
 717              		.loc 1 87 3 view .LVU212
 718 0002 FFF7FEFF 		bl	HAL_Init
 719              	.LVL21:
  94:Core/Src/main.c **** 
 720              		.loc 1 94 3 view .LVU213
 721 0006 FFF7FEFF 		bl	SystemClock_Config
 722              	.LVL22:
 101:Core/Src/main.c ****   MX_DMA_Init();
 723              		.loc 1 101 3 view .LVU214
 724 000a FFF7FEFF 		bl	MX_GPIO_Init
 725              	.LVL23:
 102:Core/Src/main.c ****   MX_USART2_UART_Init();
 726              		.loc 1 102 3 view .LVU215
 727 000e FFF7FEFF 		bl	MX_DMA_Init
 728              	.LVL24:
 103:Core/Src/main.c ****   MX_I2C1_Init();
 729              		.loc 1 103 3 view .LVU216
 730 0012 FFF7FEFF 		bl	MX_USART2_UART_Init
 731              	.LVL25:
 104:Core/Src/main.c ****   MX_SPI2_Init();
 732              		.loc 1 104 3 view .LVU217
 733 0016 FFF7FEFF 		bl	MX_I2C1_Init
 734              	.LVL26:
 105:Core/Src/main.c ****   MX_FATFS_Init();
ARM GAS  C:\Users\samue\AppData\Local\Temp\ccJ2FbBh.s 			page 25


 735              		.loc 1 105 3 view .LVU218
 736 001a FFF7FEFF 		bl	MX_SPI2_Init
 737              	.LVL27:
 106:Core/Src/main.c ****   /* USER CODE BEGIN 2 */
 738              		.loc 1 106 3 view .LVU219
 739 001e FFF7FEFF 		bl	MX_FATFS_Init
 740              	.LVL28:
 741              	.L38:
 115:Core/Src/main.c ****   {
 742              		.loc 1 115 3 discriminator 1 view .LVU220
 120:Core/Src/main.c ****   }
 743              		.loc 1 120 5 discriminator 1 view .LVU221
 744 0022 FFF7FEFF 		bl	main_function
 745              	.LVL29:
 115:Core/Src/main.c ****   {
 746              		.loc 1 115 9 discriminator 1 view .LVU222
 747 0026 FCE7     		b	.L38
 748              		.cfi_endproc
 749              	.LFE130:
 751              		.global	hdma_usart2_tx
 752              		.global	huart2
 753              		.global	hspi2
 754              		.global	hi2c1
 755              		.section	.bss.hdma_usart2_tx,"aw",%nobits
 756              		.align	2
 759              	hdma_usart2_tx:
 760 0000 00000000 		.space	96
 760      00000000 
 760      00000000 
 760      00000000 
 760      00000000 
 761              		.section	.bss.hi2c1,"aw",%nobits
 762              		.align	2
 763              		.set	.LANCHOR1,. + 0
 766              	hi2c1:
 767 0000 00000000 		.space	84
 767      00000000 
 767      00000000 
 767      00000000 
 767      00000000 
 768              		.section	.bss.hspi2,"aw",%nobits
 769              		.align	2
 770              		.set	.LANCHOR2,. + 0
 773              	hspi2:
 774 0000 00000000 		.space	88
 774      00000000 
 774      00000000 
 774      00000000 
 774      00000000 
 775              		.section	.bss.huart2,"aw",%nobits
 776              		.align	2
 777              		.set	.LANCHOR0,. + 0
 780              	huart2:
 781 0000 00000000 		.space	68
 781      00000000 
 781      00000000 
 781      00000000 
ARM GAS  C:\Users\samue\AppData\Local\Temp\ccJ2FbBh.s 			page 26


 781      00000000 
 782              		.text
 783              	.Letext0:
 784              		.file 3 "c:\\dev_tools\\gcc-arm-none-eabi-10.3-2021.10-win32\\gcc-arm-none-eabi-10.3-2021.10\\arm-
 785              		.file 4 "c:\\dev_tools\\gcc-arm-none-eabi-10.3-2021.10-win32\\gcc-arm-none-eabi-10.3-2021.10\\arm-
 786              		.file 5 "Drivers/CMSIS/Device/ST/STM32F4xx/Include/stm32f411xe.h"
 787              		.file 6 "Drivers/STM32F4xx_HAL_Driver/Inc/stm32f4xx_hal_def.h"
 788              		.file 7 "Drivers/STM32F4xx_HAL_Driver/Inc/stm32f4xx_hal_rcc_ex.h"
 789              		.file 8 "Drivers/STM32F4xx_HAL_Driver/Inc/stm32f4xx_hal_rcc.h"
 790              		.file 9 "Drivers/STM32F4xx_HAL_Driver/Inc/stm32f4xx_hal_gpio.h"
 791              		.file 10 "Drivers/STM32F4xx_HAL_Driver/Inc/stm32f4xx_hal_dma.h"
 792              		.file 11 "Drivers/STM32F4xx_HAL_Driver/Inc/stm32f4xx_hal_i2c.h"
 793              		.file 12 "Drivers/STM32F4xx_HAL_Driver/Inc/stm32f4xx_hal_spi.h"
 794              		.file 13 "Drivers/STM32F4xx_HAL_Driver/Inc/stm32f4xx_hal_uart.h"
 795              		.file 14 "Drivers/STM32F4xx_HAL_Driver/Inc/stm32f4xx_hal_cortex.h"
 796              		.file 15 "Drivers/STM32F4xx_HAL_Driver/Inc/stm32f4xx_hal.h"
 797              		.file 16 "FATFS/App/fatfs.h"
 798              		.file 17 "Core/Inc/main_functions.h"
 799              		.file 18 "<built-in>"
ARM GAS  C:\Users\samue\AppData\Local\Temp\ccJ2FbBh.s 			page 27


DEFINED SYMBOLS
                            *ABS*:00000000 main.c
C:\Users\samue\AppData\Local\Temp\ccJ2FbBh.s:20     .text.MX_GPIO_Init:00000000 $t
C:\Users\samue\AppData\Local\Temp\ccJ2FbBh.s:25     .text.MX_GPIO_Init:00000000 MX_GPIO_Init
C:\Users\samue\AppData\Local\Temp\ccJ2FbBh.s:219    .text.MX_GPIO_Init:000000e8 $d
C:\Users\samue\AppData\Local\Temp\ccJ2FbBh.s:227    .text.MX_DMA_Init:00000000 $t
C:\Users\samue\AppData\Local\Temp\ccJ2FbBh.s:232    .text.MX_DMA_Init:00000000 MX_DMA_Init
C:\Users\samue\AppData\Local\Temp\ccJ2FbBh.s:281    .text.MX_DMA_Init:00000030 $d
C:\Users\samue\AppData\Local\Temp\ccJ2FbBh.s:286    .text.Error_Handler:00000000 $t
C:\Users\samue\AppData\Local\Temp\ccJ2FbBh.s:292    .text.Error_Handler:00000000 Error_Handler
C:\Users\samue\AppData\Local\Temp\ccJ2FbBh.s:324    .text.MX_USART2_UART_Init:00000000 $t
C:\Users\samue\AppData\Local\Temp\ccJ2FbBh.s:329    .text.MX_USART2_UART_Init:00000000 MX_USART2_UART_Init
C:\Users\samue\AppData\Local\Temp\ccJ2FbBh.s:384    .text.MX_USART2_UART_Init:0000002c $d
C:\Users\samue\AppData\Local\Temp\ccJ2FbBh.s:390    .text.MX_I2C1_Init:00000000 $t
C:\Users\samue\AppData\Local\Temp\ccJ2FbBh.s:395    .text.MX_I2C1_Init:00000000 MX_I2C1_Init
C:\Users\samue\AppData\Local\Temp\ccJ2FbBh.s:453    .text.MX_I2C1_Init:0000002c $d
C:\Users\samue\AppData\Local\Temp\ccJ2FbBh.s:460    .text.MX_SPI2_Init:00000000 $t
C:\Users\samue\AppData\Local\Temp\ccJ2FbBh.s:465    .text.MX_SPI2_Init:00000000 MX_SPI2_Init
C:\Users\samue\AppData\Local\Temp\ccJ2FbBh.s:534    .text.MX_SPI2_Init:00000038 $d
C:\Users\samue\AppData\Local\Temp\ccJ2FbBh.s:540    .text.SystemClock_Config:00000000 $t
C:\Users\samue\AppData\Local\Temp\ccJ2FbBh.s:546    .text.SystemClock_Config:00000000 SystemClock_Config
C:\Users\samue\AppData\Local\Temp\ccJ2FbBh.s:693    .text.SystemClock_Config:00000098 $d
C:\Users\samue\AppData\Local\Temp\ccJ2FbBh.s:699    .text.main:00000000 $t
C:\Users\samue\AppData\Local\Temp\ccJ2FbBh.s:705    .text.main:00000000 main
C:\Users\samue\AppData\Local\Temp\ccJ2FbBh.s:759    .bss.hdma_usart2_tx:00000000 hdma_usart2_tx
C:\Users\samue\AppData\Local\Temp\ccJ2FbBh.s:780    .bss.huart2:00000000 huart2
C:\Users\samue\AppData\Local\Temp\ccJ2FbBh.s:773    .bss.hspi2:00000000 hspi2
C:\Users\samue\AppData\Local\Temp\ccJ2FbBh.s:766    .bss.hi2c1:00000000 hi2c1
C:\Users\samue\AppData\Local\Temp\ccJ2FbBh.s:756    .bss.hdma_usart2_tx:00000000 $d
C:\Users\samue\AppData\Local\Temp\ccJ2FbBh.s:762    .bss.hi2c1:00000000 $d
C:\Users\samue\AppData\Local\Temp\ccJ2FbBh.s:769    .bss.hspi2:00000000 $d
C:\Users\samue\AppData\Local\Temp\ccJ2FbBh.s:776    .bss.huart2:00000000 $d

UNDEFINED SYMBOLS
HAL_GPIO_WritePin
HAL_GPIO_Init
HAL_NVIC_SetPriority
HAL_NVIC_EnableIRQ
HAL_UART_Init
HAL_I2C_Init
HAL_SPI_Init
memset
HAL_RCC_OscConfig
HAL_RCC_ClockConfig
HAL_Init
MX_FATFS_Init
main_function
