ARM GAS  C:\Users\samue\AppData\Local\Temp\cctPAJPK.s 			page 1


   1              		.cpu cortex-m4
   2              		.arch armv7e-m
   3              		.fpu fpv4-sp-d16
   4              		.eabi_attribute 27, 1
   5              		.eabi_attribute 28, 1
   6              		.eabi_attribute 20, 1
   7              		.eabi_attribute 21, 1
   8              		.eabi_attribute 23, 3
   9              		.eabi_attribute 24, 1
  10              		.eabi_attribute 25, 1
  11              		.eabi_attribute 26, 1
  12              		.eabi_attribute 30, 1
  13              		.eabi_attribute 34, 1
  14              		.eabi_attribute 18, 4
  15              		.file	"main_functions.c"
  16              		.text
  17              	.Ltext0:
  18              		.cfi_sections	.debug_frame
  19              		.section	.rodata.accel_cal_prep.str1.4,"aMS",%progbits,1
  20              		.align	2
  21              	.LC0:
  22 0000 506F7369 		.ascii	"Position the\000"
  22      74696F6E 
  22      20746865 
  22      00
  23 000d 000000   		.align	2
  24              	.LC1:
  25 0010 61636365 		.ascii	"accelerometer to its\000"
  25      6C65726F 
  25      6D657465 
  25      7220746F 
  25      20697473 
  26 0025 000000   		.align	2
  27              	.LC2:
  28 0028 7A65726F 		.ascii	"zero position\000"
  28      20706F73 
  28      6974696F 
  28      6E00
  29              		.section	.text.accel_cal_prep,"ax",%progbits
  30              		.align	1
  31              		.global	accel_cal_prep
  32              		.syntax unified
  33              		.thumb
  34              		.thumb_func
  36              	accel_cal_prep:
  37              	.LFB137:
  38              		.file 1 "Core/Src/main_functions.c"
   1:Core/Src/main_functions.c **** /*
   2:Core/Src/main_functions.c ****  * File: main_functions.c
   3:Core/Src/main_functions.c ****  * Purpose: Main source file created to avoid using main.c as much as possible due 
   4:Core/Src/main_functions.c ****  *          to all the generated code by STM32CubeMX making it hard to read.  
   5:Core/Src/main_functions.c ****  * 
   6:Core/Src/main_functions.c ****  * Created on: Sep 20, 2021
   7:Core/Src/main_functions.c ****  * Author: External
   8:Core/Src/main_functions.c ****  */
   9:Core/Src/main_functions.c **** 
  10:Core/Src/main_functions.c **** /* 
ARM GAS  C:\Users\samue\AppData\Local\Temp\cctPAJPK.s 			page 2


  11:Core/Src/main_functions.c ****  * ---------------------------------------------------------------------------------------------
  12:Core/Src/main_functions.c ****  * Libraries and Header Files
  13:Core/Src/main_functions.c ****  * ---------------------------------------------------------------------------------------------
  14:Core/Src/main_functions.c ****  */
  15:Core/Src/main_functions.c **** 
  16:Core/Src/main_functions.c **** #include <stdio.h>
  17:Core/Src/main_functions.c **** #include <stdlib.h>
  18:Core/Src/main_functions.c **** 
  19:Core/Src/main_functions.c **** #include "main.h"
  20:Core/Src/main_functions.c **** #include "main_functions.h"
  21:Core/Src/main_functions.c **** #include "i2c-lcd.h"
  22:Core/Src/main_functions.c **** #include "accelerometer_data.h"
  23:Core/Src/main_functions.c **** 
  24:Core/Src/main_functions.c **** 
  25:Core/Src/main_functions.c **** /* 
  26:Core/Src/main_functions.c ****  * ---------------------------------------------------------------------------------------------
  27:Core/Src/main_functions.c ****  * Variables
  28:Core/Src/main_functions.c ****  * ---------------------------------------------------------------------------------------------
  29:Core/Src/main_functions.c ****  */
  30:Core/Src/main_functions.c **** 
  31:Core/Src/main_functions.c **** // Interrupt flag
  32:Core/Src/main_functions.c **** uint8_t flag;
  33:Core/Src/main_functions.c **** 
  34:Core/Src/main_functions.c **** // Current state
  35:Core/Src/main_functions.c **** unsigned long state;  
  36:Core/Src/main_functions.c **** 
  37:Core/Src/main_functions.c **** // Accelerometer data handlers 
  38:Core/Src/main_functions.c **** int accel_data_value[9];
  39:Core/Src/main_functions.c **** float *accel_data_p;
  40:Core/Src/main_functions.c **** float accel_corr[3];
  41:Core/Src/main_functions.c **** float *accel_corr_p;
  42:Core/Src/main_functions.c **** int gyro_data_value[9];
  43:Core/Src/main_functions.c **** float *gyro_data_p;
  44:Core/Src/main_functions.c **** float gyro_corr[3];
  45:Core/Src/main_functions.c **** float *gyro_corr_p;
  46:Core/Src/main_functions.c **** float zero_corr[3] = {0.0, 0.0, 0.0};
  47:Core/Src/main_functions.c **** 
  48:Core/Src/main_functions.c **** // Accelerometer data buffer
  49:Core/Src/main_functions.c **** char buf[6];
  50:Core/Src/main_functions.c **** 
  51:Core/Src/main_functions.c **** uint8_t line_pos;
  52:Core/Src/main_functions.c **** 
  53:Core/Src/main_functions.c **** char Ax_string[] = "Ax=       ";
  54:Core/Src/main_functions.c **** char Ay_string[] = "Ay=       ";
  55:Core/Src/main_functions.c **** char Az_string[] = "Az=       ";
  56:Core/Src/main_functions.c **** char Gx_string[] = "Gx=       ";
  57:Core/Src/main_functions.c **** char Gy_string[] = "Gy=       ";
  58:Core/Src/main_functions.c **** char Gz_string[] = "Gz=       ";
  59:Core/Src/main_functions.c **** 
  60:Core/Src/main_functions.c **** 
  61:Core/Src/main_functions.c **** /* 
  62:Core/Src/main_functions.c ****  * ---------------------------------------------------------------------------------------------
  63:Core/Src/main_functions.c ****  * Structures and lists
  64:Core/Src/main_functions.c ****  * ---------------------------------------------------------------------------------------------
  65:Core/Src/main_functions.c ****  */
  66:Core/Src/main_functions.c **** 
  67:Core/Src/main_functions.c **** // Primary state machine structure
ARM GAS  C:\Users\samue\AppData\Local\Temp\cctPAJPK.s 			page 3


  68:Core/Src/main_functions.c **** typedef const struct BSDA {
  69:Core/Src/main_functions.c **** 	void (*output_func)(void);
  70:Core/Src/main_functions.c **** 	unsigned long time_delay;
  71:Core/Src/main_functions.c **** 	unsigned long next_state[NUM_OPTIONS];
  72:Core/Src/main_functions.c **** } BSDA;
  73:Core/Src/main_functions.c **** 
  74:Core/Src/main_functions.c **** // Primary state machine
  75:Core/Src/main_functions.c **** BSDA FSM[NUM_STATES] = {
  76:Core/Src/main_functions.c ****     // {&startup,        S0_DELAY, {normal_state,         normal_state         }},
  77:Core/Src/main_functions.c ****     {&normal,         S1_DELAY, {normal_state,         accel_cal_prep_state }},
  78:Core/Src/main_functions.c ****     {&accel_cal_prep, S2_DELAY, {accel_cal_prep_state, accel_cal_state      }},
  79:Core/Src/main_functions.c ****     {&accel_cal,      S3_DELAY, {normal_state,         normal_state         }}
  80:Core/Src/main_functions.c **** };
  81:Core/Src/main_functions.c **** 
  82:Core/Src/main_functions.c **** 
  83:Core/Src/main_functions.c **** /* 
  84:Core/Src/main_functions.c ****  * ---------------------------------------------------------------------------------------------
  85:Core/Src/main_functions.c ****  * Psudo Main Function 
  86:Core/Src/main_functions.c ****  * ---------------------------------------------------------------------------------------------
  87:Core/Src/main_functions.c ****  */
  88:Core/Src/main_functions.c **** void main_function(void) {
  89:Core/Src/main_functions.c ****      
  90:Core/Src/main_functions.c ****     flag = 0;
  91:Core/Src/main_functions.c ****     state = accel_cal_state;  // startup_state;
  92:Core/Src/main_functions.c **** 
  93:Core/Src/main_functions.c ****     lcd_init();
  94:Core/Src/main_functions.c ****     MPU6050_Init();
  95:Core/Src/main_functions.c ****     lcd_send_string("Initialized");
  96:Core/Src/main_functions.c ****     HAL_Delay(1500);
  97:Core/Src/main_functions.c **** 
  98:Core/Src/main_functions.c ****     // Main loop 
  99:Core/Src/main_functions.c ****     while(1) {
 100:Core/Src/main_functions.c ****         
 101:Core/Src/main_functions.c ****         // Execute state machine 
 102:Core/Src/main_functions.c ****         (FSM[state].output_func)();
 103:Core/Src/main_functions.c ****         HAL_Delay(FSM[state].time_delay);
 104:Core/Src/main_functions.c ****         state = FSM[state].next_state[flag];
 105:Core/Src/main_functions.c **** 
 106:Core/Src/main_functions.c ****     }
 107:Core/Src/main_functions.c **** }
 108:Core/Src/main_functions.c **** 
 109:Core/Src/main_functions.c **** 
 110:Core/Src/main_functions.c **** /* 
 111:Core/Src/main_functions.c ****  * ---------------------------------------------------------------------------------------------
 112:Core/Src/main_functions.c ****  * Functions
 113:Core/Src/main_functions.c ****  * ---------------------------------------------------------------------------------------------
 114:Core/Src/main_functions.c ****  */
 115:Core/Src/main_functions.c **** 
 116:Core/Src/main_functions.c **** // External Interrupt
 117:Core/Src/main_functions.c **** void HAL_GPIO_EXTI_Callback(uint16_t GPIO_Pin) {
 118:Core/Src/main_functions.c **** 	flag = 1;
 119:Core/Src/main_functions.c **** }
 120:Core/Src/main_functions.c **** 
 121:Core/Src/main_functions.c **** // Normal run mode
 122:Core/Src/main_functions.c **** void normal(void) {
 123:Core/Src/main_functions.c **** 
 124:Core/Src/main_functions.c ****     // Read linear acceleration data (x, y, z) - in units of gravity (g's)
ARM GAS  C:\Users\samue\AppData\Local\Temp\cctPAJPK.s 			page 4


 125:Core/Src/main_functions.c ****     accel_data_p = MPU6050_read(ACCEL_CONST, MPU6050_ADDR, ACCEL_XOUT_H_REG, accel_corr);	
 126:Core/Src/main_functions.c **** 
 127:Core/Src/main_functions.c ****     // Parse linear acceleration data (x, y, z)
 128:Core/Src/main_functions.c **** 	accel_data_value[0] = abs((int)accel_data_p[0]);
 129:Core/Src/main_functions.c **** 	accel_data_value[1] = abs((int)(10*accel_data_p[0])  % 10);
 130:Core/Src/main_functions.c ****     accel_data_value[2] = abs((int)(100*accel_data_p[0]) % 10);
 131:Core/Src/main_functions.c **** 
 132:Core/Src/main_functions.c **** 	accel_data_value[3] = abs((int)accel_data_p[1]);
 133:Core/Src/main_functions.c **** 	accel_data_value[4] = abs((int)(10*accel_data_p[1])  % 10);
 134:Core/Src/main_functions.c ****     accel_data_value[5] = abs((int)(100*accel_data_p[1]) % 10);
 135:Core/Src/main_functions.c **** 
 136:Core/Src/main_functions.c **** 	accel_data_value[6] = abs((int)accel_data_p[2]);
 137:Core/Src/main_functions.c **** 	accel_data_value[7] = abs((int)(10*accel_data_p[2])  % 10);
 138:Core/Src/main_functions.c ****     accel_data_value[8] = abs((int)(100*accel_data_p[2]) % 10);
 139:Core/Src/main_functions.c **** 
 140:Core/Src/main_functions.c ****     // Read angular acceleration data (alpha, beta, gamma) - in units of deg/s
 141:Core/Src/main_functions.c ****     gyro_data_p  = MPU6050_read(GYRO_CONST, MPU6050_ADDR, GYRO_XOUT_H_REG, gyro_corr);
 142:Core/Src/main_functions.c **** 
 143:Core/Src/main_functions.c ****      // Parse angular acceleration data (alpha, beta, gamma)
 144:Core/Src/main_functions.c ****     gyro_data_value[0] = abs((int)gyro_data_p[0]);
 145:Core/Src/main_functions.c **** 	gyro_data_value[1] = abs((int)(10*gyro_data_p[0])  % 10);
 146:Core/Src/main_functions.c ****     gyro_data_value[2] = abs((int)(100*gyro_data_p[0]) % 10);
 147:Core/Src/main_functions.c **** 
 148:Core/Src/main_functions.c **** 	gyro_data_value[3] = abs((int)gyro_data_p[1]);
 149:Core/Src/main_functions.c **** 	gyro_data_value[4] = abs((int)(10*gyro_data_p[1])  % 10);
 150:Core/Src/main_functions.c ****     gyro_data_value[5] = abs((int)(100*gyro_data_p[1]) % 10);
 151:Core/Src/main_functions.c **** 
 152:Core/Src/main_functions.c **** 	gyro_data_value[6] = abs((int)gyro_data_p[2]);
 153:Core/Src/main_functions.c **** 	gyro_data_value[7] = abs((int)(10*gyro_data_p[2])  % 10);
 154:Core/Src/main_functions.c ****     gyro_data_value[8] = abs((int)(100*gyro_data_p[2]) % 10);
 155:Core/Src/main_functions.c **** 
 156:Core/Src/main_functions.c **** 	// Print parsed data to the screen
 157:Core/Src/main_functions.c ****     // Ax
 158:Core/Src/main_functions.c ****     print_data(0x00, 0x04, 0x03, Ax_string, 0, accel_data_p[0], accel_data_value);
 159:Core/Src/main_functions.c **** 
 160:Core/Src/main_functions.c ****     // Ay
 161:Core/Src/main_functions.c ****     print_data(0x40, 0x44, 0x43, Ay_string, 3, accel_data_p[1], accel_data_value);
 162:Core/Src/main_functions.c **** 
 163:Core/Src/main_functions.c ****     // Az
 164:Core/Src/main_functions.c ****     print_data(0x14, 0x18, 0x17, Az_string, 6, accel_data_p[2], accel_data_value);
 165:Core/Src/main_functions.c **** 
 166:Core/Src/main_functions.c ****     // Gx
 167:Core/Src/main_functions.c ****     print_data(0x0A, 0x0E, 0x0D, Gx_string, 0, gyro_data_p[0], gyro_data_value);
 168:Core/Src/main_functions.c **** 
 169:Core/Src/main_functions.c ****     // Gy
 170:Core/Src/main_functions.c ****     print_data(0x4A, 0x4E, 0x4D, Gy_string, 3, gyro_data_p[1], gyro_data_value);
 171:Core/Src/main_functions.c **** 
 172:Core/Src/main_functions.c ****     // Gz
 173:Core/Src/main_functions.c ****     print_data(0x1E, 0x22, 0x21, Gz_string, 6, gyro_data_p[2], gyro_data_value);
 174:Core/Src/main_functions.c **** 
 175:Core/Src/main_functions.c ****     // To ensure any additional text that was printed to the screen is cleared
 176:Core/Src/main_functions.c **** 	lcd_send_cmd(0x80|0x54);
 177:Core/Src/main_functions.c **** 	lcd_send_string("                    ");
 178:Core/Src/main_functions.c **** }
 179:Core/Src/main_functions.c **** 
 180:Core/Src/main_functions.c **** // Print parsed data to the LCD display 
 181:Core/Src/main_functions.c **** void print_data(uint8_t pos1, uint8_t pos2, uint8_t pos3, char str[], uint8_t index, float val,
ARM GAS  C:\Users\samue\AppData\Local\Temp\cctPAJPK.s 			page 5


 182:Core/Src/main_functions.c ****     int data[]) {
 183:Core/Src/main_functions.c **** 
 184:Core/Src/main_functions.c ****     lcd_send_cmd(0x80|pos1);
 185:Core/Src/main_functions.c **** 	lcd_send_string(str);
 186:Core/Src/main_functions.c ****     if (val >= 0) {
 187:Core/Src/main_functions.c ****         line_pos = pos2;
 188:Core/Src/main_functions.c ****         sprintf(buf, "%d.%d%d", data[index], data[index+1], data[index+2]);
 189:Core/Src/main_functions.c ****     }
 190:Core/Src/main_functions.c ****     else {
 191:Core/Src/main_functions.c ****         line_pos = pos3;
 192:Core/Src/main_functions.c ****         sprintf(buf, "-%d.%d%d", data[index], data[index+1], data[index+2]);
 193:Core/Src/main_functions.c ****     }
 194:Core/Src/main_functions.c **** 	lcd_send_cmd(0x80|line_pos);
 195:Core/Src/main_functions.c **** 	lcd_send_string(buf);
 196:Core/Src/main_functions.c **** }
 197:Core/Src/main_functions.c **** 
 198:Core/Src/main_functions.c **** // Prepare to calibrate the accelerometer
 199:Core/Src/main_functions.c **** void accel_cal_prep(void) {
  39              		.loc 1 199 27 view -0
  40              		.cfi_startproc
  41              		@ args = 0, pretend = 0, frame = 0
  42              		@ frame_needed = 0, uses_anonymous_args = 0
  43 0000 08B5     		push	{r3, lr}
  44              	.LCFI0:
  45              		.cfi_def_cfa_offset 8
  46              		.cfi_offset 3, -8
  47              		.cfi_offset 14, -4
 200:Core/Src/main_functions.c **** 
 201:Core/Src/main_functions.c ****     if (flag == 1) {
  48              		.loc 1 201 5 view .LVU1
  49              		.loc 1 201 14 is_stmt 0 view .LVU2
  50 0002 0E4B     		ldr	r3, .L5
  51 0004 1B78     		ldrb	r3, [r3]	@ zero_extendqisi2
  52              		.loc 1 201 8 view .LVU3
  53 0006 012B     		cmp	r3, #1
  54 0008 12D0     		beq	.L4
  55              	.L2:
 202:Core/Src/main_functions.c ****         lcd_clear();
 203:Core/Src/main_functions.c ****         flag = 0;
 204:Core/Src/main_functions.c ****     }
 205:Core/Src/main_functions.c **** 
 206:Core/Src/main_functions.c **** 	lcd_send_cmd(0x80|0x00);
  56              		.loc 1 206 2 is_stmt 1 view .LVU4
  57 000a 8020     		movs	r0, #128
  58 000c FFF7FEFF 		bl	lcd_send_cmd
  59              	.LVL0:
 207:Core/Src/main_functions.c **** 	lcd_send_string("Position the");
  60              		.loc 1 207 2 view .LVU5
  61 0010 0B48     		ldr	r0, .L5+4
  62 0012 FFF7FEFF 		bl	lcd_send_string
  63              	.LVL1:
 208:Core/Src/main_functions.c **** 	lcd_send_cmd(0x80|0x40);
  64              		.loc 1 208 2 view .LVU6
  65 0016 C020     		movs	r0, #192
  66 0018 FFF7FEFF 		bl	lcd_send_cmd
  67              	.LVL2:
 209:Core/Src/main_functions.c **** 	lcd_send_string("accelerometer to its");
ARM GAS  C:\Users\samue\AppData\Local\Temp\cctPAJPK.s 			page 6


  68              		.loc 1 209 2 view .LVU7
  69 001c 0948     		ldr	r0, .L5+8
  70 001e FFF7FEFF 		bl	lcd_send_string
  71              	.LVL3:
 210:Core/Src/main_functions.c **** 	lcd_send_cmd(0x80|0x14);
  72              		.loc 1 210 2 view .LVU8
  73 0022 9420     		movs	r0, #148
  74 0024 FFF7FEFF 		bl	lcd_send_cmd
  75              	.LVL4:
 211:Core/Src/main_functions.c **** 	lcd_send_string("zero position");
  76              		.loc 1 211 2 view .LVU9
  77 0028 0748     		ldr	r0, .L5+12
  78 002a FFF7FEFF 		bl	lcd_send_string
  79              	.LVL5:
 212:Core/Src/main_functions.c **** }
  80              		.loc 1 212 1 is_stmt 0 view .LVU10
  81 002e 08BD     		pop	{r3, pc}
  82              	.L4:
 202:Core/Src/main_functions.c ****         flag = 0;
  83              		.loc 1 202 9 is_stmt 1 view .LVU11
  84 0030 FFF7FEFF 		bl	lcd_clear
  85              	.LVL6:
 203:Core/Src/main_functions.c ****     }
  86              		.loc 1 203 9 view .LVU12
 203:Core/Src/main_functions.c ****     }
  87              		.loc 1 203 14 is_stmt 0 view .LVU13
  88 0034 014B     		ldr	r3, .L5
  89 0036 0022     		movs	r2, #0
  90 0038 1A70     		strb	r2, [r3]
  91 003a E6E7     		b	.L2
  92              	.L6:
  93              		.align	2
  94              	.L5:
  95 003c 00000000 		.word	.LANCHOR0
  96 0040 00000000 		.word	.LC0
  97 0044 10000000 		.word	.LC1
  98 0048 28000000 		.word	.LC2
  99              		.cfi_endproc
 100              	.LFE137:
 102              		.section	.rodata.accel_cal.str1.4,"aMS",%progbits,1
 103              		.align	2
 104              	.LC3:
 105 0000 43616C69 		.ascii	"Calibration Complete\000"
 105      62726174 
 105      696F6E20 
 105      436F6D70 
 105      6C657465 
 106              		.section	.text.accel_cal,"ax",%progbits
 107              		.align	1
 108              		.global	accel_cal
 109              		.syntax unified
 110              		.thumb
 111              		.thumb_func
 113              	accel_cal:
 114              	.LFB138:
 213:Core/Src/main_functions.c **** 
 214:Core/Src/main_functions.c **** // Calibrate the accelerometer
ARM GAS  C:\Users\samue\AppData\Local\Temp\cctPAJPK.s 			page 7


 215:Core/Src/main_functions.c **** void accel_cal(void) {
 115              		.loc 1 215 22 is_stmt 1 view -0
 116              		.cfi_startproc
 117              		@ args = 0, pretend = 0, frame = 0
 118              		@ frame_needed = 0, uses_anonymous_args = 0
 119 0000 10B5     		push	{r4, lr}
 120              	.LCFI1:
 121              		.cfi_def_cfa_offset 8
 122              		.cfi_offset 4, -8
 123              		.cfi_offset 14, -4
 216:Core/Src/main_functions.c **** 
 217:Core/Src/main_functions.c **** 	lcd_clear();
 124              		.loc 1 217 2 view .LVU15
 125 0002 FFF7FEFF 		bl	lcd_clear
 126              	.LVL7:
 218:Core/Src/main_functions.c ****     flag = 0;
 127              		.loc 1 218 5 view .LVU16
 128              		.loc 1 218 10 is_stmt 0 view .LVU17
 129 0006 154B     		ldr	r3, .L9
 130 0008 0022     		movs	r2, #0
 131 000a 1A70     		strb	r2, [r3]
 219:Core/Src/main_functions.c **** 	
 220:Core/Src/main_functions.c ****     accel_corr_p = MPU6050_read(ACCEL_CONST, MPU6050_ADDR, ACCEL_XOUT_H_REG, zero_corr);
 132              		.loc 1 220 5 is_stmt 1 view .LVU18
 133              		.loc 1 220 20 is_stmt 0 view .LVU19
 134 000c 144C     		ldr	r4, .L9+4
 135 000e 2246     		mov	r2, r4
 136 0010 3B21     		movs	r1, #59
 137 0012 D020     		movs	r0, #208
 138 0014 9FED130A 		vldr.32	s0, .L9+8
 139 0018 FFF7FEFF 		bl	MPU6050_read
 140              	.LVL8:
 141              		.loc 1 220 18 view .LVU20
 142 001c 124B     		ldr	r3, .L9+12
 143 001e 1860     		str	r0, [r3]
 221:Core/Src/main_functions.c **** 
 222:Core/Src/main_functions.c ****     accel_corr[0] = accel_corr_p[0];
 144              		.loc 1 222 5 is_stmt 1 view .LVU21
 145              		.loc 1 222 33 is_stmt 0 view .LVU22
 146 0020 0268     		ldr	r2, [r0]	@ float
 147              		.loc 1 222 19 view .LVU23
 148 0022 124B     		ldr	r3, .L9+16
 149 0024 1A60     		str	r2, [r3]	@ float
 223:Core/Src/main_functions.c **** 	accel_corr[1] = accel_corr_p[1];
 150              		.loc 1 223 2 is_stmt 1 view .LVU24
 151              		.loc 1 223 16 is_stmt 0 view .LVU25
 152 0026 4268     		ldr	r2, [r0, #4]	@ float
 153 0028 5A60     		str	r2, [r3, #4]	@ float
 224:Core/Src/main_functions.c **** 	accel_corr[2] = accel_corr_p[2];
 154              		.loc 1 224 2 is_stmt 1 view .LVU26
 155              		.loc 1 224 16 is_stmt 0 view .LVU27
 156 002a 8268     		ldr	r2, [r0, #8]	@ float
 157 002c 9A60     		str	r2, [r3, #8]	@ float
 225:Core/Src/main_functions.c **** 
 226:Core/Src/main_functions.c **** 	gyro_corr_p  = MPU6050_read(GYRO_CONST, MPU6050_ADDR, GYRO_XOUT_H_REG, zero_corr);
 158              		.loc 1 226 2 is_stmt 1 view .LVU28
 159              		.loc 1 226 17 is_stmt 0 view .LVU29
ARM GAS  C:\Users\samue\AppData\Local\Temp\cctPAJPK.s 			page 8


 160 002e 2246     		mov	r2, r4
 161 0030 4321     		movs	r1, #67
 162 0032 D020     		movs	r0, #208
 163 0034 9FED0E0A 		vldr.32	s0, .L9+20
 164 0038 FFF7FEFF 		bl	MPU6050_read
 165              	.LVL9:
 166              		.loc 1 226 15 view .LVU30
 167 003c 0D4B     		ldr	r3, .L9+24
 168 003e 1860     		str	r0, [r3]
 227:Core/Src/main_functions.c **** 
 228:Core/Src/main_functions.c **** 	gyro_corr[0]  = gyro_corr_p[0];
 169              		.loc 1 228 2 is_stmt 1 view .LVU31
 170              		.loc 1 228 29 is_stmt 0 view .LVU32
 171 0040 0268     		ldr	r2, [r0]	@ float
 172              		.loc 1 228 16 view .LVU33
 173 0042 0D4B     		ldr	r3, .L9+28
 174 0044 1A60     		str	r2, [r3]	@ float
 229:Core/Src/main_functions.c **** 	gyro_corr[1]  = gyro_corr_p[1];
 175              		.loc 1 229 2 is_stmt 1 view .LVU34
 176              		.loc 1 229 16 is_stmt 0 view .LVU35
 177 0046 4268     		ldr	r2, [r0, #4]	@ float
 178 0048 5A60     		str	r2, [r3, #4]	@ float
 230:Core/Src/main_functions.c **** 	gyro_corr[2]  = gyro_corr_p[2];
 179              		.loc 1 230 2 is_stmt 1 view .LVU36
 180              		.loc 1 230 16 is_stmt 0 view .LVU37
 181 004a 8268     		ldr	r2, [r0, #8]	@ float
 182 004c 9A60     		str	r2, [r3, #8]	@ float
 231:Core/Src/main_functions.c **** 
 232:Core/Src/main_functions.c **** 	lcd_send_cmd(0x80|0x00);
 183              		.loc 1 232 2 is_stmt 1 view .LVU38
 184 004e 8020     		movs	r0, #128
 185 0050 FFF7FEFF 		bl	lcd_send_cmd
 186              	.LVL10:
 233:Core/Src/main_functions.c **** 	lcd_send_string("Calibration Complete");
 187              		.loc 1 233 2 view .LVU39
 188 0054 0948     		ldr	r0, .L9+32
 189 0056 FFF7FEFF 		bl	lcd_send_string
 190              	.LVL11:
 234:Core/Src/main_functions.c **** }
 191              		.loc 1 234 1 is_stmt 0 view .LVU40
 192 005a 10BD     		pop	{r4, pc}
 193              	.L10:
 194              		.align	2
 195              	.L9:
 196 005c 00000000 		.word	.LANCHOR0
 197 0060 00000000 		.word	.LANCHOR1
 198 0064 00008046 		.word	1182793728
 199 0068 00000000 		.word	.LANCHOR2
 200 006c 00000000 		.word	.LANCHOR3
 201 0070 00000343 		.word	1124270080
 202 0074 00000000 		.word	.LANCHOR4
 203 0078 00000000 		.word	.LANCHOR5
 204 007c 00000000 		.word	.LC3
 205              		.cfi_endproc
 206              	.LFE138:
 208              		.section	.rodata.main_function.str1.4,"aMS",%progbits,1
 209              		.align	2
ARM GAS  C:\Users\samue\AppData\Local\Temp\cctPAJPK.s 			page 9


 210              	.LC4:
 211 0000 496E6974 		.ascii	"Initialized\000"
 211      69616C69 
 211      7A656400 
 212              		.section	.text.main_function,"ax",%progbits
 213              		.align	1
 214              		.global	main_function
 215              		.syntax unified
 216              		.thumb
 217              		.thumb_func
 219              	main_function:
 220              	.LFB133:
  88:Core/Src/main_functions.c ****      
 221              		.loc 1 88 26 is_stmt 1 view -0
 222              		.cfi_startproc
 223              		@ Volatile: function does not return.
 224              		@ args = 0, pretend = 0, frame = 0
 225              		@ frame_needed = 0, uses_anonymous_args = 0
 226 0000 08B5     		push	{r3, lr}
 227              	.LCFI2:
 228              		.cfi_def_cfa_offset 8
 229              		.cfi_offset 3, -8
 230              		.cfi_offset 14, -4
  90:Core/Src/main_functions.c ****     state = accel_cal_state;  // startup_state;
 231              		.loc 1 90 5 view .LVU42
  90:Core/Src/main_functions.c ****     state = accel_cal_state;  // startup_state;
 232              		.loc 1 90 10 is_stmt 0 view .LVU43
 233 0002 134B     		ldr	r3, .L14
 234 0004 0022     		movs	r2, #0
 235 0006 1A70     		strb	r2, [r3]
  91:Core/Src/main_functions.c **** 
 236              		.loc 1 91 5 is_stmt 1 view .LVU44
  91:Core/Src/main_functions.c **** 
 237              		.loc 1 91 11 is_stmt 0 view .LVU45
 238 0008 124B     		ldr	r3, .L14+4
 239 000a 0222     		movs	r2, #2
 240 000c 1A60     		str	r2, [r3]
  93:Core/Src/main_functions.c ****     MPU6050_Init();
 241              		.loc 1 93 5 is_stmt 1 view .LVU46
 242 000e FFF7FEFF 		bl	lcd_init
 243              	.LVL12:
  94:Core/Src/main_functions.c ****     lcd_send_string("Initialized");
 244              		.loc 1 94 5 view .LVU47
 245 0012 FFF7FEFF 		bl	MPU6050_Init
 246              	.LVL13:
  95:Core/Src/main_functions.c ****     HAL_Delay(1500);
 247              		.loc 1 95 5 view .LVU48
 248 0016 1048     		ldr	r0, .L14+8
 249 0018 FFF7FEFF 		bl	lcd_send_string
 250              	.LVL14:
  96:Core/Src/main_functions.c **** 
 251              		.loc 1 96 5 view .LVU49
 252 001c 40F2DC50 		movw	r0, #1500
 253 0020 FFF7FEFF 		bl	HAL_Delay
 254              	.LVL15:
 255              	.L12:
  99:Core/Src/main_functions.c ****         
ARM GAS  C:\Users\samue\AppData\Local\Temp\cctPAJPK.s 			page 10


 256              		.loc 1 99 5 discriminator 1 view .LVU50
 102:Core/Src/main_functions.c ****         HAL_Delay(FSM[state].time_delay);
 257              		.loc 1 102 9 discriminator 1 view .LVU51
 102:Core/Src/main_functions.c ****         HAL_Delay(FSM[state].time_delay);
 258              		.loc 1 102 20 is_stmt 0 discriminator 1 view .LVU52
 259 0024 0D4D     		ldr	r5, .L14+12
 260 0026 0B4C     		ldr	r4, .L14+4
 261 0028 2368     		ldr	r3, [r4]
 262 002a 1B01     		lsls	r3, r3, #4
 263 002c EB58     		ldr	r3, [r5, r3]
 264 002e 9847     		blx	r3
 265              	.LVL16:
 103:Core/Src/main_functions.c ****         state = FSM[state].next_state[flag];
 266              		.loc 1 103 9 is_stmt 1 discriminator 1 view .LVU53
 267 0030 2368     		ldr	r3, [r4]
 268 0032 05EB0313 		add	r3, r5, r3, lsl #4
 269 0036 5868     		ldr	r0, [r3, #4]
 270 0038 FFF7FEFF 		bl	HAL_Delay
 271              	.LVL17:
 104:Core/Src/main_functions.c **** 
 272              		.loc 1 104 9 discriminator 1 view .LVU54
 104:Core/Src/main_functions.c **** 
 273              		.loc 1 104 38 is_stmt 0 discriminator 1 view .LVU55
 274 003c 2268     		ldr	r2, [r4]
 275 003e 044B     		ldr	r3, .L14
 276 0040 1B78     		ldrb	r3, [r3]	@ zero_extendqisi2
 277 0042 03EB8203 		add	r3, r3, r2, lsl #2
 278 0046 0233     		adds	r3, r3, #2
 279 0048 55F82330 		ldr	r3, [r5, r3, lsl #2]
 104:Core/Src/main_functions.c **** 
 280              		.loc 1 104 15 discriminator 1 view .LVU56
 281 004c 2360     		str	r3, [r4]
  99:Core/Src/main_functions.c ****         
 282              		.loc 1 99 10 is_stmt 1 discriminator 1 view .LVU57
 283 004e E9E7     		b	.L12
 284              	.L15:
 285              		.align	2
 286              	.L14:
 287 0050 00000000 		.word	.LANCHOR0
 288 0054 00000000 		.word	.LANCHOR6
 289 0058 00000000 		.word	.LC4
 290 005c 00000000 		.word	.LANCHOR7
 291              		.cfi_endproc
 292              	.LFE133:
 294              		.section	.text.HAL_GPIO_EXTI_Callback,"ax",%progbits
 295              		.align	1
 296              		.global	HAL_GPIO_EXTI_Callback
 297              		.syntax unified
 298              		.thumb
 299              		.thumb_func
 301              	HAL_GPIO_EXTI_Callback:
 302              	.LVL18:
 303              	.LFB134:
 117:Core/Src/main_functions.c **** 	flag = 1;
 304              		.loc 1 117 48 view -0
 305              		.cfi_startproc
 306              		@ args = 0, pretend = 0, frame = 0
ARM GAS  C:\Users\samue\AppData\Local\Temp\cctPAJPK.s 			page 11


 307              		@ frame_needed = 0, uses_anonymous_args = 0
 308              		@ link register save eliminated.
 118:Core/Src/main_functions.c **** }
 309              		.loc 1 118 2 view .LVU59
 118:Core/Src/main_functions.c **** }
 310              		.loc 1 118 7 is_stmt 0 view .LVU60
 311 0000 014B     		ldr	r3, .L17
 312 0002 0122     		movs	r2, #1
 313 0004 1A70     		strb	r2, [r3]
 119:Core/Src/main_functions.c **** 
 314              		.loc 1 119 1 view .LVU61
 315 0006 7047     		bx	lr
 316              	.L18:
 317              		.align	2
 318              	.L17:
 319 0008 00000000 		.word	.LANCHOR0
 320              		.cfi_endproc
 321              	.LFE134:
 323              		.section	.rodata.print_data.str1.4,"aMS",%progbits,1
 324              		.align	2
 325              	.LC5:
 326 0000 25642E25 		.ascii	"%d.%d%d\000"
 326      64256400 
 327              		.align	2
 328              	.LC6:
 329 0008 2D25642E 		.ascii	"-%d.%d%d\000"
 329      25642564 
 329      00
 330              		.section	.text.print_data,"ax",%progbits
 331              		.align	1
 332              		.global	print_data
 333              		.syntax unified
 334              		.thumb
 335              		.thumb_func
 337              	print_data:
 338              	.LVL19:
 339              	.LFB136:
 182:Core/Src/main_functions.c **** 
 340              		.loc 1 182 17 is_stmt 1 view -0
 341              		.cfi_startproc
 342              		@ args = 8, pretend = 0, frame = 0
 343              		@ frame_needed = 0, uses_anonymous_args = 0
 182:Core/Src/main_functions.c **** 
 344              		.loc 1 182 17 is_stmt 0 view .LVU63
 345 0000 2DE9F041 		push	{r4, r5, r6, r7, r8, lr}
 346              	.LCFI3:
 347              		.cfi_def_cfa_offset 24
 348              		.cfi_offset 4, -24
 349              		.cfi_offset 5, -20
 350              		.cfi_offset 6, -16
 351              		.cfi_offset 7, -12
 352              		.cfi_offset 8, -8
 353              		.cfi_offset 14, -4
 354 0004 2DED028B 		vpush.64	{d8}
 355              	.LCFI4:
 356              		.cfi_def_cfa_offset 32
 357              		.cfi_offset 80, -32
ARM GAS  C:\Users\samue\AppData\Local\Temp\cctPAJPK.s 			page 12


 358              		.cfi_offset 81, -28
 359 0008 82B0     		sub	sp, sp, #8
 360              	.LCFI5:
 361              		.cfi_def_cfa_offset 40
 362 000a 8846     		mov	r8, r1
 363 000c 1746     		mov	r7, r2
 364 000e 1E46     		mov	r6, r3
 365 0010 9DF82850 		ldrb	r5, [sp, #40]	@ zero_extendqisi2
 366 0014 B0EE408A 		vmov.f32	s16, s0
 367 0018 0B9C     		ldr	r4, [sp, #44]
 184:Core/Src/main_functions.c **** 	lcd_send_string(str);
 368              		.loc 1 184 5 is_stmt 1 view .LVU64
 369 001a 40F08000 		orr	r0, r0, #128
 370              	.LVL20:
 184:Core/Src/main_functions.c **** 	lcd_send_string(str);
 371              		.loc 1 184 5 is_stmt 0 view .LVU65
 372 001e FFF7FEFF 		bl	lcd_send_cmd
 373              	.LVL21:
 185:Core/Src/main_functions.c ****     if (val >= 0) {
 374              		.loc 1 185 2 is_stmt 1 view .LVU66
 375 0022 3046     		mov	r0, r6
 376 0024 FFF7FEFF 		bl	lcd_send_string
 377              	.LVL22:
 186:Core/Src/main_functions.c ****         line_pos = pos2;
 378              		.loc 1 186 5 view .LVU67
 186:Core/Src/main_functions.c ****         line_pos = pos2;
 379              		.loc 1 186 8 is_stmt 0 view .LVU68
 380 0028 B5EEC08A 		vcmpe.f32	s16, #0
 381 002c F1EE10FA 		vmrs	APSR_nzcv, FPSCR
 382 0030 1DDB     		blt	.L24
 187:Core/Src/main_functions.c ****         sprintf(buf, "%d.%d%d", data[index], data[index+1], data[index+2]);
 383              		.loc 1 187 9 is_stmt 1 view .LVU69
 187:Core/Src/main_functions.c ****         sprintf(buf, "%d.%d%d", data[index], data[index+1], data[index+2]);
 384              		.loc 1 187 18 is_stmt 0 view .LVU70
 385 0032 174B     		ldr	r3, .L26
 386 0034 83F80080 		strb	r8, [r3]
 188:Core/Src/main_functions.c ****     }
 387              		.loc 1 188 9 is_stmt 1 view .LVU71
 188:Core/Src/main_functions.c ****     }
 388              		.loc 1 188 50 is_stmt 0 view .LVU72
 389 0038 6B1C     		adds	r3, r5, #1
 188:Core/Src/main_functions.c ****     }
 390              		.loc 1 188 65 view .LVU73
 391 003a AA1C     		adds	r2, r5, #2
 188:Core/Src/main_functions.c ****     }
 392              		.loc 1 188 9 view .LVU74
 393 003c 54F82220 		ldr	r2, [r4, r2, lsl #2]
 394 0040 0092     		str	r2, [sp]
 395 0042 54F82330 		ldr	r3, [r4, r3, lsl #2]
 396 0046 54F82520 		ldr	r2, [r4, r5, lsl #2]
 397 004a 1249     		ldr	r1, .L26+4
 398 004c 1248     		ldr	r0, .L26+8
 399 004e FFF7FEFF 		bl	sprintf
 400              	.LVL23:
 401              	.L22:
 194:Core/Src/main_functions.c **** 	lcd_send_string(buf);
 402              		.loc 1 194 2 is_stmt 1 view .LVU75
ARM GAS  C:\Users\samue\AppData\Local\Temp\cctPAJPK.s 			page 13


 403 0052 0F4B     		ldr	r3, .L26
 404 0054 1878     		ldrb	r0, [r3]	@ zero_extendqisi2
 405 0056 40F08000 		orr	r0, r0, #128
 406 005a FFF7FEFF 		bl	lcd_send_cmd
 407              	.LVL24:
 195:Core/Src/main_functions.c **** }
 408              		.loc 1 195 2 view .LVU76
 409 005e 0E48     		ldr	r0, .L26+8
 410 0060 FFF7FEFF 		bl	lcd_send_string
 411              	.LVL25:
 196:Core/Src/main_functions.c **** 
 412              		.loc 1 196 1 is_stmt 0 view .LVU77
 413 0064 02B0     		add	sp, sp, #8
 414              	.LCFI6:
 415              		.cfi_remember_state
 416              		.cfi_def_cfa_offset 32
 417              		@ sp needed
 418 0066 BDEC028B 		vldm	sp!, {d8}
 419              	.LCFI7:
 420              		.cfi_restore 80
 421              		.cfi_restore 81
 422              		.cfi_def_cfa_offset 24
 423              	.LVL26:
 196:Core/Src/main_functions.c **** 
 424              		.loc 1 196 1 view .LVU78
 425 006a BDE8F081 		pop	{r4, r5, r6, r7, r8, pc}
 426              	.LVL27:
 427              	.L24:
 428              	.LCFI8:
 429              		.cfi_restore_state
 191:Core/Src/main_functions.c ****         sprintf(buf, "-%d.%d%d", data[index], data[index+1], data[index+2]);
 430              		.loc 1 191 9 is_stmt 1 view .LVU79
 191:Core/Src/main_functions.c ****         sprintf(buf, "-%d.%d%d", data[index], data[index+1], data[index+2]);
 431              		.loc 1 191 18 is_stmt 0 view .LVU80
 432 006e 084B     		ldr	r3, .L26
 433 0070 1F70     		strb	r7, [r3]
 192:Core/Src/main_functions.c ****     }
 434              		.loc 1 192 9 is_stmt 1 view .LVU81
 192:Core/Src/main_functions.c ****     }
 435              		.loc 1 192 51 is_stmt 0 view .LVU82
 436 0072 6B1C     		adds	r3, r5, #1
 192:Core/Src/main_functions.c ****     }
 437              		.loc 1 192 66 view .LVU83
 438 0074 AA1C     		adds	r2, r5, #2
 192:Core/Src/main_functions.c ****     }
 439              		.loc 1 192 9 view .LVU84
 440 0076 54F82220 		ldr	r2, [r4, r2, lsl #2]
 441 007a 0092     		str	r2, [sp]
 442 007c 54F82330 		ldr	r3, [r4, r3, lsl #2]
 443 0080 54F82520 		ldr	r2, [r4, r5, lsl #2]
 444 0084 0549     		ldr	r1, .L26+12
 445 0086 0448     		ldr	r0, .L26+8
 446 0088 FFF7FEFF 		bl	sprintf
 447              	.LVL28:
 448 008c E1E7     		b	.L22
 449              	.L27:
 450 008e 00BF     		.align	2
ARM GAS  C:\Users\samue\AppData\Local\Temp\cctPAJPK.s 			page 14


 451              	.L26:
 452 0090 00000000 		.word	.LANCHOR8
 453 0094 00000000 		.word	.LC5
 454 0098 00000000 		.word	.LANCHOR9
 455 009c 08000000 		.word	.LC6
 456              		.cfi_endproc
 457              	.LFE136:
 459              		.section	.rodata.normal.str1.4,"aMS",%progbits,1
 460              		.align	2
 461              	.LC7:
 462 0000 20202020 		.ascii	"                    \000"
 462      20202020 
 462      20202020 
 462      20202020 
 462      20202020 
 463              		.section	.text.normal,"ax",%progbits
 464              		.align	1
 465              		.global	normal
 466              		.syntax unified
 467              		.thumb
 468              		.thumb_func
 470              	normal:
 471              	.LFB135:
 122:Core/Src/main_functions.c **** 
 472              		.loc 1 122 19 is_stmt 1 view -0
 473              		.cfi_startproc
 474              		@ args = 0, pretend = 0, frame = 0
 475              		@ frame_needed = 0, uses_anonymous_args = 0
 476 0000 2DE9F043 		push	{r4, r5, r6, r7, r8, r9, lr}
 477              	.LCFI9:
 478              		.cfi_def_cfa_offset 28
 479              		.cfi_offset 4, -28
 480              		.cfi_offset 5, -24
 481              		.cfi_offset 6, -20
 482              		.cfi_offset 7, -16
 483              		.cfi_offset 8, -12
 484              		.cfi_offset 9, -8
 485              		.cfi_offset 14, -4
 486 0004 2DED028B 		vpush.64	{d8}
 487              	.LCFI10:
 488              		.cfi_def_cfa_offset 36
 489              		.cfi_offset 80, -36
 490              		.cfi_offset 81, -32
 491 0008 83B0     		sub	sp, sp, #12
 492              	.LCFI11:
 493              		.cfi_def_cfa_offset 48
 125:Core/Src/main_functions.c **** 
 494              		.loc 1 125 5 view .LVU86
 125:Core/Src/main_functions.c **** 
 495              		.loc 1 125 20 is_stmt 0 view .LVU87
 496 000a D44A     		ldr	r2, .L30
 497 000c 3B21     		movs	r1, #59
 498 000e D020     		movs	r0, #208
 499 0010 9FEDD30A 		vldr.32	s0, .L30+4
 500 0014 FFF7FEFF 		bl	MPU6050_read
 501              	.LVL29:
 125:Core/Src/main_functions.c **** 
ARM GAS  C:\Users\samue\AppData\Local\Temp\cctPAJPK.s 			page 15


 502              		.loc 1 125 18 view .LVU88
 503 0018 D24F     		ldr	r7, .L30+8
 504 001a 3860     		str	r0, [r7]
 128:Core/Src/main_functions.c **** 	accel_data_value[1] = abs((int)(10*accel_data_p[0])  % 10);
 505              		.loc 1 128 2 is_stmt 1 view .LVU89
 128:Core/Src/main_functions.c **** 	accel_data_value[1] = abs((int)(10*accel_data_p[0])  % 10);
 506              		.loc 1 128 45 is_stmt 0 view .LVU90
 507 001c D0ED007A 		vldr.32	s15, [r0]
 128:Core/Src/main_functions.c **** 	accel_data_value[1] = abs((int)(10*accel_data_p[0])  % 10);
 508              		.loc 1 128 28 view .LVU91
 509 0020 FDEEE77A 		vcvt.s32.f32	s15, s15
 510 0024 17EE903A 		vmov	r3, s15	@ int
 128:Core/Src/main_functions.c **** 	accel_data_value[1] = abs((int)(10*accel_data_p[0])  % 10);
 511              		.loc 1 128 24 view .LVU92
 512 0028 002B     		cmp	r3, #0
 513 002a B8BF     		it	lt
 514 002c 5B42     		rsblt	r3, r3, #0
 128:Core/Src/main_functions.c **** 	accel_data_value[1] = abs((int)(10*accel_data_p[0])  % 10);
 515              		.loc 1 128 22 view .LVU93
 516 002e CE4E     		ldr	r6, .L30+12
 517 0030 3360     		str	r3, [r6]
 129:Core/Src/main_functions.c ****     accel_data_value[2] = abs((int)(100*accel_data_p[0]) % 10);
 518              		.loc 1 129 2 is_stmt 1 view .LVU94
 129:Core/Src/main_functions.c ****     accel_data_value[2] = abs((int)(100*accel_data_p[0]) % 10);
 519              		.loc 1 129 49 is_stmt 0 view .LVU95
 520 0032 D0ED007A 		vldr.32	s15, [r0]
 129:Core/Src/main_functions.c ****     accel_data_value[2] = abs((int)(100*accel_data_p[0]) % 10);
 521              		.loc 1 129 36 view .LVU96
 522 0036 F2EE048A 		vmov.f32	s17, #1.0e+1
 523 003a 67EEA87A 		vmul.f32	s15, s15, s17
 129:Core/Src/main_functions.c ****     accel_data_value[2] = abs((int)(100*accel_data_p[0]) % 10);
 524              		.loc 1 129 28 view .LVU97
 525 003e FDEEE77A 		vcvt.s32.f32	s15, s15
 526 0042 17EE902A 		vmov	r2, s15	@ int
 129:Core/Src/main_functions.c ****     accel_data_value[2] = abs((int)(100*accel_data_p[0]) % 10);
 527              		.loc 1 129 55 view .LVU98
 528 0046 C94C     		ldr	r4, .L30+16
 529 0048 84FB0231 		smull	r3, r1, r4, r2
 530 004c D317     		asrs	r3, r2, #31
 531 004e C3EBA103 		rsb	r3, r3, r1, asr #2
 532 0052 03EB8303 		add	r3, r3, r3, lsl #2
 533 0056 A2EB4303 		sub	r3, r2, r3, lsl #1
 129:Core/Src/main_functions.c ****     accel_data_value[2] = abs((int)(100*accel_data_p[0]) % 10);
 534              		.loc 1 129 24 view .LVU99
 535 005a 002B     		cmp	r3, #0
 536 005c B8BF     		it	lt
 537 005e 5B42     		rsblt	r3, r3, #0
 129:Core/Src/main_functions.c ****     accel_data_value[2] = abs((int)(100*accel_data_p[0]) % 10);
 538              		.loc 1 129 22 view .LVU100
 539 0060 7360     		str	r3, [r6, #4]
 130:Core/Src/main_functions.c **** 
 540              		.loc 1 130 5 is_stmt 1 view .LVU101
 130:Core/Src/main_functions.c **** 
 541              		.loc 1 130 53 is_stmt 0 view .LVU102
 542 0062 D0ED007A 		vldr.32	s15, [r0]
 130:Core/Src/main_functions.c **** 
 543              		.loc 1 130 40 view .LVU103
ARM GAS  C:\Users\samue\AppData\Local\Temp\cctPAJPK.s 			page 16


 544 0066 9FEDC28A 		vldr.32	s16, .L30+20
 545 006a 67EE887A 		vmul.f32	s15, s15, s16
 130:Core/Src/main_functions.c **** 
 546              		.loc 1 130 31 view .LVU104
 547 006e FDEEE77A 		vcvt.s32.f32	s15, s15
 548 0072 17EE902A 		vmov	r2, s15	@ int
 130:Core/Src/main_functions.c **** 
 549              		.loc 1 130 58 view .LVU105
 550 0076 84FB0231 		smull	r3, r1, r4, r2
 551 007a D317     		asrs	r3, r2, #31
 552 007c C3EBA103 		rsb	r3, r3, r1, asr #2
 553 0080 03EB8303 		add	r3, r3, r3, lsl #2
 554 0084 A2EB4303 		sub	r3, r2, r3, lsl #1
 130:Core/Src/main_functions.c **** 
 555              		.loc 1 130 27 view .LVU106
 556 0088 002B     		cmp	r3, #0
 557 008a B8BF     		it	lt
 558 008c 5B42     		rsblt	r3, r3, #0
 130:Core/Src/main_functions.c **** 
 559              		.loc 1 130 25 view .LVU107
 560 008e B360     		str	r3, [r6, #8]
 132:Core/Src/main_functions.c **** 	accel_data_value[4] = abs((int)(10*accel_data_p[1])  % 10);
 561              		.loc 1 132 2 is_stmt 1 view .LVU108
 132:Core/Src/main_functions.c **** 	accel_data_value[4] = abs((int)(10*accel_data_p[1])  % 10);
 562              		.loc 1 132 45 is_stmt 0 view .LVU109
 563 0090 D0ED017A 		vldr.32	s15, [r0, #4]
 132:Core/Src/main_functions.c **** 	accel_data_value[4] = abs((int)(10*accel_data_p[1])  % 10);
 564              		.loc 1 132 28 view .LVU110
 565 0094 FDEEE77A 		vcvt.s32.f32	s15, s15
 566 0098 17EE903A 		vmov	r3, s15	@ int
 132:Core/Src/main_functions.c **** 	accel_data_value[4] = abs((int)(10*accel_data_p[1])  % 10);
 567              		.loc 1 132 24 view .LVU111
 568 009c 002B     		cmp	r3, #0
 569 009e B8BF     		it	lt
 570 00a0 5B42     		rsblt	r3, r3, #0
 132:Core/Src/main_functions.c **** 	accel_data_value[4] = abs((int)(10*accel_data_p[1])  % 10);
 571              		.loc 1 132 22 view .LVU112
 572 00a2 F360     		str	r3, [r6, #12]
 133:Core/Src/main_functions.c ****     accel_data_value[5] = abs((int)(100*accel_data_p[1]) % 10);
 573              		.loc 1 133 2 is_stmt 1 view .LVU113
 133:Core/Src/main_functions.c ****     accel_data_value[5] = abs((int)(100*accel_data_p[1]) % 10);
 574              		.loc 1 133 49 is_stmt 0 view .LVU114
 575 00a4 D0ED017A 		vldr.32	s15, [r0, #4]
 133:Core/Src/main_functions.c ****     accel_data_value[5] = abs((int)(100*accel_data_p[1]) % 10);
 576              		.loc 1 133 36 view .LVU115
 577 00a8 67EEA87A 		vmul.f32	s15, s15, s17
 133:Core/Src/main_functions.c ****     accel_data_value[5] = abs((int)(100*accel_data_p[1]) % 10);
 578              		.loc 1 133 28 view .LVU116
 579 00ac FDEEE77A 		vcvt.s32.f32	s15, s15
 580 00b0 17EE902A 		vmov	r2, s15	@ int
 133:Core/Src/main_functions.c ****     accel_data_value[5] = abs((int)(100*accel_data_p[1]) % 10);
 581              		.loc 1 133 55 view .LVU117
 582 00b4 84FB0231 		smull	r3, r1, r4, r2
 583 00b8 D317     		asrs	r3, r2, #31
 584 00ba C3EBA103 		rsb	r3, r3, r1, asr #2
 585 00be 03EB8303 		add	r3, r3, r3, lsl #2
 586 00c2 A2EB4303 		sub	r3, r2, r3, lsl #1
ARM GAS  C:\Users\samue\AppData\Local\Temp\cctPAJPK.s 			page 17


 133:Core/Src/main_functions.c ****     accel_data_value[5] = abs((int)(100*accel_data_p[1]) % 10);
 587              		.loc 1 133 24 view .LVU118
 588 00c6 002B     		cmp	r3, #0
 589 00c8 B8BF     		it	lt
 590 00ca 5B42     		rsblt	r3, r3, #0
 133:Core/Src/main_functions.c ****     accel_data_value[5] = abs((int)(100*accel_data_p[1]) % 10);
 591              		.loc 1 133 22 view .LVU119
 592 00cc 3361     		str	r3, [r6, #16]
 134:Core/Src/main_functions.c **** 
 593              		.loc 1 134 5 is_stmt 1 view .LVU120
 134:Core/Src/main_functions.c **** 
 594              		.loc 1 134 53 is_stmt 0 view .LVU121
 595 00ce D0ED017A 		vldr.32	s15, [r0, #4]
 134:Core/Src/main_functions.c **** 
 596              		.loc 1 134 40 view .LVU122
 597 00d2 67EE887A 		vmul.f32	s15, s15, s16
 134:Core/Src/main_functions.c **** 
 598              		.loc 1 134 31 view .LVU123
 599 00d6 FDEEE77A 		vcvt.s32.f32	s15, s15
 600 00da 17EE902A 		vmov	r2, s15	@ int
 134:Core/Src/main_functions.c **** 
 601              		.loc 1 134 58 view .LVU124
 602 00de 84FB0231 		smull	r3, r1, r4, r2
 603 00e2 D317     		asrs	r3, r2, #31
 604 00e4 C3EBA103 		rsb	r3, r3, r1, asr #2
 605 00e8 03EB8303 		add	r3, r3, r3, lsl #2
 606 00ec A2EB4303 		sub	r3, r2, r3, lsl #1
 134:Core/Src/main_functions.c **** 
 607              		.loc 1 134 27 view .LVU125
 608 00f0 002B     		cmp	r3, #0
 609 00f2 B8BF     		it	lt
 610 00f4 5B42     		rsblt	r3, r3, #0
 134:Core/Src/main_functions.c **** 
 611              		.loc 1 134 25 view .LVU126
 612 00f6 7361     		str	r3, [r6, #20]
 136:Core/Src/main_functions.c **** 	accel_data_value[7] = abs((int)(10*accel_data_p[2])  % 10);
 613              		.loc 1 136 2 is_stmt 1 view .LVU127
 136:Core/Src/main_functions.c **** 	accel_data_value[7] = abs((int)(10*accel_data_p[2])  % 10);
 614              		.loc 1 136 45 is_stmt 0 view .LVU128
 615 00f8 D0ED027A 		vldr.32	s15, [r0, #8]
 136:Core/Src/main_functions.c **** 	accel_data_value[7] = abs((int)(10*accel_data_p[2])  % 10);
 616              		.loc 1 136 28 view .LVU129
 617 00fc FDEEE77A 		vcvt.s32.f32	s15, s15
 618 0100 17EE903A 		vmov	r3, s15	@ int
 136:Core/Src/main_functions.c **** 	accel_data_value[7] = abs((int)(10*accel_data_p[2])  % 10);
 619              		.loc 1 136 24 view .LVU130
 620 0104 002B     		cmp	r3, #0
 621 0106 B8BF     		it	lt
 622 0108 5B42     		rsblt	r3, r3, #0
 136:Core/Src/main_functions.c **** 	accel_data_value[7] = abs((int)(10*accel_data_p[2])  % 10);
 623              		.loc 1 136 22 view .LVU131
 624 010a B361     		str	r3, [r6, #24]
 137:Core/Src/main_functions.c ****     accel_data_value[8] = abs((int)(100*accel_data_p[2]) % 10);
 625              		.loc 1 137 2 is_stmt 1 view .LVU132
 137:Core/Src/main_functions.c ****     accel_data_value[8] = abs((int)(100*accel_data_p[2]) % 10);
 626              		.loc 1 137 49 is_stmt 0 view .LVU133
 627 010c D0ED027A 		vldr.32	s15, [r0, #8]
ARM GAS  C:\Users\samue\AppData\Local\Temp\cctPAJPK.s 			page 18


 137:Core/Src/main_functions.c ****     accel_data_value[8] = abs((int)(100*accel_data_p[2]) % 10);
 628              		.loc 1 137 36 view .LVU134
 629 0110 67EEA87A 		vmul.f32	s15, s15, s17
 137:Core/Src/main_functions.c ****     accel_data_value[8] = abs((int)(100*accel_data_p[2]) % 10);
 630              		.loc 1 137 28 view .LVU135
 631 0114 FDEEE77A 		vcvt.s32.f32	s15, s15
 632 0118 17EE902A 		vmov	r2, s15	@ int
 137:Core/Src/main_functions.c ****     accel_data_value[8] = abs((int)(100*accel_data_p[2]) % 10);
 633              		.loc 1 137 55 view .LVU136
 634 011c 84FB0231 		smull	r3, r1, r4, r2
 635 0120 D317     		asrs	r3, r2, #31
 636 0122 C3EBA103 		rsb	r3, r3, r1, asr #2
 637 0126 03EB8303 		add	r3, r3, r3, lsl #2
 638 012a A2EB4303 		sub	r3, r2, r3, lsl #1
 137:Core/Src/main_functions.c ****     accel_data_value[8] = abs((int)(100*accel_data_p[2]) % 10);
 639              		.loc 1 137 24 view .LVU137
 640 012e 002B     		cmp	r3, #0
 641 0130 B8BF     		it	lt
 642 0132 5B42     		rsblt	r3, r3, #0
 137:Core/Src/main_functions.c ****     accel_data_value[8] = abs((int)(100*accel_data_p[2]) % 10);
 643              		.loc 1 137 22 view .LVU138
 644 0134 F361     		str	r3, [r6, #28]
 138:Core/Src/main_functions.c **** 
 645              		.loc 1 138 5 is_stmt 1 view .LVU139
 138:Core/Src/main_functions.c **** 
 646              		.loc 1 138 53 is_stmt 0 view .LVU140
 647 0136 D0ED027A 		vldr.32	s15, [r0, #8]
 138:Core/Src/main_functions.c **** 
 648              		.loc 1 138 40 view .LVU141
 649 013a 67EE887A 		vmul.f32	s15, s15, s16
 138:Core/Src/main_functions.c **** 
 650              		.loc 1 138 31 view .LVU142
 651 013e FDEEE77A 		vcvt.s32.f32	s15, s15
 652 0142 17EE902A 		vmov	r2, s15	@ int
 138:Core/Src/main_functions.c **** 
 653              		.loc 1 138 58 view .LVU143
 654 0146 84FB0231 		smull	r3, r1, r4, r2
 655 014a D317     		asrs	r3, r2, #31
 656 014c C3EBA103 		rsb	r3, r3, r1, asr #2
 657 0150 03EB8303 		add	r3, r3, r3, lsl #2
 658 0154 A2EB4303 		sub	r3, r2, r3, lsl #1
 138:Core/Src/main_functions.c **** 
 659              		.loc 1 138 27 view .LVU144
 660 0158 002B     		cmp	r3, #0
 661 015a B8BF     		it	lt
 662 015c 5B42     		rsblt	r3, r3, #0
 138:Core/Src/main_functions.c **** 
 663              		.loc 1 138 25 view .LVU145
 664 015e 3362     		str	r3, [r6, #32]
 141:Core/Src/main_functions.c **** 
 665              		.loc 1 141 5 is_stmt 1 view .LVU146
 141:Core/Src/main_functions.c **** 
 666              		.loc 1 141 20 is_stmt 0 view .LVU147
 667 0160 844A     		ldr	r2, .L30+24
 668 0162 4321     		movs	r1, #67
 669 0164 D020     		movs	r0, #208
 670 0166 9FED840A 		vldr.32	s0, .L30+28
ARM GAS  C:\Users\samue\AppData\Local\Temp\cctPAJPK.s 			page 19


 671 016a FFF7FEFF 		bl	MPU6050_read
 672              	.LVL30:
 141:Core/Src/main_functions.c **** 
 673              		.loc 1 141 18 view .LVU148
 674 016e DFF82C82 		ldr	r8, .L30+64
 675 0172 C8F80000 		str	r0, [r8]
 144:Core/Src/main_functions.c **** 	gyro_data_value[1] = abs((int)(10*gyro_data_p[0])  % 10);
 676              		.loc 1 144 5 is_stmt 1 view .LVU149
 144:Core/Src/main_functions.c **** 	gyro_data_value[1] = abs((int)(10*gyro_data_p[0])  % 10);
 677              		.loc 1 144 46 is_stmt 0 view .LVU150
 678 0176 D0ED007A 		vldr.32	s15, [r0]
 144:Core/Src/main_functions.c **** 	gyro_data_value[1] = abs((int)(10*gyro_data_p[0])  % 10);
 679              		.loc 1 144 30 view .LVU151
 680 017a FDEEE77A 		vcvt.s32.f32	s15, s15
 681 017e 17EE903A 		vmov	r3, s15	@ int
 144:Core/Src/main_functions.c **** 	gyro_data_value[1] = abs((int)(10*gyro_data_p[0])  % 10);
 682              		.loc 1 144 26 view .LVU152
 683 0182 002B     		cmp	r3, #0
 684 0184 B8BF     		it	lt
 685 0186 5B42     		rsblt	r3, r3, #0
 144:Core/Src/main_functions.c **** 	gyro_data_value[1] = abs((int)(10*gyro_data_p[0])  % 10);
 686              		.loc 1 144 24 view .LVU153
 687 0188 7C4D     		ldr	r5, .L30+32
 688 018a 2B60     		str	r3, [r5]
 145:Core/Src/main_functions.c ****     gyro_data_value[2] = abs((int)(100*gyro_data_p[0]) % 10);
 689              		.loc 1 145 2 is_stmt 1 view .LVU154
 145:Core/Src/main_functions.c ****     gyro_data_value[2] = abs((int)(100*gyro_data_p[0]) % 10);
 690              		.loc 1 145 47 is_stmt 0 view .LVU155
 691 018c D0ED007A 		vldr.32	s15, [r0]
 145:Core/Src/main_functions.c ****     gyro_data_value[2] = abs((int)(100*gyro_data_p[0]) % 10);
 692              		.loc 1 145 35 view .LVU156
 693 0190 67EEA87A 		vmul.f32	s15, s15, s17
 145:Core/Src/main_functions.c ****     gyro_data_value[2] = abs((int)(100*gyro_data_p[0]) % 10);
 694              		.loc 1 145 27 view .LVU157
 695 0194 FDEEE77A 		vcvt.s32.f32	s15, s15
 696 0198 17EE902A 		vmov	r2, s15	@ int
 145:Core/Src/main_functions.c ****     gyro_data_value[2] = abs((int)(100*gyro_data_p[0]) % 10);
 697              		.loc 1 145 53 view .LVU158
 698 019c 84FB0231 		smull	r3, r1, r4, r2
 699 01a0 D317     		asrs	r3, r2, #31
 700 01a2 C3EBA103 		rsb	r3, r3, r1, asr #2
 701 01a6 03EB8303 		add	r3, r3, r3, lsl #2
 702 01aa A2EB4303 		sub	r3, r2, r3, lsl #1
 145:Core/Src/main_functions.c ****     gyro_data_value[2] = abs((int)(100*gyro_data_p[0]) % 10);
 703              		.loc 1 145 23 view .LVU159
 704 01ae 002B     		cmp	r3, #0
 705 01b0 B8BF     		it	lt
 706 01b2 5B42     		rsblt	r3, r3, #0
 145:Core/Src/main_functions.c ****     gyro_data_value[2] = abs((int)(100*gyro_data_p[0]) % 10);
 707              		.loc 1 145 21 view .LVU160
 708 01b4 6B60     		str	r3, [r5, #4]
 146:Core/Src/main_functions.c **** 
 709              		.loc 1 146 5 is_stmt 1 view .LVU161
 146:Core/Src/main_functions.c **** 
 710              		.loc 1 146 51 is_stmt 0 view .LVU162
 711 01b6 D0ED007A 		vldr.32	s15, [r0]
 146:Core/Src/main_functions.c **** 
ARM GAS  C:\Users\samue\AppData\Local\Temp\cctPAJPK.s 			page 20


 712              		.loc 1 146 39 view .LVU163
 713 01ba 67EE887A 		vmul.f32	s15, s15, s16
 146:Core/Src/main_functions.c **** 
 714              		.loc 1 146 30 view .LVU164
 715 01be FDEEE77A 		vcvt.s32.f32	s15, s15
 716 01c2 17EE902A 		vmov	r2, s15	@ int
 146:Core/Src/main_functions.c **** 
 717              		.loc 1 146 56 view .LVU165
 718 01c6 84FB0231 		smull	r3, r1, r4, r2
 719 01ca D317     		asrs	r3, r2, #31
 720 01cc C3EBA103 		rsb	r3, r3, r1, asr #2
 721 01d0 03EB8303 		add	r3, r3, r3, lsl #2
 722 01d4 A2EB4303 		sub	r3, r2, r3, lsl #1
 146:Core/Src/main_functions.c **** 
 723              		.loc 1 146 26 view .LVU166
 724 01d8 002B     		cmp	r3, #0
 725 01da B8BF     		it	lt
 726 01dc 5B42     		rsblt	r3, r3, #0
 146:Core/Src/main_functions.c **** 
 727              		.loc 1 146 24 view .LVU167
 728 01de AB60     		str	r3, [r5, #8]
 148:Core/Src/main_functions.c **** 	gyro_data_value[4] = abs((int)(10*gyro_data_p[1])  % 10);
 729              		.loc 1 148 2 is_stmt 1 view .LVU168
 148:Core/Src/main_functions.c **** 	gyro_data_value[4] = abs((int)(10*gyro_data_p[1])  % 10);
 730              		.loc 1 148 43 is_stmt 0 view .LVU169
 731 01e0 D0ED017A 		vldr.32	s15, [r0, #4]
 148:Core/Src/main_functions.c **** 	gyro_data_value[4] = abs((int)(10*gyro_data_p[1])  % 10);
 732              		.loc 1 148 27 view .LVU170
 733 01e4 FDEEE77A 		vcvt.s32.f32	s15, s15
 734 01e8 17EE903A 		vmov	r3, s15	@ int
 148:Core/Src/main_functions.c **** 	gyro_data_value[4] = abs((int)(10*gyro_data_p[1])  % 10);
 735              		.loc 1 148 23 view .LVU171
 736 01ec 002B     		cmp	r3, #0
 737 01ee B8BF     		it	lt
 738 01f0 5B42     		rsblt	r3, r3, #0
 148:Core/Src/main_functions.c **** 	gyro_data_value[4] = abs((int)(10*gyro_data_p[1])  % 10);
 739              		.loc 1 148 21 view .LVU172
 740 01f2 EB60     		str	r3, [r5, #12]
 149:Core/Src/main_functions.c ****     gyro_data_value[5] = abs((int)(100*gyro_data_p[1]) % 10);
 741              		.loc 1 149 2 is_stmt 1 view .LVU173
 149:Core/Src/main_functions.c ****     gyro_data_value[5] = abs((int)(100*gyro_data_p[1]) % 10);
 742              		.loc 1 149 47 is_stmt 0 view .LVU174
 743 01f4 D0ED017A 		vldr.32	s15, [r0, #4]
 149:Core/Src/main_functions.c ****     gyro_data_value[5] = abs((int)(100*gyro_data_p[1]) % 10);
 744              		.loc 1 149 35 view .LVU175
 745 01f8 67EEA87A 		vmul.f32	s15, s15, s17
 149:Core/Src/main_functions.c ****     gyro_data_value[5] = abs((int)(100*gyro_data_p[1]) % 10);
 746              		.loc 1 149 27 view .LVU176
 747 01fc FDEEE77A 		vcvt.s32.f32	s15, s15
 748 0200 17EE902A 		vmov	r2, s15	@ int
 149:Core/Src/main_functions.c ****     gyro_data_value[5] = abs((int)(100*gyro_data_p[1]) % 10);
 749              		.loc 1 149 53 view .LVU177
 750 0204 84FB0231 		smull	r3, r1, r4, r2
 751 0208 D317     		asrs	r3, r2, #31
 752 020a C3EBA103 		rsb	r3, r3, r1, asr #2
 753 020e 03EB8303 		add	r3, r3, r3, lsl #2
 754 0212 A2EB4303 		sub	r3, r2, r3, lsl #1
ARM GAS  C:\Users\samue\AppData\Local\Temp\cctPAJPK.s 			page 21


 149:Core/Src/main_functions.c ****     gyro_data_value[5] = abs((int)(100*gyro_data_p[1]) % 10);
 755              		.loc 1 149 23 view .LVU178
 756 0216 002B     		cmp	r3, #0
 757 0218 B8BF     		it	lt
 758 021a 5B42     		rsblt	r3, r3, #0
 149:Core/Src/main_functions.c ****     gyro_data_value[5] = abs((int)(100*gyro_data_p[1]) % 10);
 759              		.loc 1 149 21 view .LVU179
 760 021c 2B61     		str	r3, [r5, #16]
 150:Core/Src/main_functions.c **** 
 761              		.loc 1 150 5 is_stmt 1 view .LVU180
 150:Core/Src/main_functions.c **** 
 762              		.loc 1 150 51 is_stmt 0 view .LVU181
 763 021e D0ED017A 		vldr.32	s15, [r0, #4]
 150:Core/Src/main_functions.c **** 
 764              		.loc 1 150 39 view .LVU182
 765 0222 67EE887A 		vmul.f32	s15, s15, s16
 150:Core/Src/main_functions.c **** 
 766              		.loc 1 150 30 view .LVU183
 767 0226 FDEEE77A 		vcvt.s32.f32	s15, s15
 768 022a 17EE902A 		vmov	r2, s15	@ int
 150:Core/Src/main_functions.c **** 
 769              		.loc 1 150 56 view .LVU184
 770 022e 84FB0231 		smull	r3, r1, r4, r2
 771 0232 D317     		asrs	r3, r2, #31
 772 0234 C3EBA103 		rsb	r3, r3, r1, asr #2
 773 0238 03EB8303 		add	r3, r3, r3, lsl #2
 774 023c A2EB4303 		sub	r3, r2, r3, lsl #1
 150:Core/Src/main_functions.c **** 
 775              		.loc 1 150 26 view .LVU185
 776 0240 002B     		cmp	r3, #0
 777 0242 B8BF     		it	lt
 778 0244 5B42     		rsblt	r3, r3, #0
 150:Core/Src/main_functions.c **** 
 779              		.loc 1 150 24 view .LVU186
 780 0246 6B61     		str	r3, [r5, #20]
 152:Core/Src/main_functions.c **** 	gyro_data_value[7] = abs((int)(10*gyro_data_p[2])  % 10);
 781              		.loc 1 152 2 is_stmt 1 view .LVU187
 152:Core/Src/main_functions.c **** 	gyro_data_value[7] = abs((int)(10*gyro_data_p[2])  % 10);
 782              		.loc 1 152 43 is_stmt 0 view .LVU188
 783 0248 D0ED027A 		vldr.32	s15, [r0, #8]
 152:Core/Src/main_functions.c **** 	gyro_data_value[7] = abs((int)(10*gyro_data_p[2])  % 10);
 784              		.loc 1 152 27 view .LVU189
 785 024c FDEEE77A 		vcvt.s32.f32	s15, s15
 786 0250 17EE903A 		vmov	r3, s15	@ int
 152:Core/Src/main_functions.c **** 	gyro_data_value[7] = abs((int)(10*gyro_data_p[2])  % 10);
 787              		.loc 1 152 23 view .LVU190
 788 0254 002B     		cmp	r3, #0
 789 0256 B8BF     		it	lt
 790 0258 5B42     		rsblt	r3, r3, #0
 152:Core/Src/main_functions.c **** 	gyro_data_value[7] = abs((int)(10*gyro_data_p[2])  % 10);
 791              		.loc 1 152 21 view .LVU191
 792 025a AB61     		str	r3, [r5, #24]
 153:Core/Src/main_functions.c ****     gyro_data_value[8] = abs((int)(100*gyro_data_p[2]) % 10);
 793              		.loc 1 153 2 is_stmt 1 view .LVU192
 153:Core/Src/main_functions.c ****     gyro_data_value[8] = abs((int)(100*gyro_data_p[2]) % 10);
 794              		.loc 1 153 47 is_stmt 0 view .LVU193
 795 025c D0ED027A 		vldr.32	s15, [r0, #8]
ARM GAS  C:\Users\samue\AppData\Local\Temp\cctPAJPK.s 			page 22


 153:Core/Src/main_functions.c ****     gyro_data_value[8] = abs((int)(100*gyro_data_p[2]) % 10);
 796              		.loc 1 153 35 view .LVU194
 797 0260 67EEA87A 		vmul.f32	s15, s15, s17
 153:Core/Src/main_functions.c ****     gyro_data_value[8] = abs((int)(100*gyro_data_p[2]) % 10);
 798              		.loc 1 153 27 view .LVU195
 799 0264 FDEEE77A 		vcvt.s32.f32	s15, s15
 800 0268 17EE902A 		vmov	r2, s15	@ int
 153:Core/Src/main_functions.c ****     gyro_data_value[8] = abs((int)(100*gyro_data_p[2]) % 10);
 801              		.loc 1 153 53 view .LVU196
 802 026c 84FB0231 		smull	r3, r1, r4, r2
 803 0270 D317     		asrs	r3, r2, #31
 804 0272 C3EBA103 		rsb	r3, r3, r1, asr #2
 805 0276 03EB8303 		add	r3, r3, r3, lsl #2
 806 027a A2EB4303 		sub	r3, r2, r3, lsl #1
 153:Core/Src/main_functions.c ****     gyro_data_value[8] = abs((int)(100*gyro_data_p[2]) % 10);
 807              		.loc 1 153 23 view .LVU197
 808 027e 002B     		cmp	r3, #0
 809 0280 B8BF     		it	lt
 810 0282 5B42     		rsblt	r3, r3, #0
 153:Core/Src/main_functions.c ****     gyro_data_value[8] = abs((int)(100*gyro_data_p[2]) % 10);
 811              		.loc 1 153 21 view .LVU198
 812 0284 EB61     		str	r3, [r5, #28]
 154:Core/Src/main_functions.c **** 
 813              		.loc 1 154 5 is_stmt 1 view .LVU199
 154:Core/Src/main_functions.c **** 
 814              		.loc 1 154 51 is_stmt 0 view .LVU200
 815 0286 D0ED027A 		vldr.32	s15, [r0, #8]
 154:Core/Src/main_functions.c **** 
 816              		.loc 1 154 39 view .LVU201
 817 028a 67EE887A 		vmul.f32	s15, s15, s16
 154:Core/Src/main_functions.c **** 
 818              		.loc 1 154 30 view .LVU202
 819 028e FDEEE77A 		vcvt.s32.f32	s15, s15
 820 0292 17EE902A 		vmov	r2, s15	@ int
 154:Core/Src/main_functions.c **** 
 821              		.loc 1 154 56 view .LVU203
 822 0296 84FB0234 		smull	r3, r4, r4, r2
 823 029a D317     		asrs	r3, r2, #31
 824 029c C3EBA404 		rsb	r4, r3, r4, asr #2
 825 02a0 04EB8404 		add	r4, r4, r4, lsl #2
 826 02a4 A2EB4404 		sub	r4, r2, r4, lsl #1
 154:Core/Src/main_functions.c **** 
 827              		.loc 1 154 26 view .LVU204
 828 02a8 002C     		cmp	r4, #0
 829 02aa B8BF     		it	lt
 830 02ac 6442     		rsblt	r4, r4, #0
 154:Core/Src/main_functions.c **** 
 831              		.loc 1 154 24 view .LVU205
 832 02ae 2C62     		str	r4, [r5, #32]
 158:Core/Src/main_functions.c **** 
 833              		.loc 1 158 5 is_stmt 1 view .LVU206
 834 02b0 3B68     		ldr	r3, [r7]
 835 02b2 93ED000A 		vldr.32	s0, [r3]
 836 02b6 0196     		str	r6, [sp, #4]
 837 02b8 0024     		movs	r4, #0
 838 02ba 0094     		str	r4, [sp]
 839 02bc 304B     		ldr	r3, .L30+36
ARM GAS  C:\Users\samue\AppData\Local\Temp\cctPAJPK.s 			page 23


 840 02be 0322     		movs	r2, #3
 841 02c0 0421     		movs	r1, #4
 842 02c2 2046     		mov	r0, r4
 843 02c4 FFF7FEFF 		bl	print_data
 844              	.LVL31:
 161:Core/Src/main_functions.c **** 
 845              		.loc 1 161 5 view .LVU207
 161:Core/Src/main_functions.c **** 
 846              		.loc 1 161 60 is_stmt 0 view .LVU208
 847 02c8 3B68     		ldr	r3, [r7]
 161:Core/Src/main_functions.c **** 
 848              		.loc 1 161 5 view .LVU209
 849 02ca 93ED010A 		vldr.32	s0, [r3, #4]
 850 02ce 0196     		str	r6, [sp, #4]
 851 02d0 4FF00309 		mov	r9, #3
 852 02d4 CDF80090 		str	r9, [sp]
 853 02d8 2A4B     		ldr	r3, .L30+40
 854 02da 4322     		movs	r2, #67
 855 02dc 4421     		movs	r1, #68
 856 02de 4020     		movs	r0, #64
 857 02e0 FFF7FEFF 		bl	print_data
 858              	.LVL32:
 164:Core/Src/main_functions.c **** 
 859              		.loc 1 164 5 is_stmt 1 view .LVU210
 164:Core/Src/main_functions.c **** 
 860              		.loc 1 164 60 is_stmt 0 view .LVU211
 861 02e4 3B68     		ldr	r3, [r7]
 164:Core/Src/main_functions.c **** 
 862              		.loc 1 164 5 view .LVU212
 863 02e6 93ED020A 		vldr.32	s0, [r3, #8]
 864 02ea 0196     		str	r6, [sp, #4]
 865 02ec 0626     		movs	r6, #6
 866 02ee 0096     		str	r6, [sp]
 867 02f0 254B     		ldr	r3, .L30+44
 868 02f2 1722     		movs	r2, #23
 869 02f4 1821     		movs	r1, #24
 870 02f6 1420     		movs	r0, #20
 871 02f8 FFF7FEFF 		bl	print_data
 872              	.LVL33:
 167:Core/Src/main_functions.c **** 
 873              		.loc 1 167 5 is_stmt 1 view .LVU213
 874 02fc D8F80030 		ldr	r3, [r8]
 875 0300 93ED000A 		vldr.32	s0, [r3]
 876 0304 0195     		str	r5, [sp, #4]
 877 0306 0094     		str	r4, [sp]
 878 0308 204B     		ldr	r3, .L30+48
 879 030a 0D22     		movs	r2, #13
 880 030c 0E21     		movs	r1, #14
 881 030e 0A20     		movs	r0, #10
 882 0310 FFF7FEFF 		bl	print_data
 883              	.LVL34:
 170:Core/Src/main_functions.c **** 
 884              		.loc 1 170 5 view .LVU214
 170:Core/Src/main_functions.c **** 
 885              		.loc 1 170 59 is_stmt 0 view .LVU215
 886 0314 D8F80030 		ldr	r3, [r8]
 170:Core/Src/main_functions.c **** 
ARM GAS  C:\Users\samue\AppData\Local\Temp\cctPAJPK.s 			page 24


 887              		.loc 1 170 5 view .LVU216
 888 0318 93ED010A 		vldr.32	s0, [r3, #4]
 889 031c 0195     		str	r5, [sp, #4]
 890 031e CDF80090 		str	r9, [sp]
 891 0322 1B4B     		ldr	r3, .L30+52
 892 0324 4D22     		movs	r2, #77
 893 0326 4E21     		movs	r1, #78
 894 0328 4A20     		movs	r0, #74
 895 032a FFF7FEFF 		bl	print_data
 896              	.LVL35:
 173:Core/Src/main_functions.c **** 
 897              		.loc 1 173 5 is_stmt 1 view .LVU217
 173:Core/Src/main_functions.c **** 
 898              		.loc 1 173 59 is_stmt 0 view .LVU218
 899 032e D8F80030 		ldr	r3, [r8]
 173:Core/Src/main_functions.c **** 
 900              		.loc 1 173 5 view .LVU219
 901 0332 93ED020A 		vldr.32	s0, [r3, #8]
 902 0336 0195     		str	r5, [sp, #4]
 903 0338 0096     		str	r6, [sp]
 904 033a 164B     		ldr	r3, .L30+56
 905 033c 2122     		movs	r2, #33
 906 033e 2221     		movs	r1, #34
 907 0340 1E20     		movs	r0, #30
 908 0342 FFF7FEFF 		bl	print_data
 909              	.LVL36:
 176:Core/Src/main_functions.c **** 	lcd_send_string("                    ");
 910              		.loc 1 176 2 is_stmt 1 view .LVU220
 911 0346 D420     		movs	r0, #212
 912 0348 FFF7FEFF 		bl	lcd_send_cmd
 913              	.LVL37:
 177:Core/Src/main_functions.c **** }
 914              		.loc 1 177 2 view .LVU221
 915 034c 1248     		ldr	r0, .L30+60
 916 034e FFF7FEFF 		bl	lcd_send_string
 917              	.LVL38:
 178:Core/Src/main_functions.c **** 
 918              		.loc 1 178 1 is_stmt 0 view .LVU222
 919 0352 03B0     		add	sp, sp, #12
 920              	.LCFI12:
 921              		.cfi_def_cfa_offset 36
 922              		@ sp needed
 923 0354 BDEC028B 		vldm	sp!, {d8}
 924              	.LCFI13:
 925              		.cfi_restore 80
 926              		.cfi_restore 81
 927              		.cfi_def_cfa_offset 28
 928 0358 BDE8F083 		pop	{r4, r5, r6, r7, r8, r9, pc}
 929              	.L31:
 930              		.align	2
 931              	.L30:
 932 035c 00000000 		.word	.LANCHOR3
 933 0360 00008046 		.word	1182793728
 934 0364 00000000 		.word	.LANCHOR10
 935 0368 00000000 		.word	.LANCHOR11
 936 036c 67666666 		.word	1717986919
 937 0370 0000C842 		.word	1120403456
ARM GAS  C:\Users\samue\AppData\Local\Temp\cctPAJPK.s 			page 25


 938 0374 00000000 		.word	.LANCHOR5
 939 0378 00000343 		.word	1124270080
 940 037c 00000000 		.word	.LANCHOR13
 941 0380 00000000 		.word	.LANCHOR14
 942 0384 00000000 		.word	.LANCHOR15
 943 0388 00000000 		.word	.LANCHOR16
 944 038c 00000000 		.word	.LANCHOR17
 945 0390 00000000 		.word	.LANCHOR18
 946 0394 00000000 		.word	.LANCHOR19
 947 0398 00000000 		.word	.LC7
 948 039c 00000000 		.word	.LANCHOR12
 949              		.cfi_endproc
 950              	.LFE135:
 952              		.global	FSM
 953              		.global	Gz_string
 954              		.global	Gy_string
 955              		.global	Gx_string
 956              		.global	Az_string
 957              		.global	Ay_string
 958              		.global	Ax_string
 959              		.global	line_pos
 960              		.global	buf
 961              		.global	zero_corr
 962              		.global	gyro_corr_p
 963              		.global	gyro_corr
 964              		.global	gyro_data_p
 965              		.global	gyro_data_value
 966              		.global	accel_corr_p
 967              		.global	accel_corr
 968              		.global	accel_data_p
 969              		.global	accel_data_value
 970              		.global	state
 971              		.global	flag
 972              		.section	.bss.accel_corr,"aw",%nobits
 973              		.align	2
 974              		.set	.LANCHOR3,. + 0
 977              	accel_corr:
 978 0000 00000000 		.space	12
 978      00000000 
 978      00000000 
 979              		.section	.bss.accel_corr_p,"aw",%nobits
 980              		.align	2
 981              		.set	.LANCHOR2,. + 0
 984              	accel_corr_p:
 985 0000 00000000 		.space	4
 986              		.section	.bss.accel_data_p,"aw",%nobits
 987              		.align	2
 988              		.set	.LANCHOR10,. + 0
 991              	accel_data_p:
 992 0000 00000000 		.space	4
 993              		.section	.bss.accel_data_value,"aw",%nobits
 994              		.align	2
 995              		.set	.LANCHOR11,. + 0
 998              	accel_data_value:
 999 0000 00000000 		.space	36
 999      00000000 
 999      00000000 
ARM GAS  C:\Users\samue\AppData\Local\Temp\cctPAJPK.s 			page 26


 999      00000000 
 999      00000000 
 1000              		.section	.bss.buf,"aw",%nobits
 1001              		.align	2
 1002              		.set	.LANCHOR9,. + 0
 1005              	buf:
 1006 0000 00000000 		.space	6
 1006      0000
 1007              		.section	.bss.flag,"aw",%nobits
 1008              		.set	.LANCHOR0,. + 0
 1011              	flag:
 1012 0000 00       		.space	1
 1013              		.section	.bss.gyro_corr,"aw",%nobits
 1014              		.align	2
 1015              		.set	.LANCHOR5,. + 0
 1018              	gyro_corr:
 1019 0000 00000000 		.space	12
 1019      00000000 
 1019      00000000 
 1020              		.section	.bss.gyro_corr_p,"aw",%nobits
 1021              		.align	2
 1022              		.set	.LANCHOR4,. + 0
 1025              	gyro_corr_p:
 1026 0000 00000000 		.space	4
 1027              		.section	.bss.gyro_data_p,"aw",%nobits
 1028              		.align	2
 1029              		.set	.LANCHOR12,. + 0
 1032              	gyro_data_p:
 1033 0000 00000000 		.space	4
 1034              		.section	.bss.gyro_data_value,"aw",%nobits
 1035              		.align	2
 1036              		.set	.LANCHOR13,. + 0
 1039              	gyro_data_value:
 1040 0000 00000000 		.space	36
 1040      00000000 
 1040      00000000 
 1040      00000000 
 1040      00000000 
 1041              		.section	.bss.line_pos,"aw",%nobits
 1042              		.set	.LANCHOR8,. + 0
 1045              	line_pos:
 1046 0000 00       		.space	1
 1047              		.section	.bss.state,"aw",%nobits
 1048              		.align	2
 1049              		.set	.LANCHOR6,. + 0
 1052              	state:
 1053 0000 00000000 		.space	4
 1054              		.section	.bss.zero_corr,"aw",%nobits
 1055              		.align	2
 1056              		.set	.LANCHOR1,. + 0
 1059              	zero_corr:
 1060 0000 00000000 		.space	12
 1060      00000000 
 1060      00000000 
 1061              		.section	.data.Ax_string,"aw"
 1062              		.align	2
 1063              		.set	.LANCHOR14,. + 0
ARM GAS  C:\Users\samue\AppData\Local\Temp\cctPAJPK.s 			page 27


 1066              	Ax_string:
 1067 0000 41783D20 		.ascii	"Ax=       \000"
 1067      20202020 
 1067      202000
 1068              		.section	.data.Ay_string,"aw"
 1069              		.align	2
 1070              		.set	.LANCHOR15,. + 0
 1073              	Ay_string:
 1074 0000 41793D20 		.ascii	"Ay=       \000"
 1074      20202020 
 1074      202000
 1075              		.section	.data.Az_string,"aw"
 1076              		.align	2
 1077              		.set	.LANCHOR16,. + 0
 1080              	Az_string:
 1081 0000 417A3D20 		.ascii	"Az=       \000"
 1081      20202020 
 1081      202000
 1082              		.section	.data.Gx_string,"aw"
 1083              		.align	2
 1084              		.set	.LANCHOR17,. + 0
 1087              	Gx_string:
 1088 0000 47783D20 		.ascii	"Gx=       \000"
 1088      20202020 
 1088      202000
 1089              		.section	.data.Gy_string,"aw"
 1090              		.align	2
 1091              		.set	.LANCHOR18,. + 0
 1094              	Gy_string:
 1095 0000 47793D20 		.ascii	"Gy=       \000"
 1095      20202020 
 1095      202000
 1096              		.section	.data.Gz_string,"aw"
 1097              		.align	2
 1098              		.set	.LANCHOR19,. + 0
 1101              	Gz_string:
 1102 0000 477A3D20 		.ascii	"Gz=       \000"
 1102      20202020 
 1102      202000
 1103              		.section	.rodata.FSM,"a"
 1104              		.align	2
 1105              		.set	.LANCHOR7,. + 0
 1108              	FSM:
 1109 0000 00000000 		.word	normal
 1110 0004 F4010000 		.word	500
 1111 0008 00000000 		.word	0
 1112 000c 01000000 		.word	1
 1113 0010 00000000 		.word	accel_cal_prep
 1114 0014 E8030000 		.word	1000
 1115 0018 01000000 		.word	1
 1116 001c 02000000 		.word	2
 1117 0020 00000000 		.word	accel_cal
 1118 0024 D0070000 		.word	2000
 1119 0028 00000000 		.word	0
 1120 002c 00000000 		.word	0
 1121              		.text
 1122              	.Letext0:
ARM GAS  C:\Users\samue\AppData\Local\Temp\cctPAJPK.s 			page 28


 1123              		.file 2 "c:\\dev_tools\\gcc-arm-none-eabi-10.3-2021.10-win32\\gcc-arm-none-eabi-10.3-2021.10\\arm-
 1124              		.file 3 "c:\\dev_tools\\gcc-arm-none-eabi-10.3-2021.10-win32\\gcc-arm-none-eabi-10.3-2021.10\\arm-
 1125              		.file 4 "Core/Inc/i2c-lcd.h"
 1126              		.file 5 "Core/Inc/accelerometer_data.h"
 1127              		.file 6 "c:\\dev_tools\\gcc-arm-none-eabi-10.3-2021.10-win32\\gcc-arm-none-eabi-10.3-2021.10\\arm-
 1128              		.file 7 "Drivers/STM32F4xx_HAL_Driver/Inc/stm32f4xx_hal.h"
ARM GAS  C:\Users\samue\AppData\Local\Temp\cctPAJPK.s 			page 29


DEFINED SYMBOLS
                            *ABS*:00000000 main_functions.c
C:\Users\samue\AppData\Local\Temp\cctPAJPK.s:20     .rodata.accel_cal_prep.str1.4:00000000 $d
C:\Users\samue\AppData\Local\Temp\cctPAJPK.s:30     .text.accel_cal_prep:00000000 $t
C:\Users\samue\AppData\Local\Temp\cctPAJPK.s:36     .text.accel_cal_prep:00000000 accel_cal_prep
C:\Users\samue\AppData\Local\Temp\cctPAJPK.s:95     .text.accel_cal_prep:0000003c $d
C:\Users\samue\AppData\Local\Temp\cctPAJPK.s:103    .rodata.accel_cal.str1.4:00000000 $d
C:\Users\samue\AppData\Local\Temp\cctPAJPK.s:107    .text.accel_cal:00000000 $t
C:\Users\samue\AppData\Local\Temp\cctPAJPK.s:113    .text.accel_cal:00000000 accel_cal
C:\Users\samue\AppData\Local\Temp\cctPAJPK.s:196    .text.accel_cal:0000005c $d
C:\Users\samue\AppData\Local\Temp\cctPAJPK.s:209    .rodata.main_function.str1.4:00000000 $d
C:\Users\samue\AppData\Local\Temp\cctPAJPK.s:213    .text.main_function:00000000 $t
C:\Users\samue\AppData\Local\Temp\cctPAJPK.s:219    .text.main_function:00000000 main_function
C:\Users\samue\AppData\Local\Temp\cctPAJPK.s:287    .text.main_function:00000050 $d
C:\Users\samue\AppData\Local\Temp\cctPAJPK.s:295    .text.HAL_GPIO_EXTI_Callback:00000000 $t
C:\Users\samue\AppData\Local\Temp\cctPAJPK.s:301    .text.HAL_GPIO_EXTI_Callback:00000000 HAL_GPIO_EXTI_Callback
C:\Users\samue\AppData\Local\Temp\cctPAJPK.s:319    .text.HAL_GPIO_EXTI_Callback:00000008 $d
C:\Users\samue\AppData\Local\Temp\cctPAJPK.s:324    .rodata.print_data.str1.4:00000000 $d
C:\Users\samue\AppData\Local\Temp\cctPAJPK.s:331    .text.print_data:00000000 $t
C:\Users\samue\AppData\Local\Temp\cctPAJPK.s:337    .text.print_data:00000000 print_data
C:\Users\samue\AppData\Local\Temp\cctPAJPK.s:452    .text.print_data:00000090 $d
C:\Users\samue\AppData\Local\Temp\cctPAJPK.s:460    .rodata.normal.str1.4:00000000 $d
C:\Users\samue\AppData\Local\Temp\cctPAJPK.s:464    .text.normal:00000000 $t
C:\Users\samue\AppData\Local\Temp\cctPAJPK.s:470    .text.normal:00000000 normal
C:\Users\samue\AppData\Local\Temp\cctPAJPK.s:932    .text.normal:0000035c $d
C:\Users\samue\AppData\Local\Temp\cctPAJPK.s:1108   .rodata.FSM:00000000 FSM
C:\Users\samue\AppData\Local\Temp\cctPAJPK.s:1101   .data.Gz_string:00000000 Gz_string
C:\Users\samue\AppData\Local\Temp\cctPAJPK.s:1094   .data.Gy_string:00000000 Gy_string
C:\Users\samue\AppData\Local\Temp\cctPAJPK.s:1087   .data.Gx_string:00000000 Gx_string
C:\Users\samue\AppData\Local\Temp\cctPAJPK.s:1080   .data.Az_string:00000000 Az_string
C:\Users\samue\AppData\Local\Temp\cctPAJPK.s:1073   .data.Ay_string:00000000 Ay_string
C:\Users\samue\AppData\Local\Temp\cctPAJPK.s:1066   .data.Ax_string:00000000 Ax_string
C:\Users\samue\AppData\Local\Temp\cctPAJPK.s:1045   .bss.line_pos:00000000 line_pos
C:\Users\samue\AppData\Local\Temp\cctPAJPK.s:1005   .bss.buf:00000000 buf
C:\Users\samue\AppData\Local\Temp\cctPAJPK.s:1059   .bss.zero_corr:00000000 zero_corr
C:\Users\samue\AppData\Local\Temp\cctPAJPK.s:1025   .bss.gyro_corr_p:00000000 gyro_corr_p
C:\Users\samue\AppData\Local\Temp\cctPAJPK.s:1018   .bss.gyro_corr:00000000 gyro_corr
C:\Users\samue\AppData\Local\Temp\cctPAJPK.s:1032   .bss.gyro_data_p:00000000 gyro_data_p
C:\Users\samue\AppData\Local\Temp\cctPAJPK.s:1039   .bss.gyro_data_value:00000000 gyro_data_value
C:\Users\samue\AppData\Local\Temp\cctPAJPK.s:984    .bss.accel_corr_p:00000000 accel_corr_p
C:\Users\samue\AppData\Local\Temp\cctPAJPK.s:977    .bss.accel_corr:00000000 accel_corr
C:\Users\samue\AppData\Local\Temp\cctPAJPK.s:991    .bss.accel_data_p:00000000 accel_data_p
C:\Users\samue\AppData\Local\Temp\cctPAJPK.s:998    .bss.accel_data_value:00000000 accel_data_value
C:\Users\samue\AppData\Local\Temp\cctPAJPK.s:1052   .bss.state:00000000 state
C:\Users\samue\AppData\Local\Temp\cctPAJPK.s:1011   .bss.flag:00000000 flag
C:\Users\samue\AppData\Local\Temp\cctPAJPK.s:973    .bss.accel_corr:00000000 $d
C:\Users\samue\AppData\Local\Temp\cctPAJPK.s:980    .bss.accel_corr_p:00000000 $d
C:\Users\samue\AppData\Local\Temp\cctPAJPK.s:987    .bss.accel_data_p:00000000 $d
C:\Users\samue\AppData\Local\Temp\cctPAJPK.s:994    .bss.accel_data_value:00000000 $d
C:\Users\samue\AppData\Local\Temp\cctPAJPK.s:1001   .bss.buf:00000000 $d
C:\Users\samue\AppData\Local\Temp\cctPAJPK.s:1012   .bss.flag:00000000 $d
C:\Users\samue\AppData\Local\Temp\cctPAJPK.s:1014   .bss.gyro_corr:00000000 $d
C:\Users\samue\AppData\Local\Temp\cctPAJPK.s:1021   .bss.gyro_corr_p:00000000 $d
C:\Users\samue\AppData\Local\Temp\cctPAJPK.s:1028   .bss.gyro_data_p:00000000 $d
C:\Users\samue\AppData\Local\Temp\cctPAJPK.s:1035   .bss.gyro_data_value:00000000 $d
C:\Users\samue\AppData\Local\Temp\cctPAJPK.s:1046   .bss.line_pos:00000000 $d
C:\Users\samue\AppData\Local\Temp\cctPAJPK.s:1048   .bss.state:00000000 $d
ARM GAS  C:\Users\samue\AppData\Local\Temp\cctPAJPK.s 			page 30


C:\Users\samue\AppData\Local\Temp\cctPAJPK.s:1055   .bss.zero_corr:00000000 $d
C:\Users\samue\AppData\Local\Temp\cctPAJPK.s:1062   .data.Ax_string:00000000 $d
C:\Users\samue\AppData\Local\Temp\cctPAJPK.s:1069   .data.Ay_string:00000000 $d
C:\Users\samue\AppData\Local\Temp\cctPAJPK.s:1076   .data.Az_string:00000000 $d
C:\Users\samue\AppData\Local\Temp\cctPAJPK.s:1083   .data.Gx_string:00000000 $d
C:\Users\samue\AppData\Local\Temp\cctPAJPK.s:1090   .data.Gy_string:00000000 $d
C:\Users\samue\AppData\Local\Temp\cctPAJPK.s:1097   .data.Gz_string:00000000 $d
C:\Users\samue\AppData\Local\Temp\cctPAJPK.s:1104   .rodata.FSM:00000000 $d

UNDEFINED SYMBOLS
lcd_send_cmd
lcd_send_string
lcd_clear
MPU6050_read
lcd_init
MPU6050_Init
HAL_Delay
sprintf
