ARM GAS  C:\Users\samue\AppData\Local\Temp\ccUC9bJK.s 			page 1


   1              		.cpu cortex-m4
   2              		.arch armv7e-m
   3              		.fpu fpv4-sp-d16
   4              		.eabi_attribute 27, 1
   5              		.eabi_attribute 28, 1
   6              		.eabi_attribute 20, 1
   7              		.eabi_attribute 21, 1
   8              		.eabi_attribute 23, 3
   9              		.eabi_attribute 24, 1
  10              		.eabi_attribute 25, 1
  11              		.eabi_attribute 26, 1
  12              		.eabi_attribute 30, 1
  13              		.eabi_attribute 34, 1
  14              		.eabi_attribute 18, 4
  15              		.file	"stm32f4xx_hal_msp.c"
  16              		.text
  17              	.Ltext0:
  18              		.cfi_sections	.debug_frame
  19              		.section	.text.HAL_MspInit,"ax",%progbits
  20              		.align	1
  21              		.global	HAL_MspInit
  22              		.syntax unified
  23              		.thumb
  24              		.thumb_func
  26              	HAL_MspInit:
  27              	.LFB130:
  28              		.file 1 "Core/Src/stm32f4xx_hal_msp.c"
   1:Core/Src/stm32f4xx_hal_msp.c **** /* USER CODE BEGIN Header */
   2:Core/Src/stm32f4xx_hal_msp.c **** /**
   3:Core/Src/stm32f4xx_hal_msp.c ****   ******************************************************************************
   4:Core/Src/stm32f4xx_hal_msp.c ****   * @file         stm32f4xx_hal_msp.c
   5:Core/Src/stm32f4xx_hal_msp.c ****   * @brief        This file provides code for the MSP Initialization
   6:Core/Src/stm32f4xx_hal_msp.c ****   *               and de-Initialization codes.
   7:Core/Src/stm32f4xx_hal_msp.c ****   ******************************************************************************
   8:Core/Src/stm32f4xx_hal_msp.c ****   * @attention
   9:Core/Src/stm32f4xx_hal_msp.c ****   *
  10:Core/Src/stm32f4xx_hal_msp.c ****   * <h2><center>&copy; Copyright (c) 2021 STMicroelectronics.
  11:Core/Src/stm32f4xx_hal_msp.c ****   * All rights reserved.</center></h2>
  12:Core/Src/stm32f4xx_hal_msp.c ****   *
  13:Core/Src/stm32f4xx_hal_msp.c ****   * This software component is licensed by ST under BSD 3-Clause license,
  14:Core/Src/stm32f4xx_hal_msp.c ****   * the "License"; You may not use this file except in compliance with the
  15:Core/Src/stm32f4xx_hal_msp.c ****   * License. You may obtain a copy of the License at:
  16:Core/Src/stm32f4xx_hal_msp.c ****   *                        opensource.org/licenses/BSD-3-Clause
  17:Core/Src/stm32f4xx_hal_msp.c ****   *
  18:Core/Src/stm32f4xx_hal_msp.c ****   ******************************************************************************
  19:Core/Src/stm32f4xx_hal_msp.c ****   */
  20:Core/Src/stm32f4xx_hal_msp.c **** /* USER CODE END Header */
  21:Core/Src/stm32f4xx_hal_msp.c **** 
  22:Core/Src/stm32f4xx_hal_msp.c **** /* Includes ------------------------------------------------------------------*/
  23:Core/Src/stm32f4xx_hal_msp.c **** #include "main.h"
  24:Core/Src/stm32f4xx_hal_msp.c **** /* USER CODE BEGIN Includes */
  25:Core/Src/stm32f4xx_hal_msp.c **** 
  26:Core/Src/stm32f4xx_hal_msp.c **** /* USER CODE END Includes */
  27:Core/Src/stm32f4xx_hal_msp.c **** extern DMA_HandleTypeDef hdma_usart2_tx;
  28:Core/Src/stm32f4xx_hal_msp.c **** 
  29:Core/Src/stm32f4xx_hal_msp.c **** /* Private typedef -----------------------------------------------------------*/
  30:Core/Src/stm32f4xx_hal_msp.c **** /* USER CODE BEGIN TD */
ARM GAS  C:\Users\samue\AppData\Local\Temp\ccUC9bJK.s 			page 2


  31:Core/Src/stm32f4xx_hal_msp.c **** 
  32:Core/Src/stm32f4xx_hal_msp.c **** /* USER CODE END TD */
  33:Core/Src/stm32f4xx_hal_msp.c **** 
  34:Core/Src/stm32f4xx_hal_msp.c **** /* Private define ------------------------------------------------------------*/
  35:Core/Src/stm32f4xx_hal_msp.c **** /* USER CODE BEGIN Define */
  36:Core/Src/stm32f4xx_hal_msp.c **** 
  37:Core/Src/stm32f4xx_hal_msp.c **** /* USER CODE END Define */
  38:Core/Src/stm32f4xx_hal_msp.c **** 
  39:Core/Src/stm32f4xx_hal_msp.c **** /* Private macro -------------------------------------------------------------*/
  40:Core/Src/stm32f4xx_hal_msp.c **** /* USER CODE BEGIN Macro */
  41:Core/Src/stm32f4xx_hal_msp.c **** 
  42:Core/Src/stm32f4xx_hal_msp.c **** /* USER CODE END Macro */
  43:Core/Src/stm32f4xx_hal_msp.c **** 
  44:Core/Src/stm32f4xx_hal_msp.c **** /* Private variables ---------------------------------------------------------*/
  45:Core/Src/stm32f4xx_hal_msp.c **** /* USER CODE BEGIN PV */
  46:Core/Src/stm32f4xx_hal_msp.c **** 
  47:Core/Src/stm32f4xx_hal_msp.c **** /* USER CODE END PV */
  48:Core/Src/stm32f4xx_hal_msp.c **** 
  49:Core/Src/stm32f4xx_hal_msp.c **** /* Private function prototypes -----------------------------------------------*/
  50:Core/Src/stm32f4xx_hal_msp.c **** /* USER CODE BEGIN PFP */
  51:Core/Src/stm32f4xx_hal_msp.c **** 
  52:Core/Src/stm32f4xx_hal_msp.c **** /* USER CODE END PFP */
  53:Core/Src/stm32f4xx_hal_msp.c **** 
  54:Core/Src/stm32f4xx_hal_msp.c **** /* External functions --------------------------------------------------------*/
  55:Core/Src/stm32f4xx_hal_msp.c **** /* USER CODE BEGIN ExternalFunctions */
  56:Core/Src/stm32f4xx_hal_msp.c **** 
  57:Core/Src/stm32f4xx_hal_msp.c **** /* USER CODE END ExternalFunctions */
  58:Core/Src/stm32f4xx_hal_msp.c **** 
  59:Core/Src/stm32f4xx_hal_msp.c **** /* USER CODE BEGIN 0 */
  60:Core/Src/stm32f4xx_hal_msp.c **** 
  61:Core/Src/stm32f4xx_hal_msp.c **** /* USER CODE END 0 */
  62:Core/Src/stm32f4xx_hal_msp.c **** /**
  63:Core/Src/stm32f4xx_hal_msp.c ****   * Initializes the Global MSP.
  64:Core/Src/stm32f4xx_hal_msp.c ****   */
  65:Core/Src/stm32f4xx_hal_msp.c **** void HAL_MspInit(void)
  66:Core/Src/stm32f4xx_hal_msp.c **** {
  29              		.loc 1 66 1 view -0
  30              		.cfi_startproc
  31              		@ args = 0, pretend = 0, frame = 8
  32              		@ frame_needed = 0, uses_anonymous_args = 0
  33 0000 00B5     		push	{lr}
  34              	.LCFI0:
  35              		.cfi_def_cfa_offset 4
  36              		.cfi_offset 14, -4
  37 0002 83B0     		sub	sp, sp, #12
  38              	.LCFI1:
  39              		.cfi_def_cfa_offset 16
  67:Core/Src/stm32f4xx_hal_msp.c ****   /* USER CODE BEGIN MspInit 0 */
  68:Core/Src/stm32f4xx_hal_msp.c **** 
  69:Core/Src/stm32f4xx_hal_msp.c ****   /* USER CODE END MspInit 0 */
  70:Core/Src/stm32f4xx_hal_msp.c **** 
  71:Core/Src/stm32f4xx_hal_msp.c ****   __HAL_RCC_SYSCFG_CLK_ENABLE();
  40              		.loc 1 71 3 view .LVU1
  41              	.LBB2:
  42              		.loc 1 71 3 view .LVU2
  43 0004 0021     		movs	r1, #0
  44 0006 0091     		str	r1, [sp]
ARM GAS  C:\Users\samue\AppData\Local\Temp\ccUC9bJK.s 			page 3


  45              		.loc 1 71 3 view .LVU3
  46 0008 0C4B     		ldr	r3, .L3
  47 000a 5A6C     		ldr	r2, [r3, #68]
  48 000c 42F48042 		orr	r2, r2, #16384
  49 0010 5A64     		str	r2, [r3, #68]
  50              		.loc 1 71 3 view .LVU4
  51 0012 5A6C     		ldr	r2, [r3, #68]
  52 0014 02F48042 		and	r2, r2, #16384
  53 0018 0092     		str	r2, [sp]
  54              		.loc 1 71 3 view .LVU5
  55 001a 009A     		ldr	r2, [sp]
  56              	.LBE2:
  57              		.loc 1 71 3 view .LVU6
  72:Core/Src/stm32f4xx_hal_msp.c ****   __HAL_RCC_PWR_CLK_ENABLE();
  58              		.loc 1 72 3 view .LVU7
  59              	.LBB3:
  60              		.loc 1 72 3 view .LVU8
  61 001c 0191     		str	r1, [sp, #4]
  62              		.loc 1 72 3 view .LVU9
  63 001e 1A6C     		ldr	r2, [r3, #64]
  64 0020 42F08052 		orr	r2, r2, #268435456
  65 0024 1A64     		str	r2, [r3, #64]
  66              		.loc 1 72 3 view .LVU10
  67 0026 1B6C     		ldr	r3, [r3, #64]
  68 0028 03F08053 		and	r3, r3, #268435456
  69 002c 0193     		str	r3, [sp, #4]
  70              		.loc 1 72 3 view .LVU11
  71 002e 019B     		ldr	r3, [sp, #4]
  72              	.LBE3:
  73              		.loc 1 72 3 view .LVU12
  73:Core/Src/stm32f4xx_hal_msp.c **** 
  74:Core/Src/stm32f4xx_hal_msp.c ****   HAL_NVIC_SetPriorityGrouping(NVIC_PRIORITYGROUP_0);
  74              		.loc 1 74 3 view .LVU13
  75 0030 0720     		movs	r0, #7
  76 0032 FFF7FEFF 		bl	HAL_NVIC_SetPriorityGrouping
  77              	.LVL0:
  75:Core/Src/stm32f4xx_hal_msp.c **** 
  76:Core/Src/stm32f4xx_hal_msp.c ****   /* System interrupt init*/
  77:Core/Src/stm32f4xx_hal_msp.c **** 
  78:Core/Src/stm32f4xx_hal_msp.c ****   /* USER CODE BEGIN MspInit 1 */
  79:Core/Src/stm32f4xx_hal_msp.c **** 
  80:Core/Src/stm32f4xx_hal_msp.c ****   /* USER CODE END MspInit 1 */
  81:Core/Src/stm32f4xx_hal_msp.c **** }
  78              		.loc 1 81 1 is_stmt 0 view .LVU14
  79 0036 03B0     		add	sp, sp, #12
  80              	.LCFI2:
  81              		.cfi_def_cfa_offset 4
  82              		@ sp needed
  83 0038 5DF804FB 		ldr	pc, [sp], #4
  84              	.L4:
  85              		.align	2
  86              	.L3:
  87 003c 00380240 		.word	1073887232
  88              		.cfi_endproc
  89              	.LFE130:
  91              		.section	.text.HAL_I2C_MspInit,"ax",%progbits
  92              		.align	1
ARM GAS  C:\Users\samue\AppData\Local\Temp\ccUC9bJK.s 			page 4


  93              		.global	HAL_I2C_MspInit
  94              		.syntax unified
  95              		.thumb
  96              		.thumb_func
  98              	HAL_I2C_MspInit:
  99              	.LVL1:
 100              	.LFB131:
  82:Core/Src/stm32f4xx_hal_msp.c **** 
  83:Core/Src/stm32f4xx_hal_msp.c **** /**
  84:Core/Src/stm32f4xx_hal_msp.c **** * @brief I2C MSP Initialization
  85:Core/Src/stm32f4xx_hal_msp.c **** * This function configures the hardware resources used in this example
  86:Core/Src/stm32f4xx_hal_msp.c **** * @param hi2c: I2C handle pointer
  87:Core/Src/stm32f4xx_hal_msp.c **** * @retval None
  88:Core/Src/stm32f4xx_hal_msp.c **** */
  89:Core/Src/stm32f4xx_hal_msp.c **** void HAL_I2C_MspInit(I2C_HandleTypeDef* hi2c)
  90:Core/Src/stm32f4xx_hal_msp.c **** {
 101              		.loc 1 90 1 is_stmt 1 view -0
 102              		.cfi_startproc
 103              		@ args = 0, pretend = 0, frame = 32
 104              		@ frame_needed = 0, uses_anonymous_args = 0
 105              		.loc 1 90 1 is_stmt 0 view .LVU16
 106 0000 30B5     		push	{r4, r5, lr}
 107              	.LCFI3:
 108              		.cfi_def_cfa_offset 12
 109              		.cfi_offset 4, -12
 110              		.cfi_offset 5, -8
 111              		.cfi_offset 14, -4
 112 0002 89B0     		sub	sp, sp, #36
 113              	.LCFI4:
 114              		.cfi_def_cfa_offset 48
  91:Core/Src/stm32f4xx_hal_msp.c ****   GPIO_InitTypeDef GPIO_InitStruct = {0};
 115              		.loc 1 91 3 is_stmt 1 view .LVU17
 116              		.loc 1 91 20 is_stmt 0 view .LVU18
 117 0004 0023     		movs	r3, #0
 118 0006 0393     		str	r3, [sp, #12]
 119 0008 0493     		str	r3, [sp, #16]
 120 000a 0593     		str	r3, [sp, #20]
 121 000c 0693     		str	r3, [sp, #24]
 122 000e 0793     		str	r3, [sp, #28]
  92:Core/Src/stm32f4xx_hal_msp.c ****   if(hi2c->Instance==I2C1)
 123              		.loc 1 92 3 is_stmt 1 view .LVU19
 124              		.loc 1 92 10 is_stmt 0 view .LVU20
 125 0010 0268     		ldr	r2, [r0]
 126              		.loc 1 92 5 view .LVU21
 127 0012 144B     		ldr	r3, .L9
 128 0014 9A42     		cmp	r2, r3
 129 0016 01D0     		beq	.L8
 130              	.LVL2:
 131              	.L5:
  93:Core/Src/stm32f4xx_hal_msp.c ****   {
  94:Core/Src/stm32f4xx_hal_msp.c ****   /* USER CODE BEGIN I2C1_MspInit 0 */
  95:Core/Src/stm32f4xx_hal_msp.c **** 
  96:Core/Src/stm32f4xx_hal_msp.c ****   /* USER CODE END I2C1_MspInit 0 */
  97:Core/Src/stm32f4xx_hal_msp.c **** 
  98:Core/Src/stm32f4xx_hal_msp.c ****     __HAL_RCC_GPIOB_CLK_ENABLE();
  99:Core/Src/stm32f4xx_hal_msp.c ****     /**I2C1 GPIO Configuration
 100:Core/Src/stm32f4xx_hal_msp.c ****     PB6     ------> I2C1_SCL
ARM GAS  C:\Users\samue\AppData\Local\Temp\ccUC9bJK.s 			page 5


 101:Core/Src/stm32f4xx_hal_msp.c ****     PB7     ------> I2C1_SDA
 102:Core/Src/stm32f4xx_hal_msp.c ****     */
 103:Core/Src/stm32f4xx_hal_msp.c ****     GPIO_InitStruct.Pin = GPIO_PIN_6|GPIO_PIN_7;
 104:Core/Src/stm32f4xx_hal_msp.c ****     GPIO_InitStruct.Mode = GPIO_MODE_AF_OD;
 105:Core/Src/stm32f4xx_hal_msp.c ****     GPIO_InitStruct.Pull = GPIO_NOPULL;
 106:Core/Src/stm32f4xx_hal_msp.c ****     GPIO_InitStruct.Speed = GPIO_SPEED_FREQ_VERY_HIGH;
 107:Core/Src/stm32f4xx_hal_msp.c ****     GPIO_InitStruct.Alternate = GPIO_AF4_I2C1;
 108:Core/Src/stm32f4xx_hal_msp.c ****     HAL_GPIO_Init(GPIOB, &GPIO_InitStruct);
 109:Core/Src/stm32f4xx_hal_msp.c **** 
 110:Core/Src/stm32f4xx_hal_msp.c ****     /* Peripheral clock enable */
 111:Core/Src/stm32f4xx_hal_msp.c ****     __HAL_RCC_I2C1_CLK_ENABLE();
 112:Core/Src/stm32f4xx_hal_msp.c ****   /* USER CODE BEGIN I2C1_MspInit 1 */
 113:Core/Src/stm32f4xx_hal_msp.c **** 
 114:Core/Src/stm32f4xx_hal_msp.c ****   /* USER CODE END I2C1_MspInit 1 */
 115:Core/Src/stm32f4xx_hal_msp.c ****   }
 116:Core/Src/stm32f4xx_hal_msp.c **** 
 117:Core/Src/stm32f4xx_hal_msp.c **** }
 132              		.loc 1 117 1 view .LVU22
 133 0018 09B0     		add	sp, sp, #36
 134              	.LCFI5:
 135              		.cfi_remember_state
 136              		.cfi_def_cfa_offset 12
 137              		@ sp needed
 138 001a 30BD     		pop	{r4, r5, pc}
 139              	.LVL3:
 140              	.L8:
 141              	.LCFI6:
 142              		.cfi_restore_state
  98:Core/Src/stm32f4xx_hal_msp.c ****     /**I2C1 GPIO Configuration
 143              		.loc 1 98 5 is_stmt 1 view .LVU23
 144              	.LBB4:
  98:Core/Src/stm32f4xx_hal_msp.c ****     /**I2C1 GPIO Configuration
 145              		.loc 1 98 5 view .LVU24
 146 001c 0025     		movs	r5, #0
 147 001e 0195     		str	r5, [sp, #4]
  98:Core/Src/stm32f4xx_hal_msp.c ****     /**I2C1 GPIO Configuration
 148              		.loc 1 98 5 view .LVU25
 149 0020 114C     		ldr	r4, .L9+4
 150 0022 236B     		ldr	r3, [r4, #48]
 151 0024 43F00203 		orr	r3, r3, #2
 152 0028 2363     		str	r3, [r4, #48]
  98:Core/Src/stm32f4xx_hal_msp.c ****     /**I2C1 GPIO Configuration
 153              		.loc 1 98 5 view .LVU26
 154 002a 236B     		ldr	r3, [r4, #48]
 155 002c 03F00203 		and	r3, r3, #2
 156 0030 0193     		str	r3, [sp, #4]
  98:Core/Src/stm32f4xx_hal_msp.c ****     /**I2C1 GPIO Configuration
 157              		.loc 1 98 5 view .LVU27
 158 0032 019B     		ldr	r3, [sp, #4]
 159              	.LBE4:
  98:Core/Src/stm32f4xx_hal_msp.c ****     /**I2C1 GPIO Configuration
 160              		.loc 1 98 5 view .LVU28
 103:Core/Src/stm32f4xx_hal_msp.c ****     GPIO_InitStruct.Mode = GPIO_MODE_AF_OD;
 161              		.loc 1 103 5 view .LVU29
 103:Core/Src/stm32f4xx_hal_msp.c ****     GPIO_InitStruct.Mode = GPIO_MODE_AF_OD;
 162              		.loc 1 103 25 is_stmt 0 view .LVU30
 163 0034 C023     		movs	r3, #192
ARM GAS  C:\Users\samue\AppData\Local\Temp\ccUC9bJK.s 			page 6


 164 0036 0393     		str	r3, [sp, #12]
 104:Core/Src/stm32f4xx_hal_msp.c ****     GPIO_InitStruct.Pull = GPIO_NOPULL;
 165              		.loc 1 104 5 is_stmt 1 view .LVU31
 104:Core/Src/stm32f4xx_hal_msp.c ****     GPIO_InitStruct.Pull = GPIO_NOPULL;
 166              		.loc 1 104 26 is_stmt 0 view .LVU32
 167 0038 1223     		movs	r3, #18
 168 003a 0493     		str	r3, [sp, #16]
 105:Core/Src/stm32f4xx_hal_msp.c ****     GPIO_InitStruct.Speed = GPIO_SPEED_FREQ_VERY_HIGH;
 169              		.loc 1 105 5 is_stmt 1 view .LVU33
 106:Core/Src/stm32f4xx_hal_msp.c ****     GPIO_InitStruct.Alternate = GPIO_AF4_I2C1;
 170              		.loc 1 106 5 view .LVU34
 106:Core/Src/stm32f4xx_hal_msp.c ****     GPIO_InitStruct.Alternate = GPIO_AF4_I2C1;
 171              		.loc 1 106 27 is_stmt 0 view .LVU35
 172 003c 0323     		movs	r3, #3
 173 003e 0693     		str	r3, [sp, #24]
 107:Core/Src/stm32f4xx_hal_msp.c ****     HAL_GPIO_Init(GPIOB, &GPIO_InitStruct);
 174              		.loc 1 107 5 is_stmt 1 view .LVU36
 107:Core/Src/stm32f4xx_hal_msp.c ****     HAL_GPIO_Init(GPIOB, &GPIO_InitStruct);
 175              		.loc 1 107 31 is_stmt 0 view .LVU37
 176 0040 0423     		movs	r3, #4
 177 0042 0793     		str	r3, [sp, #28]
 108:Core/Src/stm32f4xx_hal_msp.c **** 
 178              		.loc 1 108 5 is_stmt 1 view .LVU38
 179 0044 03A9     		add	r1, sp, #12
 180 0046 0948     		ldr	r0, .L9+8
 181              	.LVL4:
 108:Core/Src/stm32f4xx_hal_msp.c **** 
 182              		.loc 1 108 5 is_stmt 0 view .LVU39
 183 0048 FFF7FEFF 		bl	HAL_GPIO_Init
 184              	.LVL5:
 111:Core/Src/stm32f4xx_hal_msp.c ****   /* USER CODE BEGIN I2C1_MspInit 1 */
 185              		.loc 1 111 5 is_stmt 1 view .LVU40
 186              	.LBB5:
 111:Core/Src/stm32f4xx_hal_msp.c ****   /* USER CODE BEGIN I2C1_MspInit 1 */
 187              		.loc 1 111 5 view .LVU41
 188 004c 0295     		str	r5, [sp, #8]
 111:Core/Src/stm32f4xx_hal_msp.c ****   /* USER CODE BEGIN I2C1_MspInit 1 */
 189              		.loc 1 111 5 view .LVU42
 190 004e 236C     		ldr	r3, [r4, #64]
 191 0050 43F40013 		orr	r3, r3, #2097152
 192 0054 2364     		str	r3, [r4, #64]
 111:Core/Src/stm32f4xx_hal_msp.c ****   /* USER CODE BEGIN I2C1_MspInit 1 */
 193              		.loc 1 111 5 view .LVU43
 194 0056 236C     		ldr	r3, [r4, #64]
 195 0058 03F40013 		and	r3, r3, #2097152
 196 005c 0293     		str	r3, [sp, #8]
 111:Core/Src/stm32f4xx_hal_msp.c ****   /* USER CODE BEGIN I2C1_MspInit 1 */
 197              		.loc 1 111 5 view .LVU44
 198 005e 029B     		ldr	r3, [sp, #8]
 199              	.LBE5:
 111:Core/Src/stm32f4xx_hal_msp.c ****   /* USER CODE BEGIN I2C1_MspInit 1 */
 200              		.loc 1 111 5 view .LVU45
 201              		.loc 1 117 1 is_stmt 0 view .LVU46
 202 0060 DAE7     		b	.L5
 203              	.L10:
 204 0062 00BF     		.align	2
 205              	.L9:
ARM GAS  C:\Users\samue\AppData\Local\Temp\ccUC9bJK.s 			page 7


 206 0064 00540040 		.word	1073763328
 207 0068 00380240 		.word	1073887232
 208 006c 00040240 		.word	1073873920
 209              		.cfi_endproc
 210              	.LFE131:
 212              		.section	.text.HAL_I2C_MspDeInit,"ax",%progbits
 213              		.align	1
 214              		.global	HAL_I2C_MspDeInit
 215              		.syntax unified
 216              		.thumb
 217              		.thumb_func
 219              	HAL_I2C_MspDeInit:
 220              	.LVL6:
 221              	.LFB132:
 118:Core/Src/stm32f4xx_hal_msp.c **** 
 119:Core/Src/stm32f4xx_hal_msp.c **** /**
 120:Core/Src/stm32f4xx_hal_msp.c **** * @brief I2C MSP De-Initialization
 121:Core/Src/stm32f4xx_hal_msp.c **** * This function freeze the hardware resources used in this example
 122:Core/Src/stm32f4xx_hal_msp.c **** * @param hi2c: I2C handle pointer
 123:Core/Src/stm32f4xx_hal_msp.c **** * @retval None
 124:Core/Src/stm32f4xx_hal_msp.c **** */
 125:Core/Src/stm32f4xx_hal_msp.c **** void HAL_I2C_MspDeInit(I2C_HandleTypeDef* hi2c)
 126:Core/Src/stm32f4xx_hal_msp.c **** {
 222              		.loc 1 126 1 is_stmt 1 view -0
 223              		.cfi_startproc
 224              		@ args = 0, pretend = 0, frame = 0
 225              		@ frame_needed = 0, uses_anonymous_args = 0
 127:Core/Src/stm32f4xx_hal_msp.c ****   if(hi2c->Instance==I2C1)
 226              		.loc 1 127 3 view .LVU48
 227              		.loc 1 127 10 is_stmt 0 view .LVU49
 228 0000 0268     		ldr	r2, [r0]
 229              		.loc 1 127 5 view .LVU50
 230 0002 0A4B     		ldr	r3, .L18
 231 0004 9A42     		cmp	r2, r3
 232 0006 00D0     		beq	.L17
 233 0008 7047     		bx	lr
 234              	.L17:
 126:Core/Src/stm32f4xx_hal_msp.c ****   if(hi2c->Instance==I2C1)
 235              		.loc 1 126 1 view .LVU51
 236 000a 10B5     		push	{r4, lr}
 237              	.LCFI7:
 238              		.cfi_def_cfa_offset 8
 239              		.cfi_offset 4, -8
 240              		.cfi_offset 14, -4
 128:Core/Src/stm32f4xx_hal_msp.c ****   {
 129:Core/Src/stm32f4xx_hal_msp.c ****   /* USER CODE BEGIN I2C1_MspDeInit 0 */
 130:Core/Src/stm32f4xx_hal_msp.c **** 
 131:Core/Src/stm32f4xx_hal_msp.c ****   /* USER CODE END I2C1_MspDeInit 0 */
 132:Core/Src/stm32f4xx_hal_msp.c ****     /* Peripheral clock disable */
 133:Core/Src/stm32f4xx_hal_msp.c ****     __HAL_RCC_I2C1_CLK_DISABLE();
 241              		.loc 1 133 5 is_stmt 1 view .LVU52
 242 000c 084A     		ldr	r2, .L18+4
 243 000e 136C     		ldr	r3, [r2, #64]
 244 0010 23F40013 		bic	r3, r3, #2097152
 245 0014 1364     		str	r3, [r2, #64]
 134:Core/Src/stm32f4xx_hal_msp.c **** 
 135:Core/Src/stm32f4xx_hal_msp.c ****     /**I2C1 GPIO Configuration
ARM GAS  C:\Users\samue\AppData\Local\Temp\ccUC9bJK.s 			page 8


 136:Core/Src/stm32f4xx_hal_msp.c ****     PB6     ------> I2C1_SCL
 137:Core/Src/stm32f4xx_hal_msp.c ****     PB7     ------> I2C1_SDA
 138:Core/Src/stm32f4xx_hal_msp.c ****     */
 139:Core/Src/stm32f4xx_hal_msp.c ****     HAL_GPIO_DeInit(GPIOB, GPIO_PIN_6);
 246              		.loc 1 139 5 view .LVU53
 247 0016 074C     		ldr	r4, .L18+8
 248 0018 4021     		movs	r1, #64
 249 001a 2046     		mov	r0, r4
 250              	.LVL7:
 251              		.loc 1 139 5 is_stmt 0 view .LVU54
 252 001c FFF7FEFF 		bl	HAL_GPIO_DeInit
 253              	.LVL8:
 140:Core/Src/stm32f4xx_hal_msp.c **** 
 141:Core/Src/stm32f4xx_hal_msp.c ****     HAL_GPIO_DeInit(GPIOB, GPIO_PIN_7);
 254              		.loc 1 141 5 is_stmt 1 view .LVU55
 255 0020 8021     		movs	r1, #128
 256 0022 2046     		mov	r0, r4
 257 0024 FFF7FEFF 		bl	HAL_GPIO_DeInit
 258              	.LVL9:
 142:Core/Src/stm32f4xx_hal_msp.c **** 
 143:Core/Src/stm32f4xx_hal_msp.c ****   /* USER CODE BEGIN I2C1_MspDeInit 1 */
 144:Core/Src/stm32f4xx_hal_msp.c **** 
 145:Core/Src/stm32f4xx_hal_msp.c ****   /* USER CODE END I2C1_MspDeInit 1 */
 146:Core/Src/stm32f4xx_hal_msp.c ****   }
 147:Core/Src/stm32f4xx_hal_msp.c **** 
 148:Core/Src/stm32f4xx_hal_msp.c **** }
 259              		.loc 1 148 1 is_stmt 0 view .LVU56
 260 0028 10BD     		pop	{r4, pc}
 261              	.L19:
 262 002a 00BF     		.align	2
 263              	.L18:
 264 002c 00540040 		.word	1073763328
 265 0030 00380240 		.word	1073887232
 266 0034 00040240 		.word	1073873920
 267              		.cfi_endproc
 268              	.LFE132:
 270              		.section	.text.HAL_UART_MspInit,"ax",%progbits
 271              		.align	1
 272              		.global	HAL_UART_MspInit
 273              		.syntax unified
 274              		.thumb
 275              		.thumb_func
 277              	HAL_UART_MspInit:
 278              	.LVL10:
 279              	.LFB133:
 149:Core/Src/stm32f4xx_hal_msp.c **** 
 150:Core/Src/stm32f4xx_hal_msp.c **** /**
 151:Core/Src/stm32f4xx_hal_msp.c **** * @brief UART MSP Initialization
 152:Core/Src/stm32f4xx_hal_msp.c **** * This function configures the hardware resources used in this example
 153:Core/Src/stm32f4xx_hal_msp.c **** * @param huart: UART handle pointer
 154:Core/Src/stm32f4xx_hal_msp.c **** * @retval None
 155:Core/Src/stm32f4xx_hal_msp.c **** */
 156:Core/Src/stm32f4xx_hal_msp.c **** void HAL_UART_MspInit(UART_HandleTypeDef* huart)
 157:Core/Src/stm32f4xx_hal_msp.c **** {
 280              		.loc 1 157 1 is_stmt 1 view -0
 281              		.cfi_startproc
 282              		@ args = 0, pretend = 0, frame = 32
ARM GAS  C:\Users\samue\AppData\Local\Temp\ccUC9bJK.s 			page 9


 283              		@ frame_needed = 0, uses_anonymous_args = 0
 284              		.loc 1 157 1 is_stmt 0 view .LVU58
 285 0000 30B5     		push	{r4, r5, lr}
 286              	.LCFI8:
 287              		.cfi_def_cfa_offset 12
 288              		.cfi_offset 4, -12
 289              		.cfi_offset 5, -8
 290              		.cfi_offset 14, -4
 291 0002 89B0     		sub	sp, sp, #36
 292              	.LCFI9:
 293              		.cfi_def_cfa_offset 48
 158:Core/Src/stm32f4xx_hal_msp.c ****   GPIO_InitTypeDef GPIO_InitStruct = {0};
 294              		.loc 1 158 3 is_stmt 1 view .LVU59
 295              		.loc 1 158 20 is_stmt 0 view .LVU60
 296 0004 0023     		movs	r3, #0
 297 0006 0393     		str	r3, [sp, #12]
 298 0008 0493     		str	r3, [sp, #16]
 299 000a 0593     		str	r3, [sp, #20]
 300 000c 0693     		str	r3, [sp, #24]
 301 000e 0793     		str	r3, [sp, #28]
 159:Core/Src/stm32f4xx_hal_msp.c ****   if(huart->Instance==USART2)
 302              		.loc 1 159 3 is_stmt 1 view .LVU61
 303              		.loc 1 159 11 is_stmt 0 view .LVU62
 304 0010 0268     		ldr	r2, [r0]
 305              		.loc 1 159 5 view .LVU63
 306 0012 234B     		ldr	r3, .L26
 307 0014 9A42     		cmp	r2, r3
 308 0016 01D0     		beq	.L24
 309              	.LVL11:
 310              	.L20:
 160:Core/Src/stm32f4xx_hal_msp.c ****   {
 161:Core/Src/stm32f4xx_hal_msp.c ****   /* USER CODE BEGIN USART2_MspInit 0 */
 162:Core/Src/stm32f4xx_hal_msp.c **** 
 163:Core/Src/stm32f4xx_hal_msp.c ****   /* USER CODE END USART2_MspInit 0 */
 164:Core/Src/stm32f4xx_hal_msp.c ****     /* Peripheral clock enable */
 165:Core/Src/stm32f4xx_hal_msp.c ****     __HAL_RCC_USART2_CLK_ENABLE();
 166:Core/Src/stm32f4xx_hal_msp.c **** 
 167:Core/Src/stm32f4xx_hal_msp.c ****     __HAL_RCC_GPIOA_CLK_ENABLE();
 168:Core/Src/stm32f4xx_hal_msp.c ****     /**USART2 GPIO Configuration
 169:Core/Src/stm32f4xx_hal_msp.c ****     PA2     ------> USART2_TX
 170:Core/Src/stm32f4xx_hal_msp.c ****     PA3     ------> USART2_RX
 171:Core/Src/stm32f4xx_hal_msp.c ****     */
 172:Core/Src/stm32f4xx_hal_msp.c ****     GPIO_InitStruct.Pin = USART_TX_Pin|USART_RX_Pin;
 173:Core/Src/stm32f4xx_hal_msp.c ****     GPIO_InitStruct.Mode = GPIO_MODE_AF_PP;
 174:Core/Src/stm32f4xx_hal_msp.c ****     GPIO_InitStruct.Pull = GPIO_NOPULL;
 175:Core/Src/stm32f4xx_hal_msp.c ****     GPIO_InitStruct.Speed = GPIO_SPEED_FREQ_VERY_HIGH;
 176:Core/Src/stm32f4xx_hal_msp.c ****     GPIO_InitStruct.Alternate = GPIO_AF7_USART2;
 177:Core/Src/stm32f4xx_hal_msp.c ****     HAL_GPIO_Init(GPIOA, &GPIO_InitStruct);
 178:Core/Src/stm32f4xx_hal_msp.c **** 
 179:Core/Src/stm32f4xx_hal_msp.c ****     /* USART2 DMA Init */
 180:Core/Src/stm32f4xx_hal_msp.c ****     /* USART2_TX Init */
 181:Core/Src/stm32f4xx_hal_msp.c ****     hdma_usart2_tx.Instance = DMA1_Stream6;
 182:Core/Src/stm32f4xx_hal_msp.c ****     hdma_usart2_tx.Init.Channel = DMA_CHANNEL_4;
 183:Core/Src/stm32f4xx_hal_msp.c ****     hdma_usart2_tx.Init.Direction = DMA_MEMORY_TO_PERIPH;
 184:Core/Src/stm32f4xx_hal_msp.c ****     hdma_usart2_tx.Init.PeriphInc = DMA_PINC_DISABLE;
 185:Core/Src/stm32f4xx_hal_msp.c ****     hdma_usart2_tx.Init.MemInc = DMA_MINC_ENABLE;
 186:Core/Src/stm32f4xx_hal_msp.c ****     hdma_usart2_tx.Init.PeriphDataAlignment = DMA_PDATAALIGN_BYTE;
ARM GAS  C:\Users\samue\AppData\Local\Temp\ccUC9bJK.s 			page 10


 187:Core/Src/stm32f4xx_hal_msp.c ****     hdma_usart2_tx.Init.MemDataAlignment = DMA_MDATAALIGN_BYTE;
 188:Core/Src/stm32f4xx_hal_msp.c ****     hdma_usart2_tx.Init.Mode = DMA_CIRCULAR;
 189:Core/Src/stm32f4xx_hal_msp.c ****     hdma_usart2_tx.Init.Priority = DMA_PRIORITY_LOW;
 190:Core/Src/stm32f4xx_hal_msp.c ****     hdma_usart2_tx.Init.FIFOMode = DMA_FIFOMODE_DISABLE;
 191:Core/Src/stm32f4xx_hal_msp.c ****     if (HAL_DMA_Init(&hdma_usart2_tx) != HAL_OK)
 192:Core/Src/stm32f4xx_hal_msp.c ****     {
 193:Core/Src/stm32f4xx_hal_msp.c ****       Error_Handler();
 194:Core/Src/stm32f4xx_hal_msp.c ****     }
 195:Core/Src/stm32f4xx_hal_msp.c **** 
 196:Core/Src/stm32f4xx_hal_msp.c ****     __HAL_LINKDMA(huart,hdmatx,hdma_usart2_tx);
 197:Core/Src/stm32f4xx_hal_msp.c **** 
 198:Core/Src/stm32f4xx_hal_msp.c ****   /* USER CODE BEGIN USART2_MspInit 1 */
 199:Core/Src/stm32f4xx_hal_msp.c **** 
 200:Core/Src/stm32f4xx_hal_msp.c ****   /* USER CODE END USART2_MspInit 1 */
 201:Core/Src/stm32f4xx_hal_msp.c ****   }
 202:Core/Src/stm32f4xx_hal_msp.c **** 
 203:Core/Src/stm32f4xx_hal_msp.c **** }
 311              		.loc 1 203 1 view .LVU64
 312 0018 09B0     		add	sp, sp, #36
 313              	.LCFI10:
 314              		.cfi_remember_state
 315              		.cfi_def_cfa_offset 12
 316              		@ sp needed
 317 001a 30BD     		pop	{r4, r5, pc}
 318              	.LVL12:
 319              	.L24:
 320              	.LCFI11:
 321              		.cfi_restore_state
 322              		.loc 1 203 1 view .LVU65
 323 001c 0446     		mov	r4, r0
 165:Core/Src/stm32f4xx_hal_msp.c **** 
 324              		.loc 1 165 5 is_stmt 1 view .LVU66
 325              	.LBB6:
 165:Core/Src/stm32f4xx_hal_msp.c **** 
 326              		.loc 1 165 5 view .LVU67
 327 001e 0025     		movs	r5, #0
 328 0020 0195     		str	r5, [sp, #4]
 165:Core/Src/stm32f4xx_hal_msp.c **** 
 329              		.loc 1 165 5 view .LVU68
 330 0022 03F5FA33 		add	r3, r3, #128000
 331 0026 1A6C     		ldr	r2, [r3, #64]
 332 0028 42F40032 		orr	r2, r2, #131072
 333 002c 1A64     		str	r2, [r3, #64]
 165:Core/Src/stm32f4xx_hal_msp.c **** 
 334              		.loc 1 165 5 view .LVU69
 335 002e 1A6C     		ldr	r2, [r3, #64]
 336 0030 02F40032 		and	r2, r2, #131072
 337 0034 0192     		str	r2, [sp, #4]
 165:Core/Src/stm32f4xx_hal_msp.c **** 
 338              		.loc 1 165 5 view .LVU70
 339 0036 019A     		ldr	r2, [sp, #4]
 340              	.LBE6:
 165:Core/Src/stm32f4xx_hal_msp.c **** 
 341              		.loc 1 165 5 view .LVU71
 167:Core/Src/stm32f4xx_hal_msp.c ****     /**USART2 GPIO Configuration
 342              		.loc 1 167 5 view .LVU72
 343              	.LBB7:
ARM GAS  C:\Users\samue\AppData\Local\Temp\ccUC9bJK.s 			page 11


 167:Core/Src/stm32f4xx_hal_msp.c ****     /**USART2 GPIO Configuration
 344              		.loc 1 167 5 view .LVU73
 345 0038 0295     		str	r5, [sp, #8]
 167:Core/Src/stm32f4xx_hal_msp.c ****     /**USART2 GPIO Configuration
 346              		.loc 1 167 5 view .LVU74
 347 003a 1A6B     		ldr	r2, [r3, #48]
 348 003c 42F00102 		orr	r2, r2, #1
 349 0040 1A63     		str	r2, [r3, #48]
 167:Core/Src/stm32f4xx_hal_msp.c ****     /**USART2 GPIO Configuration
 350              		.loc 1 167 5 view .LVU75
 351 0042 1B6B     		ldr	r3, [r3, #48]
 352 0044 03F00103 		and	r3, r3, #1
 353 0048 0293     		str	r3, [sp, #8]
 167:Core/Src/stm32f4xx_hal_msp.c ****     /**USART2 GPIO Configuration
 354              		.loc 1 167 5 view .LVU76
 355 004a 029B     		ldr	r3, [sp, #8]
 356              	.LBE7:
 167:Core/Src/stm32f4xx_hal_msp.c ****     /**USART2 GPIO Configuration
 357              		.loc 1 167 5 view .LVU77
 172:Core/Src/stm32f4xx_hal_msp.c ****     GPIO_InitStruct.Mode = GPIO_MODE_AF_PP;
 358              		.loc 1 172 5 view .LVU78
 172:Core/Src/stm32f4xx_hal_msp.c ****     GPIO_InitStruct.Mode = GPIO_MODE_AF_PP;
 359              		.loc 1 172 25 is_stmt 0 view .LVU79
 360 004c 0C23     		movs	r3, #12
 361 004e 0393     		str	r3, [sp, #12]
 173:Core/Src/stm32f4xx_hal_msp.c ****     GPIO_InitStruct.Pull = GPIO_NOPULL;
 362              		.loc 1 173 5 is_stmt 1 view .LVU80
 173:Core/Src/stm32f4xx_hal_msp.c ****     GPIO_InitStruct.Pull = GPIO_NOPULL;
 363              		.loc 1 173 26 is_stmt 0 view .LVU81
 364 0050 0223     		movs	r3, #2
 365 0052 0493     		str	r3, [sp, #16]
 174:Core/Src/stm32f4xx_hal_msp.c ****     GPIO_InitStruct.Speed = GPIO_SPEED_FREQ_VERY_HIGH;
 366              		.loc 1 174 5 is_stmt 1 view .LVU82
 175:Core/Src/stm32f4xx_hal_msp.c ****     GPIO_InitStruct.Alternate = GPIO_AF7_USART2;
 367              		.loc 1 175 5 view .LVU83
 175:Core/Src/stm32f4xx_hal_msp.c ****     GPIO_InitStruct.Alternate = GPIO_AF7_USART2;
 368              		.loc 1 175 27 is_stmt 0 view .LVU84
 369 0054 0323     		movs	r3, #3
 370 0056 0693     		str	r3, [sp, #24]
 176:Core/Src/stm32f4xx_hal_msp.c ****     HAL_GPIO_Init(GPIOA, &GPIO_InitStruct);
 371              		.loc 1 176 5 is_stmt 1 view .LVU85
 176:Core/Src/stm32f4xx_hal_msp.c ****     HAL_GPIO_Init(GPIOA, &GPIO_InitStruct);
 372              		.loc 1 176 31 is_stmt 0 view .LVU86
 373 0058 0723     		movs	r3, #7
 374 005a 0793     		str	r3, [sp, #28]
 177:Core/Src/stm32f4xx_hal_msp.c **** 
 375              		.loc 1 177 5 is_stmt 1 view .LVU87
 376 005c 03A9     		add	r1, sp, #12
 377 005e 1148     		ldr	r0, .L26+4
 378              	.LVL13:
 177:Core/Src/stm32f4xx_hal_msp.c **** 
 379              		.loc 1 177 5 is_stmt 0 view .LVU88
 380 0060 FFF7FEFF 		bl	HAL_GPIO_Init
 381              	.LVL14:
 181:Core/Src/stm32f4xx_hal_msp.c ****     hdma_usart2_tx.Init.Channel = DMA_CHANNEL_4;
 382              		.loc 1 181 5 is_stmt 1 view .LVU89
 181:Core/Src/stm32f4xx_hal_msp.c ****     hdma_usart2_tx.Init.Channel = DMA_CHANNEL_4;
ARM GAS  C:\Users\samue\AppData\Local\Temp\ccUC9bJK.s 			page 12


 383              		.loc 1 181 29 is_stmt 0 view .LVU90
 384 0064 1048     		ldr	r0, .L26+8
 385 0066 114B     		ldr	r3, .L26+12
 386 0068 0360     		str	r3, [r0]
 182:Core/Src/stm32f4xx_hal_msp.c ****     hdma_usart2_tx.Init.Direction = DMA_MEMORY_TO_PERIPH;
 387              		.loc 1 182 5 is_stmt 1 view .LVU91
 182:Core/Src/stm32f4xx_hal_msp.c ****     hdma_usart2_tx.Init.Direction = DMA_MEMORY_TO_PERIPH;
 388              		.loc 1 182 33 is_stmt 0 view .LVU92
 389 006a 4FF00063 		mov	r3, #134217728
 390 006e 4360     		str	r3, [r0, #4]
 183:Core/Src/stm32f4xx_hal_msp.c ****     hdma_usart2_tx.Init.PeriphInc = DMA_PINC_DISABLE;
 391              		.loc 1 183 5 is_stmt 1 view .LVU93
 183:Core/Src/stm32f4xx_hal_msp.c ****     hdma_usart2_tx.Init.PeriphInc = DMA_PINC_DISABLE;
 392              		.loc 1 183 35 is_stmt 0 view .LVU94
 393 0070 4023     		movs	r3, #64
 394 0072 8360     		str	r3, [r0, #8]
 184:Core/Src/stm32f4xx_hal_msp.c ****     hdma_usart2_tx.Init.MemInc = DMA_MINC_ENABLE;
 395              		.loc 1 184 5 is_stmt 1 view .LVU95
 184:Core/Src/stm32f4xx_hal_msp.c ****     hdma_usart2_tx.Init.MemInc = DMA_MINC_ENABLE;
 396              		.loc 1 184 35 is_stmt 0 view .LVU96
 397 0074 C560     		str	r5, [r0, #12]
 185:Core/Src/stm32f4xx_hal_msp.c ****     hdma_usart2_tx.Init.PeriphDataAlignment = DMA_PDATAALIGN_BYTE;
 398              		.loc 1 185 5 is_stmt 1 view .LVU97
 185:Core/Src/stm32f4xx_hal_msp.c ****     hdma_usart2_tx.Init.PeriphDataAlignment = DMA_PDATAALIGN_BYTE;
 399              		.loc 1 185 32 is_stmt 0 view .LVU98
 400 0076 4FF48063 		mov	r3, #1024
 401 007a 0361     		str	r3, [r0, #16]
 186:Core/Src/stm32f4xx_hal_msp.c ****     hdma_usart2_tx.Init.MemDataAlignment = DMA_MDATAALIGN_BYTE;
 402              		.loc 1 186 5 is_stmt 1 view .LVU99
 186:Core/Src/stm32f4xx_hal_msp.c ****     hdma_usart2_tx.Init.MemDataAlignment = DMA_MDATAALIGN_BYTE;
 403              		.loc 1 186 45 is_stmt 0 view .LVU100
 404 007c 4561     		str	r5, [r0, #20]
 187:Core/Src/stm32f4xx_hal_msp.c ****     hdma_usart2_tx.Init.Mode = DMA_CIRCULAR;
 405              		.loc 1 187 5 is_stmt 1 view .LVU101
 187:Core/Src/stm32f4xx_hal_msp.c ****     hdma_usart2_tx.Init.Mode = DMA_CIRCULAR;
 406              		.loc 1 187 42 is_stmt 0 view .LVU102
 407 007e 8561     		str	r5, [r0, #24]
 188:Core/Src/stm32f4xx_hal_msp.c ****     hdma_usart2_tx.Init.Priority = DMA_PRIORITY_LOW;
 408              		.loc 1 188 5 is_stmt 1 view .LVU103
 188:Core/Src/stm32f4xx_hal_msp.c ****     hdma_usart2_tx.Init.Priority = DMA_PRIORITY_LOW;
 409              		.loc 1 188 30 is_stmt 0 view .LVU104
 410 0080 4FF48073 		mov	r3, #256
 411 0084 C361     		str	r3, [r0, #28]
 189:Core/Src/stm32f4xx_hal_msp.c ****     hdma_usart2_tx.Init.FIFOMode = DMA_FIFOMODE_DISABLE;
 412              		.loc 1 189 5 is_stmt 1 view .LVU105
 189:Core/Src/stm32f4xx_hal_msp.c ****     hdma_usart2_tx.Init.FIFOMode = DMA_FIFOMODE_DISABLE;
 413              		.loc 1 189 34 is_stmt 0 view .LVU106
 414 0086 0562     		str	r5, [r0, #32]
 190:Core/Src/stm32f4xx_hal_msp.c ****     if (HAL_DMA_Init(&hdma_usart2_tx) != HAL_OK)
 415              		.loc 1 190 5 is_stmt 1 view .LVU107
 190:Core/Src/stm32f4xx_hal_msp.c ****     if (HAL_DMA_Init(&hdma_usart2_tx) != HAL_OK)
 416              		.loc 1 190 34 is_stmt 0 view .LVU108
 417 0088 4562     		str	r5, [r0, #36]
 191:Core/Src/stm32f4xx_hal_msp.c ****     {
 418              		.loc 1 191 5 is_stmt 1 view .LVU109
 191:Core/Src/stm32f4xx_hal_msp.c ****     {
 419              		.loc 1 191 9 is_stmt 0 view .LVU110
ARM GAS  C:\Users\samue\AppData\Local\Temp\ccUC9bJK.s 			page 13


 420 008a FFF7FEFF 		bl	HAL_DMA_Init
 421              	.LVL15:
 191:Core/Src/stm32f4xx_hal_msp.c ****     {
 422              		.loc 1 191 8 view .LVU111
 423 008e 18B9     		cbnz	r0, .L25
 424              	.L22:
 196:Core/Src/stm32f4xx_hal_msp.c **** 
 425              		.loc 1 196 5 is_stmt 1 view .LVU112
 196:Core/Src/stm32f4xx_hal_msp.c **** 
 426              		.loc 1 196 5 view .LVU113
 427 0090 054B     		ldr	r3, .L26+8
 428 0092 6363     		str	r3, [r4, #52]
 196:Core/Src/stm32f4xx_hal_msp.c **** 
 429              		.loc 1 196 5 view .LVU114
 430 0094 9C63     		str	r4, [r3, #56]
 196:Core/Src/stm32f4xx_hal_msp.c **** 
 431              		.loc 1 196 5 view .LVU115
 432              		.loc 1 203 1 is_stmt 0 view .LVU116
 433 0096 BFE7     		b	.L20
 434              	.L25:
 193:Core/Src/stm32f4xx_hal_msp.c ****     }
 435              		.loc 1 193 7 is_stmt 1 view .LVU117
 436 0098 FFF7FEFF 		bl	Error_Handler
 437              	.LVL16:
 438 009c F8E7     		b	.L22
 439              	.L27:
 440 009e 00BF     		.align	2
 441              	.L26:
 442 00a0 00440040 		.word	1073759232
 443 00a4 00000240 		.word	1073872896
 444 00a8 00000000 		.word	hdma_usart2_tx
 445 00ac A0600240 		.word	1073897632
 446              		.cfi_endproc
 447              	.LFE133:
 449              		.section	.text.HAL_UART_MspDeInit,"ax",%progbits
 450              		.align	1
 451              		.global	HAL_UART_MspDeInit
 452              		.syntax unified
 453              		.thumb
 454              		.thumb_func
 456              	HAL_UART_MspDeInit:
 457              	.LVL17:
 458              	.LFB134:
 204:Core/Src/stm32f4xx_hal_msp.c **** 
 205:Core/Src/stm32f4xx_hal_msp.c **** /**
 206:Core/Src/stm32f4xx_hal_msp.c **** * @brief UART MSP De-Initialization
 207:Core/Src/stm32f4xx_hal_msp.c **** * This function freeze the hardware resources used in this example
 208:Core/Src/stm32f4xx_hal_msp.c **** * @param huart: UART handle pointer
 209:Core/Src/stm32f4xx_hal_msp.c **** * @retval None
 210:Core/Src/stm32f4xx_hal_msp.c **** */
 211:Core/Src/stm32f4xx_hal_msp.c **** void HAL_UART_MspDeInit(UART_HandleTypeDef* huart)
 212:Core/Src/stm32f4xx_hal_msp.c **** {
 459              		.loc 1 212 1 view -0
 460              		.cfi_startproc
 461              		@ args = 0, pretend = 0, frame = 0
 462              		@ frame_needed = 0, uses_anonymous_args = 0
 213:Core/Src/stm32f4xx_hal_msp.c ****   if(huart->Instance==USART2)
ARM GAS  C:\Users\samue\AppData\Local\Temp\ccUC9bJK.s 			page 14


 463              		.loc 1 213 3 view .LVU119
 464              		.loc 1 213 11 is_stmt 0 view .LVU120
 465 0000 0268     		ldr	r2, [r0]
 466              		.loc 1 213 5 view .LVU121
 467 0002 094B     		ldr	r3, .L35
 468 0004 9A42     		cmp	r2, r3
 469 0006 00D0     		beq	.L34
 470 0008 7047     		bx	lr
 471              	.L34:
 212:Core/Src/stm32f4xx_hal_msp.c ****   if(huart->Instance==USART2)
 472              		.loc 1 212 1 view .LVU122
 473 000a 10B5     		push	{r4, lr}
 474              	.LCFI12:
 475              		.cfi_def_cfa_offset 8
 476              		.cfi_offset 4, -8
 477              		.cfi_offset 14, -4
 478 000c 0446     		mov	r4, r0
 214:Core/Src/stm32f4xx_hal_msp.c ****   {
 215:Core/Src/stm32f4xx_hal_msp.c ****   /* USER CODE BEGIN USART2_MspDeInit 0 */
 216:Core/Src/stm32f4xx_hal_msp.c **** 
 217:Core/Src/stm32f4xx_hal_msp.c ****   /* USER CODE END USART2_MspDeInit 0 */
 218:Core/Src/stm32f4xx_hal_msp.c ****     /* Peripheral clock disable */
 219:Core/Src/stm32f4xx_hal_msp.c ****     __HAL_RCC_USART2_CLK_DISABLE();
 479              		.loc 1 219 5 is_stmt 1 view .LVU123
 480 000e 074A     		ldr	r2, .L35+4
 481 0010 136C     		ldr	r3, [r2, #64]
 482 0012 23F40033 		bic	r3, r3, #131072
 483 0016 1364     		str	r3, [r2, #64]
 220:Core/Src/stm32f4xx_hal_msp.c **** 
 221:Core/Src/stm32f4xx_hal_msp.c ****     /**USART2 GPIO Configuration
 222:Core/Src/stm32f4xx_hal_msp.c ****     PA2     ------> USART2_TX
 223:Core/Src/stm32f4xx_hal_msp.c ****     PA3     ------> USART2_RX
 224:Core/Src/stm32f4xx_hal_msp.c ****     */
 225:Core/Src/stm32f4xx_hal_msp.c ****     HAL_GPIO_DeInit(GPIOA, USART_TX_Pin|USART_RX_Pin);
 484              		.loc 1 225 5 view .LVU124
 485 0018 0C21     		movs	r1, #12
 486 001a 0548     		ldr	r0, .L35+8
 487              	.LVL18:
 488              		.loc 1 225 5 is_stmt 0 view .LVU125
 489 001c FFF7FEFF 		bl	HAL_GPIO_DeInit
 490              	.LVL19:
 226:Core/Src/stm32f4xx_hal_msp.c **** 
 227:Core/Src/stm32f4xx_hal_msp.c ****     /* USART2 DMA DeInit */
 228:Core/Src/stm32f4xx_hal_msp.c ****     HAL_DMA_DeInit(huart->hdmatx);
 491              		.loc 1 228 5 is_stmt 1 view .LVU126
 492 0020 606B     		ldr	r0, [r4, #52]
 493 0022 FFF7FEFF 		bl	HAL_DMA_DeInit
 494              	.LVL20:
 229:Core/Src/stm32f4xx_hal_msp.c ****   /* USER CODE BEGIN USART2_MspDeInit 1 */
 230:Core/Src/stm32f4xx_hal_msp.c **** 
 231:Core/Src/stm32f4xx_hal_msp.c ****   /* USER CODE END USART2_MspDeInit 1 */
 232:Core/Src/stm32f4xx_hal_msp.c ****   }
 233:Core/Src/stm32f4xx_hal_msp.c **** 
 234:Core/Src/stm32f4xx_hal_msp.c **** }
 495              		.loc 1 234 1 is_stmt 0 view .LVU127
 496 0026 10BD     		pop	{r4, pc}
 497              	.LVL21:
ARM GAS  C:\Users\samue\AppData\Local\Temp\ccUC9bJK.s 			page 15


 498              	.L36:
 499              		.loc 1 234 1 view .LVU128
 500              		.align	2
 501              	.L35:
 502 0028 00440040 		.word	1073759232
 503 002c 00380240 		.word	1073887232
 504 0030 00000240 		.word	1073872896
 505              		.cfi_endproc
 506              	.LFE134:
 508              		.text
 509              	.Letext0:
 510              		.file 2 "c:\\dev_tools\\gcc-arm-none-eabi-10.3-2021.10-win32\\gcc-arm-none-eabi-10.3-2021.10\\arm-
 511              		.file 3 "c:\\dev_tools\\gcc-arm-none-eabi-10.3-2021.10-win32\\gcc-arm-none-eabi-10.3-2021.10\\arm-
 512              		.file 4 "Drivers/CMSIS/Device/ST/STM32F4xx/Include/stm32f411xe.h"
 513              		.file 5 "Drivers/STM32F4xx_HAL_Driver/Inc/stm32f4xx_hal_def.h"
 514              		.file 6 "Drivers/STM32F4xx_HAL_Driver/Inc/stm32f4xx_hal_gpio.h"
 515              		.file 7 "Drivers/STM32F4xx_HAL_Driver/Inc/stm32f4xx_hal_dma.h"
 516              		.file 8 "Drivers/STM32F4xx_HAL_Driver/Inc/stm32f4xx_hal_i2c.h"
 517              		.file 9 "Drivers/STM32F4xx_HAL_Driver/Inc/stm32f4xx_hal_uart.h"
 518              		.file 10 "Core/Inc/main.h"
 519              		.file 11 "Drivers/STM32F4xx_HAL_Driver/Inc/stm32f4xx_hal_cortex.h"
ARM GAS  C:\Users\samue\AppData\Local\Temp\ccUC9bJK.s 			page 16


DEFINED SYMBOLS
                            *ABS*:00000000 stm32f4xx_hal_msp.c
C:\Users\samue\AppData\Local\Temp\ccUC9bJK.s:20     .text.HAL_MspInit:00000000 $t
C:\Users\samue\AppData\Local\Temp\ccUC9bJK.s:26     .text.HAL_MspInit:00000000 HAL_MspInit
C:\Users\samue\AppData\Local\Temp\ccUC9bJK.s:87     .text.HAL_MspInit:0000003c $d
C:\Users\samue\AppData\Local\Temp\ccUC9bJK.s:92     .text.HAL_I2C_MspInit:00000000 $t
C:\Users\samue\AppData\Local\Temp\ccUC9bJK.s:98     .text.HAL_I2C_MspInit:00000000 HAL_I2C_MspInit
C:\Users\samue\AppData\Local\Temp\ccUC9bJK.s:206    .text.HAL_I2C_MspInit:00000064 $d
C:\Users\samue\AppData\Local\Temp\ccUC9bJK.s:213    .text.HAL_I2C_MspDeInit:00000000 $t
C:\Users\samue\AppData\Local\Temp\ccUC9bJK.s:219    .text.HAL_I2C_MspDeInit:00000000 HAL_I2C_MspDeInit
C:\Users\samue\AppData\Local\Temp\ccUC9bJK.s:264    .text.HAL_I2C_MspDeInit:0000002c $d
C:\Users\samue\AppData\Local\Temp\ccUC9bJK.s:271    .text.HAL_UART_MspInit:00000000 $t
C:\Users\samue\AppData\Local\Temp\ccUC9bJK.s:277    .text.HAL_UART_MspInit:00000000 HAL_UART_MspInit
C:\Users\samue\AppData\Local\Temp\ccUC9bJK.s:442    .text.HAL_UART_MspInit:000000a0 $d
C:\Users\samue\AppData\Local\Temp\ccUC9bJK.s:450    .text.HAL_UART_MspDeInit:00000000 $t
C:\Users\samue\AppData\Local\Temp\ccUC9bJK.s:456    .text.HAL_UART_MspDeInit:00000000 HAL_UART_MspDeInit
C:\Users\samue\AppData\Local\Temp\ccUC9bJK.s:502    .text.HAL_UART_MspDeInit:00000028 $d

UNDEFINED SYMBOLS
HAL_NVIC_SetPriorityGrouping
HAL_GPIO_Init
HAL_GPIO_DeInit
HAL_DMA_Init
Error_Handler
hdma_usart2_tx
HAL_DMA_DeInit
