ARM GAS  C:\Users\samue\AppData\Local\Temp\ccSUJLHo.s 			page 1


   1              		.cpu cortex-m4
   2              		.arch armv7e-m
   3              		.fpu fpv4-sp-d16
   4              		.eabi_attribute 27, 1
   5              		.eabi_attribute 28, 1
   6              		.eabi_attribute 20, 1
   7              		.eabi_attribute 21, 1
   8              		.eabi_attribute 23, 3
   9              		.eabi_attribute 24, 1
  10              		.eabi_attribute 25, 1
  11              		.eabi_attribute 26, 1
  12              		.eabi_attribute 30, 1
  13              		.eabi_attribute 34, 1
  14              		.eabi_attribute 18, 4
  15              		.file	"stm32f4xx_it.c"
  16              		.text
  17              	.Ltext0:
  18              		.cfi_sections	.debug_frame
  19              		.section	.text.SDTimer_Handler,"ax",%progbits
  20              		.align	1
  21              		.global	SDTimer_Handler
  22              		.syntax unified
  23              		.thumb
  24              		.thumb_func
  26              	SDTimer_Handler:
  27              	.LFB130:
  28              		.file 1 "Core/Src/stm32f4xx_it.c"
   1:Core/Src/stm32f4xx_it.c **** /* USER CODE BEGIN Header */
   2:Core/Src/stm32f4xx_it.c **** /**
   3:Core/Src/stm32f4xx_it.c ****   ******************************************************************************
   4:Core/Src/stm32f4xx_it.c ****   * @file    stm32f4xx_it.c
   5:Core/Src/stm32f4xx_it.c ****   * @brief   Interrupt Service Routines.
   6:Core/Src/stm32f4xx_it.c ****   ******************************************************************************
   7:Core/Src/stm32f4xx_it.c ****   * @attention
   8:Core/Src/stm32f4xx_it.c ****   *
   9:Core/Src/stm32f4xx_it.c ****   * <h2><center>&copy; Copyright (c) 2021 STMicroelectronics.
  10:Core/Src/stm32f4xx_it.c ****   * All rights reserved.</center></h2>
  11:Core/Src/stm32f4xx_it.c ****   *
  12:Core/Src/stm32f4xx_it.c ****   * This software component is licensed by ST under BSD 3-Clause license,
  13:Core/Src/stm32f4xx_it.c ****   * the "License"; You may not use this file except in compliance with the
  14:Core/Src/stm32f4xx_it.c ****   * License. You may obtain a copy of the License at:
  15:Core/Src/stm32f4xx_it.c ****   *                        opensource.org/licenses/BSD-3-Clause
  16:Core/Src/stm32f4xx_it.c ****   *
  17:Core/Src/stm32f4xx_it.c ****   ******************************************************************************
  18:Core/Src/stm32f4xx_it.c ****   */
  19:Core/Src/stm32f4xx_it.c **** /* USER CODE END Header */
  20:Core/Src/stm32f4xx_it.c **** 
  21:Core/Src/stm32f4xx_it.c **** /* Includes ------------------------------------------------------------------*/
  22:Core/Src/stm32f4xx_it.c **** #include "main.h"
  23:Core/Src/stm32f4xx_it.c **** #include "stm32f4xx_it.h"
  24:Core/Src/stm32f4xx_it.c **** /* Private includes ----------------------------------------------------------*/
  25:Core/Src/stm32f4xx_it.c **** /* USER CODE BEGIN Includes */
  26:Core/Src/stm32f4xx_it.c **** /* USER CODE END Includes */
  27:Core/Src/stm32f4xx_it.c **** 
  28:Core/Src/stm32f4xx_it.c **** /* Private typedef -----------------------------------------------------------*/
  29:Core/Src/stm32f4xx_it.c **** /* USER CODE BEGIN TD */
  30:Core/Src/stm32f4xx_it.c **** 
ARM GAS  C:\Users\samue\AppData\Local\Temp\ccSUJLHo.s 			page 2


  31:Core/Src/stm32f4xx_it.c **** /* USER CODE END TD */
  32:Core/Src/stm32f4xx_it.c **** 
  33:Core/Src/stm32f4xx_it.c **** /* Private define ------------------------------------------------------------*/
  34:Core/Src/stm32f4xx_it.c **** /* USER CODE BEGIN PD */
  35:Core/Src/stm32f4xx_it.c **** 
  36:Core/Src/stm32f4xx_it.c **** /* USER CODE END PD */
  37:Core/Src/stm32f4xx_it.c **** 
  38:Core/Src/stm32f4xx_it.c **** /* Private macro -------------------------------------------------------------*/
  39:Core/Src/stm32f4xx_it.c **** /* USER CODE BEGIN PM */
  40:Core/Src/stm32f4xx_it.c **** 
  41:Core/Src/stm32f4xx_it.c **** /* USER CODE END PM */
  42:Core/Src/stm32f4xx_it.c **** 
  43:Core/Src/stm32f4xx_it.c **** /* Private variables ---------------------------------------------------------*/
  44:Core/Src/stm32f4xx_it.c **** /* USER CODE BEGIN PV */
  45:Core/Src/stm32f4xx_it.c **** 
  46:Core/Src/stm32f4xx_it.c **** /* USER CODE END PV */
  47:Core/Src/stm32f4xx_it.c **** 
  48:Core/Src/stm32f4xx_it.c **** /* Private function prototypes -----------------------------------------------*/
  49:Core/Src/stm32f4xx_it.c **** /* USER CODE BEGIN PFP */
  50:Core/Src/stm32f4xx_it.c **** 
  51:Core/Src/stm32f4xx_it.c **** /* USER CODE END PFP */
  52:Core/Src/stm32f4xx_it.c **** 
  53:Core/Src/stm32f4xx_it.c **** /* Private user code ---------------------------------------------------------*/
  54:Core/Src/stm32f4xx_it.c **** /* USER CODE BEGIN 0 */
  55:Core/Src/stm32f4xx_it.c **** 
  56:Core/Src/stm32f4xx_it.c **** volatile uint8_t FatFsCnt = 0;
  57:Core/Src/stm32f4xx_it.c **** volatile uint8_t Timer1, Timer2;
  58:Core/Src/stm32f4xx_it.c **** 
  59:Core/Src/stm32f4xx_it.c **** void SDTimer_Handler(void) {
  29              		.loc 1 59 28 view -0
  30              		.cfi_startproc
  31              		@ args = 0, pretend = 0, frame = 0
  32              		@ frame_needed = 0, uses_anonymous_args = 0
  33              		@ link register save eliminated.
  60:Core/Src/stm32f4xx_it.c ****   if (Timer1 > 0) {
  34              		.loc 1 60 3 view .LVU1
  35              		.loc 1 60 14 is_stmt 0 view .LVU2
  36 0000 084B     		ldr	r3, .L4
  37 0002 1B78     		ldrb	r3, [r3]	@ zero_extendqisi2
  38              		.loc 1 60 6 view .LVU3
  39 0004 23B1     		cbz	r3, .L2
  61:Core/Src/stm32f4xx_it.c ****     Timer1--;
  40              		.loc 1 61 5 is_stmt 1 view .LVU4
  41              		.loc 1 61 11 is_stmt 0 view .LVU5
  42 0006 074A     		ldr	r2, .L4
  43 0008 1378     		ldrb	r3, [r2]	@ zero_extendqisi2
  44 000a 013B     		subs	r3, r3, #1
  45 000c DBB2     		uxtb	r3, r3
  46 000e 1370     		strb	r3, [r2]
  47              	.L2:
  62:Core/Src/stm32f4xx_it.c ****   }
  63:Core/Src/stm32f4xx_it.c ****   if (Timer2 > 0) {
  48              		.loc 1 63 3 is_stmt 1 view .LVU6
  49              		.loc 1 63 14 is_stmt 0 view .LVU7
  50 0010 054B     		ldr	r3, .L4+4
  51 0012 1B78     		ldrb	r3, [r3]	@ zero_extendqisi2
  52              		.loc 1 63 6 view .LVU8
ARM GAS  C:\Users\samue\AppData\Local\Temp\ccSUJLHo.s 			page 3


  53 0014 23B1     		cbz	r3, .L1
  64:Core/Src/stm32f4xx_it.c ****     Timer2--;
  54              		.loc 1 64 5 is_stmt 1 view .LVU9
  55              		.loc 1 64 11 is_stmt 0 view .LVU10
  56 0016 044A     		ldr	r2, .L4+4
  57 0018 1378     		ldrb	r3, [r2]	@ zero_extendqisi2
  58 001a 013B     		subs	r3, r3, #1
  59 001c DBB2     		uxtb	r3, r3
  60 001e 1370     		strb	r3, [r2]
  61              	.L1:
  65:Core/Src/stm32f4xx_it.c ****   }
  66:Core/Src/stm32f4xx_it.c **** }
  62              		.loc 1 66 1 view .LVU11
  63 0020 7047     		bx	lr
  64              	.L5:
  65 0022 00BF     		.align	2
  66              	.L4:
  67 0024 00000000 		.word	.LANCHOR0
  68 0028 00000000 		.word	.LANCHOR1
  69              		.cfi_endproc
  70              	.LFE130:
  72              		.section	.text.NMI_Handler,"ax",%progbits
  73              		.align	1
  74              		.global	NMI_Handler
  75              		.syntax unified
  76              		.thumb
  77              		.thumb_func
  79              	NMI_Handler:
  80              	.LFB131:
  67:Core/Src/stm32f4xx_it.c **** 
  68:Core/Src/stm32f4xx_it.c **** /* USER CODE END 0 */
  69:Core/Src/stm32f4xx_it.c **** 
  70:Core/Src/stm32f4xx_it.c **** /* External variables --------------------------------------------------------*/
  71:Core/Src/stm32f4xx_it.c **** extern DMA_HandleTypeDef hdma_usart2_tx;
  72:Core/Src/stm32f4xx_it.c **** /* USER CODE BEGIN EV */
  73:Core/Src/stm32f4xx_it.c **** 
  74:Core/Src/stm32f4xx_it.c **** /* USER CODE END EV */
  75:Core/Src/stm32f4xx_it.c **** 
  76:Core/Src/stm32f4xx_it.c **** /******************************************************************************/
  77:Core/Src/stm32f4xx_it.c **** /*           Cortex-M4 Processor Interruption and Exception Handlers          */
  78:Core/Src/stm32f4xx_it.c **** /******************************************************************************/
  79:Core/Src/stm32f4xx_it.c **** /**
  80:Core/Src/stm32f4xx_it.c ****   * @brief This function handles Non maskable interrupt.
  81:Core/Src/stm32f4xx_it.c ****   */
  82:Core/Src/stm32f4xx_it.c **** void NMI_Handler(void)
  83:Core/Src/stm32f4xx_it.c **** {
  81              		.loc 1 83 1 is_stmt 1 view -0
  82              		.cfi_startproc
  83              		@ Volatile: function does not return.
  84              		@ args = 0, pretend = 0, frame = 0
  85              		@ frame_needed = 0, uses_anonymous_args = 0
  86              		@ link register save eliminated.
  87              	.L7:
  84:Core/Src/stm32f4xx_it.c ****   /* USER CODE BEGIN NonMaskableInt_IRQn 0 */
  85:Core/Src/stm32f4xx_it.c **** 
  86:Core/Src/stm32f4xx_it.c ****   /* USER CODE END NonMaskableInt_IRQn 0 */
  87:Core/Src/stm32f4xx_it.c ****   /* USER CODE BEGIN NonMaskableInt_IRQn 1 */
ARM GAS  C:\Users\samue\AppData\Local\Temp\ccSUJLHo.s 			page 4


  88:Core/Src/stm32f4xx_it.c ****   while (1)
  88              		.loc 1 88 3 discriminator 1 view .LVU13
  89:Core/Src/stm32f4xx_it.c ****   {
  90:Core/Src/stm32f4xx_it.c ****   }
  89              		.loc 1 90 3 discriminator 1 view .LVU14
  88:Core/Src/stm32f4xx_it.c ****   {
  90              		.loc 1 88 9 discriminator 1 view .LVU15
  91 0000 FEE7     		b	.L7
  92              		.cfi_endproc
  93              	.LFE131:
  95              		.section	.text.HardFault_Handler,"ax",%progbits
  96              		.align	1
  97              		.global	HardFault_Handler
  98              		.syntax unified
  99              		.thumb
 100              		.thumb_func
 102              	HardFault_Handler:
 103              	.LFB132:
  91:Core/Src/stm32f4xx_it.c ****   /* USER CODE END NonMaskableInt_IRQn 1 */
  92:Core/Src/stm32f4xx_it.c **** }
  93:Core/Src/stm32f4xx_it.c **** 
  94:Core/Src/stm32f4xx_it.c **** /**
  95:Core/Src/stm32f4xx_it.c ****   * @brief This function handles Hard fault interrupt.
  96:Core/Src/stm32f4xx_it.c ****   */
  97:Core/Src/stm32f4xx_it.c **** void HardFault_Handler(void)
  98:Core/Src/stm32f4xx_it.c **** {
 104              		.loc 1 98 1 view -0
 105              		.cfi_startproc
 106              		@ Volatile: function does not return.
 107              		@ args = 0, pretend = 0, frame = 0
 108              		@ frame_needed = 0, uses_anonymous_args = 0
 109              		@ link register save eliminated.
 110              	.L9:
  99:Core/Src/stm32f4xx_it.c ****   /* USER CODE BEGIN HardFault_IRQn 0 */
 100:Core/Src/stm32f4xx_it.c **** 
 101:Core/Src/stm32f4xx_it.c ****   /* USER CODE END HardFault_IRQn 0 */
 102:Core/Src/stm32f4xx_it.c ****   while (1)
 111              		.loc 1 102 3 discriminator 1 view .LVU17
 103:Core/Src/stm32f4xx_it.c ****   {
 104:Core/Src/stm32f4xx_it.c ****     /* USER CODE BEGIN W1_HardFault_IRQn 0 */
 105:Core/Src/stm32f4xx_it.c ****     /* USER CODE END W1_HardFault_IRQn 0 */
 106:Core/Src/stm32f4xx_it.c ****   }
 112              		.loc 1 106 3 discriminator 1 view .LVU18
 102:Core/Src/stm32f4xx_it.c ****   {
 113              		.loc 1 102 9 discriminator 1 view .LVU19
 114 0000 FEE7     		b	.L9
 115              		.cfi_endproc
 116              	.LFE132:
 118              		.section	.text.MemManage_Handler,"ax",%progbits
 119              		.align	1
 120              		.global	MemManage_Handler
 121              		.syntax unified
 122              		.thumb
 123              		.thumb_func
 125              	MemManage_Handler:
 126              	.LFB133:
 107:Core/Src/stm32f4xx_it.c **** }
ARM GAS  C:\Users\samue\AppData\Local\Temp\ccSUJLHo.s 			page 5


 108:Core/Src/stm32f4xx_it.c **** 
 109:Core/Src/stm32f4xx_it.c **** /**
 110:Core/Src/stm32f4xx_it.c ****   * @brief This function handles Memory management fault.
 111:Core/Src/stm32f4xx_it.c ****   */
 112:Core/Src/stm32f4xx_it.c **** void MemManage_Handler(void)
 113:Core/Src/stm32f4xx_it.c **** {
 127              		.loc 1 113 1 view -0
 128              		.cfi_startproc
 129              		@ Volatile: function does not return.
 130              		@ args = 0, pretend = 0, frame = 0
 131              		@ frame_needed = 0, uses_anonymous_args = 0
 132              		@ link register save eliminated.
 133              	.L11:
 114:Core/Src/stm32f4xx_it.c ****   /* USER CODE BEGIN MemoryManagement_IRQn 0 */
 115:Core/Src/stm32f4xx_it.c **** 
 116:Core/Src/stm32f4xx_it.c ****   /* USER CODE END MemoryManagement_IRQn 0 */
 117:Core/Src/stm32f4xx_it.c ****   while (1)
 134              		.loc 1 117 3 discriminator 1 view .LVU21
 118:Core/Src/stm32f4xx_it.c ****   {
 119:Core/Src/stm32f4xx_it.c ****     /* USER CODE BEGIN W1_MemoryManagement_IRQn 0 */
 120:Core/Src/stm32f4xx_it.c ****     /* USER CODE END W1_MemoryManagement_IRQn 0 */
 121:Core/Src/stm32f4xx_it.c ****   }
 135              		.loc 1 121 3 discriminator 1 view .LVU22
 117:Core/Src/stm32f4xx_it.c ****   {
 136              		.loc 1 117 9 discriminator 1 view .LVU23
 137 0000 FEE7     		b	.L11
 138              		.cfi_endproc
 139              	.LFE133:
 141              		.section	.text.BusFault_Handler,"ax",%progbits
 142              		.align	1
 143              		.global	BusFault_Handler
 144              		.syntax unified
 145              		.thumb
 146              		.thumb_func
 148              	BusFault_Handler:
 149              	.LFB134:
 122:Core/Src/stm32f4xx_it.c **** }
 123:Core/Src/stm32f4xx_it.c **** 
 124:Core/Src/stm32f4xx_it.c **** /**
 125:Core/Src/stm32f4xx_it.c ****   * @brief This function handles Pre-fetch fault, memory access fault.
 126:Core/Src/stm32f4xx_it.c ****   */
 127:Core/Src/stm32f4xx_it.c **** void BusFault_Handler(void)
 128:Core/Src/stm32f4xx_it.c **** {
 150              		.loc 1 128 1 view -0
 151              		.cfi_startproc
 152              		@ Volatile: function does not return.
 153              		@ args = 0, pretend = 0, frame = 0
 154              		@ frame_needed = 0, uses_anonymous_args = 0
 155              		@ link register save eliminated.
 156              	.L13:
 129:Core/Src/stm32f4xx_it.c ****   /* USER CODE BEGIN BusFault_IRQn 0 */
 130:Core/Src/stm32f4xx_it.c **** 
 131:Core/Src/stm32f4xx_it.c ****   /* USER CODE END BusFault_IRQn 0 */
 132:Core/Src/stm32f4xx_it.c ****   while (1)
 157              		.loc 1 132 3 discriminator 1 view .LVU25
 133:Core/Src/stm32f4xx_it.c ****   {
 134:Core/Src/stm32f4xx_it.c ****     /* USER CODE BEGIN W1_BusFault_IRQn 0 */
ARM GAS  C:\Users\samue\AppData\Local\Temp\ccSUJLHo.s 			page 6


 135:Core/Src/stm32f4xx_it.c ****     /* USER CODE END W1_BusFault_IRQn 0 */
 136:Core/Src/stm32f4xx_it.c ****   }
 158              		.loc 1 136 3 discriminator 1 view .LVU26
 132:Core/Src/stm32f4xx_it.c ****   {
 159              		.loc 1 132 9 discriminator 1 view .LVU27
 160 0000 FEE7     		b	.L13
 161              		.cfi_endproc
 162              	.LFE134:
 164              		.section	.text.UsageFault_Handler,"ax",%progbits
 165              		.align	1
 166              		.global	UsageFault_Handler
 167              		.syntax unified
 168              		.thumb
 169              		.thumb_func
 171              	UsageFault_Handler:
 172              	.LFB135:
 137:Core/Src/stm32f4xx_it.c **** }
 138:Core/Src/stm32f4xx_it.c **** 
 139:Core/Src/stm32f4xx_it.c **** /**
 140:Core/Src/stm32f4xx_it.c ****   * @brief This function handles Undefined instruction or illegal state.
 141:Core/Src/stm32f4xx_it.c ****   */
 142:Core/Src/stm32f4xx_it.c **** void UsageFault_Handler(void)
 143:Core/Src/stm32f4xx_it.c **** {
 173              		.loc 1 143 1 view -0
 174              		.cfi_startproc
 175              		@ Volatile: function does not return.
 176              		@ args = 0, pretend = 0, frame = 0
 177              		@ frame_needed = 0, uses_anonymous_args = 0
 178              		@ link register save eliminated.
 179              	.L15:
 144:Core/Src/stm32f4xx_it.c ****   /* USER CODE BEGIN UsageFault_IRQn 0 */
 145:Core/Src/stm32f4xx_it.c **** 
 146:Core/Src/stm32f4xx_it.c ****   /* USER CODE END UsageFault_IRQn 0 */
 147:Core/Src/stm32f4xx_it.c ****   while (1)
 180              		.loc 1 147 3 discriminator 1 view .LVU29
 148:Core/Src/stm32f4xx_it.c ****   {
 149:Core/Src/stm32f4xx_it.c ****     /* USER CODE BEGIN W1_UsageFault_IRQn 0 */
 150:Core/Src/stm32f4xx_it.c ****     /* USER CODE END W1_UsageFault_IRQn 0 */
 151:Core/Src/stm32f4xx_it.c ****   }
 181              		.loc 1 151 3 discriminator 1 view .LVU30
 147:Core/Src/stm32f4xx_it.c ****   {
 182              		.loc 1 147 9 discriminator 1 view .LVU31
 183 0000 FEE7     		b	.L15
 184              		.cfi_endproc
 185              	.LFE135:
 187              		.section	.text.SVC_Handler,"ax",%progbits
 188              		.align	1
 189              		.global	SVC_Handler
 190              		.syntax unified
 191              		.thumb
 192              		.thumb_func
 194              	SVC_Handler:
 195              	.LFB136:
 152:Core/Src/stm32f4xx_it.c **** }
 153:Core/Src/stm32f4xx_it.c **** 
 154:Core/Src/stm32f4xx_it.c **** /**
 155:Core/Src/stm32f4xx_it.c ****   * @brief This function handles System service call via SWI instruction.
ARM GAS  C:\Users\samue\AppData\Local\Temp\ccSUJLHo.s 			page 7


 156:Core/Src/stm32f4xx_it.c ****   */
 157:Core/Src/stm32f4xx_it.c **** void SVC_Handler(void)
 158:Core/Src/stm32f4xx_it.c **** {
 196              		.loc 1 158 1 view -0
 197              		.cfi_startproc
 198              		@ args = 0, pretend = 0, frame = 0
 199              		@ frame_needed = 0, uses_anonymous_args = 0
 200              		@ link register save eliminated.
 159:Core/Src/stm32f4xx_it.c ****   /* USER CODE BEGIN SVCall_IRQn 0 */
 160:Core/Src/stm32f4xx_it.c **** 
 161:Core/Src/stm32f4xx_it.c ****   /* USER CODE END SVCall_IRQn 0 */
 162:Core/Src/stm32f4xx_it.c ****   /* USER CODE BEGIN SVCall_IRQn 1 */
 163:Core/Src/stm32f4xx_it.c **** 
 164:Core/Src/stm32f4xx_it.c ****   /* USER CODE END SVCall_IRQn 1 */
 165:Core/Src/stm32f4xx_it.c **** }
 201              		.loc 1 165 1 view .LVU33
 202 0000 7047     		bx	lr
 203              		.cfi_endproc
 204              	.LFE136:
 206              		.section	.text.DebugMon_Handler,"ax",%progbits
 207              		.align	1
 208              		.global	DebugMon_Handler
 209              		.syntax unified
 210              		.thumb
 211              		.thumb_func
 213              	DebugMon_Handler:
 214              	.LFB137:
 166:Core/Src/stm32f4xx_it.c **** 
 167:Core/Src/stm32f4xx_it.c **** /**
 168:Core/Src/stm32f4xx_it.c ****   * @brief This function handles Debug monitor.
 169:Core/Src/stm32f4xx_it.c ****   */
 170:Core/Src/stm32f4xx_it.c **** void DebugMon_Handler(void)
 171:Core/Src/stm32f4xx_it.c **** {
 215              		.loc 1 171 1 view -0
 216              		.cfi_startproc
 217              		@ args = 0, pretend = 0, frame = 0
 218              		@ frame_needed = 0, uses_anonymous_args = 0
 219              		@ link register save eliminated.
 172:Core/Src/stm32f4xx_it.c ****   /* USER CODE BEGIN DebugMonitor_IRQn 0 */
 173:Core/Src/stm32f4xx_it.c **** 
 174:Core/Src/stm32f4xx_it.c ****   /* USER CODE END DebugMonitor_IRQn 0 */
 175:Core/Src/stm32f4xx_it.c ****   /* USER CODE BEGIN DebugMonitor_IRQn 1 */
 176:Core/Src/stm32f4xx_it.c **** 
 177:Core/Src/stm32f4xx_it.c ****   /* USER CODE END DebugMonitor_IRQn 1 */
 178:Core/Src/stm32f4xx_it.c **** }
 220              		.loc 1 178 1 view .LVU35
 221 0000 7047     		bx	lr
 222              		.cfi_endproc
 223              	.LFE137:
 225              		.section	.text.PendSV_Handler,"ax",%progbits
 226              		.align	1
 227              		.global	PendSV_Handler
 228              		.syntax unified
 229              		.thumb
 230              		.thumb_func
 232              	PendSV_Handler:
 233              	.LFB138:
ARM GAS  C:\Users\samue\AppData\Local\Temp\ccSUJLHo.s 			page 8


 179:Core/Src/stm32f4xx_it.c **** 
 180:Core/Src/stm32f4xx_it.c **** /**
 181:Core/Src/stm32f4xx_it.c ****   * @brief This function handles Pendable request for system service.
 182:Core/Src/stm32f4xx_it.c ****   */
 183:Core/Src/stm32f4xx_it.c **** void PendSV_Handler(void)
 184:Core/Src/stm32f4xx_it.c **** {
 234              		.loc 1 184 1 view -0
 235              		.cfi_startproc
 236              		@ args = 0, pretend = 0, frame = 0
 237              		@ frame_needed = 0, uses_anonymous_args = 0
 238              		@ link register save eliminated.
 185:Core/Src/stm32f4xx_it.c ****   /* USER CODE BEGIN PendSV_IRQn 0 */
 186:Core/Src/stm32f4xx_it.c **** 
 187:Core/Src/stm32f4xx_it.c ****   /* USER CODE END PendSV_IRQn 0 */
 188:Core/Src/stm32f4xx_it.c ****   /* USER CODE BEGIN PendSV_IRQn 1 */
 189:Core/Src/stm32f4xx_it.c **** 
 190:Core/Src/stm32f4xx_it.c ****   /* USER CODE END PendSV_IRQn 1 */
 191:Core/Src/stm32f4xx_it.c **** }
 239              		.loc 1 191 1 view .LVU37
 240 0000 7047     		bx	lr
 241              		.cfi_endproc
 242              	.LFE138:
 244              		.section	.text.SysTick_Handler,"ax",%progbits
 245              		.align	1
 246              		.global	SysTick_Handler
 247              		.syntax unified
 248              		.thumb
 249              		.thumb_func
 251              	SysTick_Handler:
 252              	.LFB139:
 192:Core/Src/stm32f4xx_it.c **** 
 193:Core/Src/stm32f4xx_it.c **** /**
 194:Core/Src/stm32f4xx_it.c ****   * @brief This function handles System tick timer.
 195:Core/Src/stm32f4xx_it.c ****   */
 196:Core/Src/stm32f4xx_it.c **** void SysTick_Handler(void)
 197:Core/Src/stm32f4xx_it.c **** {
 253              		.loc 1 197 1 view -0
 254              		.cfi_startproc
 255              		@ args = 0, pretend = 0, frame = 0
 256              		@ frame_needed = 0, uses_anonymous_args = 0
 257 0000 08B5     		push	{r3, lr}
 258              	.LCFI0:
 259              		.cfi_def_cfa_offset 8
 260              		.cfi_offset 3, -8
 261              		.cfi_offset 14, -4
 198:Core/Src/stm32f4xx_it.c ****   /* USER CODE BEGIN SysTick_IRQn 0 */
 199:Core/Src/stm32f4xx_it.c **** 
 200:Core/Src/stm32f4xx_it.c ****   FatFsCnt++;
 262              		.loc 1 200 3 view .LVU39
 263              		.loc 1 200 11 is_stmt 0 view .LVU40
 264 0002 094A     		ldr	r2, .L23
 265 0004 1378     		ldrb	r3, [r2]	@ zero_extendqisi2
 266 0006 0133     		adds	r3, r3, #1
 267 0008 DBB2     		uxtb	r3, r3
 268 000a 1370     		strb	r3, [r2]
 201:Core/Src/stm32f4xx_it.c **** 
 202:Core/Src/stm32f4xx_it.c ****   if (FatFsCnt >= 10) {
ARM GAS  C:\Users\samue\AppData\Local\Temp\ccSUJLHo.s 			page 9


 269              		.loc 1 202 3 is_stmt 1 view .LVU41
 270              		.loc 1 202 16 is_stmt 0 view .LVU42
 271 000c 1378     		ldrb	r3, [r2]	@ zero_extendqisi2
 272 000e DBB2     		uxtb	r3, r3
 273              		.loc 1 202 6 view .LVU43
 274 0010 092B     		cmp	r3, #9
 275 0012 02D8     		bhi	.L22
 276              	.L20:
 203:Core/Src/stm32f4xx_it.c ****     FatFsCnt = 0;
 204:Core/Src/stm32f4xx_it.c ****     SDTimer_Handler();
 205:Core/Src/stm32f4xx_it.c ****   }
 206:Core/Src/stm32f4xx_it.c **** 
 207:Core/Src/stm32f4xx_it.c ****   /* USER CODE END SysTick_IRQn 0 */
 208:Core/Src/stm32f4xx_it.c ****   HAL_IncTick();
 277              		.loc 1 208 3 is_stmt 1 view .LVU44
 278 0014 FFF7FEFF 		bl	HAL_IncTick
 279              	.LVL0:
 209:Core/Src/stm32f4xx_it.c ****   /* USER CODE BEGIN SysTick_IRQn 1 */
 210:Core/Src/stm32f4xx_it.c **** 
 211:Core/Src/stm32f4xx_it.c ****   /* USER CODE END SysTick_IRQn 1 */
 212:Core/Src/stm32f4xx_it.c **** }
 280              		.loc 1 212 1 is_stmt 0 view .LVU45
 281 0018 08BD     		pop	{r3, pc}
 282              	.L22:
 203:Core/Src/stm32f4xx_it.c ****     FatFsCnt = 0;
 283              		.loc 1 203 5 is_stmt 1 view .LVU46
 203:Core/Src/stm32f4xx_it.c ****     FatFsCnt = 0;
 284              		.loc 1 203 14 is_stmt 0 view .LVU47
 285 001a 1346     		mov	r3, r2
 286 001c 0022     		movs	r2, #0
 287 001e 1A70     		strb	r2, [r3]
 204:Core/Src/stm32f4xx_it.c ****   }
 288              		.loc 1 204 5 is_stmt 1 view .LVU48
 289 0020 FFF7FEFF 		bl	SDTimer_Handler
 290              	.LVL1:
 291 0024 F6E7     		b	.L20
 292              	.L24:
 293 0026 00BF     		.align	2
 294              	.L23:
 295 0028 00000000 		.word	.LANCHOR2
 296              		.cfi_endproc
 297              	.LFE139:
 299              		.section	.text.EXTI2_IRQHandler,"ax",%progbits
 300              		.align	1
 301              		.global	EXTI2_IRQHandler
 302              		.syntax unified
 303              		.thumb
 304              		.thumb_func
 306              	EXTI2_IRQHandler:
 307              	.LFB140:
 213:Core/Src/stm32f4xx_it.c **** 
 214:Core/Src/stm32f4xx_it.c **** /******************************************************************************/
 215:Core/Src/stm32f4xx_it.c **** /* STM32F4xx Peripheral Interrupt Handlers                                    */
 216:Core/Src/stm32f4xx_it.c **** /* Add here the Interrupt Handlers for the used peripherals.                  */
 217:Core/Src/stm32f4xx_it.c **** /* For the available peripheral interrupt handler names,                      */
 218:Core/Src/stm32f4xx_it.c **** /* please refer to the startup file (startup_stm32f4xx.s).                    */
 219:Core/Src/stm32f4xx_it.c **** /******************************************************************************/
ARM GAS  C:\Users\samue\AppData\Local\Temp\ccSUJLHo.s 			page 10


 220:Core/Src/stm32f4xx_it.c **** 
 221:Core/Src/stm32f4xx_it.c **** /**
 222:Core/Src/stm32f4xx_it.c ****   * @brief This function handles EXTI line2 interrupt.
 223:Core/Src/stm32f4xx_it.c ****   */
 224:Core/Src/stm32f4xx_it.c **** void EXTI2_IRQHandler(void)
 225:Core/Src/stm32f4xx_it.c **** {
 308              		.loc 1 225 1 view -0
 309              		.cfi_startproc
 310              		@ args = 0, pretend = 0, frame = 0
 311              		@ frame_needed = 0, uses_anonymous_args = 0
 312 0000 08B5     		push	{r3, lr}
 313              	.LCFI1:
 314              		.cfi_def_cfa_offset 8
 315              		.cfi_offset 3, -8
 316              		.cfi_offset 14, -4
 226:Core/Src/stm32f4xx_it.c ****   /* USER CODE BEGIN EXTI2_IRQn 0 */
 227:Core/Src/stm32f4xx_it.c **** 
 228:Core/Src/stm32f4xx_it.c ****   /* USER CODE END EXTI2_IRQn 0 */
 229:Core/Src/stm32f4xx_it.c ****   HAL_GPIO_EXTI_IRQHandler(GPIO_PIN_2);
 317              		.loc 1 229 3 view .LVU50
 318 0002 0420     		movs	r0, #4
 319 0004 FFF7FEFF 		bl	HAL_GPIO_EXTI_IRQHandler
 320              	.LVL2:
 230:Core/Src/stm32f4xx_it.c ****   /* USER CODE BEGIN EXTI2_IRQn 1 */
 231:Core/Src/stm32f4xx_it.c **** 
 232:Core/Src/stm32f4xx_it.c ****   /* USER CODE END EXTI2_IRQn 1 */
 233:Core/Src/stm32f4xx_it.c **** }
 321              		.loc 1 233 1 is_stmt 0 view .LVU51
 322 0008 08BD     		pop	{r3, pc}
 323              		.cfi_endproc
 324              	.LFE140:
 326              		.section	.text.DMA1_Stream6_IRQHandler,"ax",%progbits
 327              		.align	1
 328              		.global	DMA1_Stream6_IRQHandler
 329              		.syntax unified
 330              		.thumb
 331              		.thumb_func
 333              	DMA1_Stream6_IRQHandler:
 334              	.LFB141:
 234:Core/Src/stm32f4xx_it.c **** 
 235:Core/Src/stm32f4xx_it.c **** /**
 236:Core/Src/stm32f4xx_it.c ****   * @brief This function handles DMA1 stream6 global interrupt.
 237:Core/Src/stm32f4xx_it.c ****   */
 238:Core/Src/stm32f4xx_it.c **** void DMA1_Stream6_IRQHandler(void)
 239:Core/Src/stm32f4xx_it.c **** {
 335              		.loc 1 239 1 is_stmt 1 view -0
 336              		.cfi_startproc
 337              		@ args = 0, pretend = 0, frame = 0
 338              		@ frame_needed = 0, uses_anonymous_args = 0
 339 0000 08B5     		push	{r3, lr}
 340              	.LCFI2:
 341              		.cfi_def_cfa_offset 8
 342              		.cfi_offset 3, -8
 343              		.cfi_offset 14, -4
 240:Core/Src/stm32f4xx_it.c ****   /* USER CODE BEGIN DMA1_Stream6_IRQn 0 */
 241:Core/Src/stm32f4xx_it.c **** 
 242:Core/Src/stm32f4xx_it.c ****   /* USER CODE END DMA1_Stream6_IRQn 0 */
ARM GAS  C:\Users\samue\AppData\Local\Temp\ccSUJLHo.s 			page 11


 243:Core/Src/stm32f4xx_it.c ****   HAL_DMA_IRQHandler(&hdma_usart2_tx);
 344              		.loc 1 243 3 view .LVU53
 345 0002 0248     		ldr	r0, .L29
 346 0004 FFF7FEFF 		bl	HAL_DMA_IRQHandler
 347              	.LVL3:
 244:Core/Src/stm32f4xx_it.c ****   /* USER CODE BEGIN DMA1_Stream6_IRQn 1 */
 245:Core/Src/stm32f4xx_it.c **** 
 246:Core/Src/stm32f4xx_it.c ****   /* USER CODE END DMA1_Stream6_IRQn 1 */
 247:Core/Src/stm32f4xx_it.c **** }
 348              		.loc 1 247 1 is_stmt 0 view .LVU54
 349 0008 08BD     		pop	{r3, pc}
 350              	.L30:
 351 000a 00BF     		.align	2
 352              	.L29:
 353 000c 00000000 		.word	hdma_usart2_tx
 354              		.cfi_endproc
 355              	.LFE141:
 357              		.global	Timer2
 358              		.global	Timer1
 359              		.global	FatFsCnt
 360              		.section	.bss.FatFsCnt,"aw",%nobits
 361              		.set	.LANCHOR2,. + 0
 364              	FatFsCnt:
 365 0000 00       		.space	1
 366              		.section	.bss.Timer1,"aw",%nobits
 367              		.set	.LANCHOR0,. + 0
 370              	Timer1:
 371 0000 00       		.space	1
 372              		.section	.bss.Timer2,"aw",%nobits
 373              		.set	.LANCHOR1,. + 0
 376              	Timer2:
 377 0000 00       		.space	1
 378              		.text
 379              	.Letext0:
 380              		.file 2 "c:\\dev_tools\\gcc-arm-none-eabi-10.3-2021.10-win32\\gcc-arm-none-eabi-10.3-2021.10\\arm-
 381              		.file 3 "c:\\dev_tools\\gcc-arm-none-eabi-10.3-2021.10-win32\\gcc-arm-none-eabi-10.3-2021.10\\arm-
 382              		.file 4 "Drivers/CMSIS/Device/ST/STM32F4xx/Include/stm32f411xe.h"
 383              		.file 5 "Drivers/STM32F4xx_HAL_Driver/Inc/stm32f4xx_hal_def.h"
 384              		.file 6 "Drivers/STM32F4xx_HAL_Driver/Inc/stm32f4xx_hal_dma.h"
 385              		.file 7 "Drivers/STM32F4xx_HAL_Driver/Inc/stm32f4xx_hal_gpio.h"
 386              		.file 8 "Drivers/STM32F4xx_HAL_Driver/Inc/stm32f4xx_hal.h"
ARM GAS  C:\Users\samue\AppData\Local\Temp\ccSUJLHo.s 			page 12


DEFINED SYMBOLS
                            *ABS*:00000000 stm32f4xx_it.c
C:\Users\samue\AppData\Local\Temp\ccSUJLHo.s:20     .text.SDTimer_Handler:00000000 $t
C:\Users\samue\AppData\Local\Temp\ccSUJLHo.s:26     .text.SDTimer_Handler:00000000 SDTimer_Handler
C:\Users\samue\AppData\Local\Temp\ccSUJLHo.s:67     .text.SDTimer_Handler:00000024 $d
C:\Users\samue\AppData\Local\Temp\ccSUJLHo.s:73     .text.NMI_Handler:00000000 $t
C:\Users\samue\AppData\Local\Temp\ccSUJLHo.s:79     .text.NMI_Handler:00000000 NMI_Handler
C:\Users\samue\AppData\Local\Temp\ccSUJLHo.s:96     .text.HardFault_Handler:00000000 $t
C:\Users\samue\AppData\Local\Temp\ccSUJLHo.s:102    .text.HardFault_Handler:00000000 HardFault_Handler
C:\Users\samue\AppData\Local\Temp\ccSUJLHo.s:119    .text.MemManage_Handler:00000000 $t
C:\Users\samue\AppData\Local\Temp\ccSUJLHo.s:125    .text.MemManage_Handler:00000000 MemManage_Handler
C:\Users\samue\AppData\Local\Temp\ccSUJLHo.s:142    .text.BusFault_Handler:00000000 $t
C:\Users\samue\AppData\Local\Temp\ccSUJLHo.s:148    .text.BusFault_Handler:00000000 BusFault_Handler
C:\Users\samue\AppData\Local\Temp\ccSUJLHo.s:165    .text.UsageFault_Handler:00000000 $t
C:\Users\samue\AppData\Local\Temp\ccSUJLHo.s:171    .text.UsageFault_Handler:00000000 UsageFault_Handler
C:\Users\samue\AppData\Local\Temp\ccSUJLHo.s:188    .text.SVC_Handler:00000000 $t
C:\Users\samue\AppData\Local\Temp\ccSUJLHo.s:194    .text.SVC_Handler:00000000 SVC_Handler
C:\Users\samue\AppData\Local\Temp\ccSUJLHo.s:207    .text.DebugMon_Handler:00000000 $t
C:\Users\samue\AppData\Local\Temp\ccSUJLHo.s:213    .text.DebugMon_Handler:00000000 DebugMon_Handler
C:\Users\samue\AppData\Local\Temp\ccSUJLHo.s:226    .text.PendSV_Handler:00000000 $t
C:\Users\samue\AppData\Local\Temp\ccSUJLHo.s:232    .text.PendSV_Handler:00000000 PendSV_Handler
C:\Users\samue\AppData\Local\Temp\ccSUJLHo.s:245    .text.SysTick_Handler:00000000 $t
C:\Users\samue\AppData\Local\Temp\ccSUJLHo.s:251    .text.SysTick_Handler:00000000 SysTick_Handler
C:\Users\samue\AppData\Local\Temp\ccSUJLHo.s:295    .text.SysTick_Handler:00000028 $d
C:\Users\samue\AppData\Local\Temp\ccSUJLHo.s:300    .text.EXTI2_IRQHandler:00000000 $t
C:\Users\samue\AppData\Local\Temp\ccSUJLHo.s:306    .text.EXTI2_IRQHandler:00000000 EXTI2_IRQHandler
C:\Users\samue\AppData\Local\Temp\ccSUJLHo.s:327    .text.DMA1_Stream6_IRQHandler:00000000 $t
C:\Users\samue\AppData\Local\Temp\ccSUJLHo.s:333    .text.DMA1_Stream6_IRQHandler:00000000 DMA1_Stream6_IRQHandler
C:\Users\samue\AppData\Local\Temp\ccSUJLHo.s:353    .text.DMA1_Stream6_IRQHandler:0000000c $d
C:\Users\samue\AppData\Local\Temp\ccSUJLHo.s:376    .bss.Timer2:00000000 Timer2
C:\Users\samue\AppData\Local\Temp\ccSUJLHo.s:370    .bss.Timer1:00000000 Timer1
C:\Users\samue\AppData\Local\Temp\ccSUJLHo.s:364    .bss.FatFsCnt:00000000 FatFsCnt
C:\Users\samue\AppData\Local\Temp\ccSUJLHo.s:365    .bss.FatFsCnt:00000000 $d
C:\Users\samue\AppData\Local\Temp\ccSUJLHo.s:371    .bss.Timer1:00000000 $d
C:\Users\samue\AppData\Local\Temp\ccSUJLHo.s:377    .bss.Timer2:00000000 $d

UNDEFINED SYMBOLS
HAL_IncTick
HAL_GPIO_EXTI_IRQHandler
HAL_DMA_IRQHandler
hdma_usart2_tx
